2026-05-23 21:12:35.174 [info] Python-envs extension version: 1.30.0
2026-05-23 21:12:35.174 [info] 
=== Python Envs Configuration Levels ===
2026-05-23 21:12:35.174 [info] {
  "section": "Python Envs Configuration Levels",
  "defaultEnvManager": {
    "workspaceFolderValue": "undefined",
    "workspaceValue": "undefined",
    "globalValue": "undefined",
    "defaultValue": "ms-python.python:venv"
  },
  "defaultPackageManager": {
    "workspaceFolderValue": "undefined",
    "workspaceValue": "undefined",
    "globalValue": "undefined",
    "defaultValue": "ms-python.python:pip"
  }
}
2026-05-23 21:12:35.174 [info] [pet] Starting Python Locator /home/corpxe/.vscode-oss/extensions/ms-python.python-2026.4.0-universal/python-env-tools/bin/pet server
2026-05-23 21:12:35.174 [info] Registering pyenv manager (environments will be discovered lazily)
2026-05-23 21:12:35.174 [info] Registering pipenv manager (environments will be discovered lazily)
2026-05-23 21:12:35.174 [info] Registering poetry manager (environments will be discovered lazily)
2026-05-23 21:12:35.174 [error] [pet] Process error: A system error occurred (spawn /home/corpxe/.vscode-oss/extensions/ms-python.python-2026.4.0-universal/python-env-tools/bin/pet ENOENT)
2026-05-23 21:12:35.177 [warning] [pet] Restarting Python Environment Tools (attempt 1/3, waiting 1000ms)
2026-05-23 21:12:36.190 [info] [pet] Starting Python Locator /home/corpxe/.vscode-oss/extensions/ms-python.python-2026.4.0-universal/python-env-tools/bin/pet server
2026-05-23 21:12:36.190 [info] [pet] Python Environment Tools restarted successfully
2026-05-23 21:12:36.193 [info] [pet] configure: Sending configuration update: {"workspaceDirectories":["/home/corpxe/Desktop/IIT-ds/Stats"],"environmentDirectories":["/home/corpxe/Desktop/IIT-ds/Stats/.venv","/home/corpxe/Desktop/IIT-ds/Stats/*/.venv"],"pipenvExecutable":"pipenv","poetryExecutable":"poetry","cacheDirectory":"/home/corpxe/.config/Code - OSS/User/globalStorage/ms-python.vscode-python-envs/pythonLocator"}
2026-05-23 21:12:36.193 [error] [pet] Process error: A system error occurred (spawn /home/corpxe/.vscode-oss/extensions/ms-python.python-2026.4.0-universal/python-env-tools/bin/pet ENOENT)
2026-05-23 21:13:06.195 [warning] [pet] Configure request timed out (attempt 1/2), will retry on next request without killing process
2026-05-23 21:13:06.195 [error] [pet] Error refreshing Request 'configure' timed out after 30000ms
2026-05-23 21:13:06.196 [info] Conda not found, turning off conda features. M: Request 'configure' timed out after 30000ms
    at Timeout.<anonymous> (/home/corpxe/.vscode-oss/extensions/ms-python.vscode-python-envs-1.30.0-universal/dist/extension.js:2:551628)
    at listOnTimeout (node:internal/timers:585:17)
    at processTimers (node:internal/timers:521:7) {
  method: 'configure'
}
2026-05-23 21:13:06.198 [info] [interpreterSelection] Applying initial environment selection for 1 workspace folder(s)
2026-05-23 21:13:06.199 [warning] [pet] Restarting Python Environment Tools (attempt 2/3, waiting 2000ms)
2026-05-23 21:13:08.216 [info] [pet] Starting Python Locator /home/corpxe/.vscode-oss/extensions/ms-python.python-2026.4.0-universal/python-env-tools/bin/pet server
2026-05-23 21:13:08.216 [info] [pet] Python Environment Tools restarted successfully
2026-05-23 21:13:08.217 [info] [pet] configure: Sending configuration update: {"workspaceDirectories":["/home/corpxe/Desktop/IIT-ds/Stats"],"environmentDirectories":["/home/corpxe/Desktop/IIT-ds/Stats/.venv","/home/corpxe/Desktop/IIT-ds/Stats/*/.venv"],"pipenvExecutable":"pipenv","poetryExecutable":"poetry","cacheDirectory":"/home/corpxe/.config/Code - OSS/User/globalStorage/ms-python.vscode-python-envs/pythonLocator"}
2026-05-23 21:13:08.218 [error] [pet] Process error: A system error occurred (spawn /home/corpxe/.vscode-oss/extensions/ms-python.python-2026.4.0-universal/python-env-tools/bin/pet ENOENT)
2026-05-23 21:13:38.221 [warning] [pet] Configure request timed out (attempt 1/2), will retry on next request without killing process
2026-05-23 21:13:38.224 [warning] [priorityChain] /home/corpxe/Desktop/IIT-ds/Stats defaultInterpreterPath '.venv/bin/python' unresolvable, falling back to auto-discovery
2026-05-23 21:13:38.224 [warning] [pet] Restarting Python Environment Tools (attempt 3/3, waiting 4000ms)
2026-05-23 21:13:42.240 [info] [pet] Starting Python Locator /home/corpxe/.vscode-oss/extensions/ms-python.python-2026.4.0-universal/python-env-tools/bin/pet server
2026-05-23 21:13:42.241 [info] [pet] Python Environment Tools restarted successfully
2026-05-23 21:13:42.243 [info] [pet] configure: Sending configuration update: {"workspaceDirectories":["/home/corpxe/Desktop/IIT-ds/Stats"],"environmentDirectories":["/home/corpxe/Desktop/IIT-ds/Stats/.venv","/home/corpxe/Desktop/IIT-ds/Stats/*/.venv"],"pipenvExecutable":"pipenv","poetryExecutable":"poetry","cacheDirectory":"/home/corpxe/.config/Code - OSS/User/globalStorage/ms-python.vscode-python-envs/pythonLocator"}
2026-05-23 21:13:42.244 [error] [pet] Process error: A system error occurred (spawn /home/corpxe/.vscode-oss/extensions/ms-python.python-2026.4.0-universal/python-env-tools/bin/pet ENOENT)
2026-05-23 21:14:12.253 [warning] [pet] Configure request timed out (attempt 1/2), will retry on next request without killing process
2026-05-23 21:14:12.253 [error] [pet] Error refreshing Request 'configure' timed out after 30000ms
2026-05-23 21:14:12.256 [warning] [pet] Server mode exhausted, falling back to JSON CLI for refresh
2026-05-23 21:14:12.273 [info] [pet] JSON CLI fallback refresh: /home/corpxe/.vscode-oss/extensions/ms-python.python-2026.4.0-universal/python-env-tools/bin/pet find --json /home/corpxe/Desktop/IIT-ds/Stats --cache-directory /home/corpxe/.config/Code - OSS/User/globalStorage/ms-python.vscode-python-envs/pythonLocator --pipenv-executable pipenv --poetry-executable poetry --environment-directories /home/corpxe/Desktop/IIT-ds/Stats/.venv --environment-directories /home/corpxe/Desktop/IIT-ds/Stats/*/.venv
2026-05-23 21:14:12.274 [error] [pet] JSON CLI fallback refresh failed: A system error occurred (spawn /home/corpxe/.vscode-oss/extensions/ms-python.python-2026.4.0-universal/python-env-tools/bin/pet ENOENT)
2026-05-23 21:14:12.278 [error] [venv] Background initialization failed: Error: spawn /home/corpxe/.vscode-oss/extensions/ms-python.python-2026.4.0-universal/python-env-tools/bin/pet ENOENT
    at Process.ChildProcess._handle.onexit (node:internal/child_process:285:19)
    at onErrorNT (node:internal/child_process:483:16)
    at processTicksAndRejections (node:internal/process/task_queues:89:21) {
  errno: -2,
  code: 'ENOENT',
  syscall: 'spawn /home/corpxe/.vscode-oss/extensions/ms-python.python-2026.4.0-universal/python-env-tools/bin/pet',
  path: '/home/corpxe/.vscode-oss/extensions/ms-python.python-2026.4.0-universal/python-env-tools/bin/pet',
  spawnargs: [
    'find',
    '--json',
    '/home/corpxe/Desktop/IIT-ds/Stats',
    '--cache-directory',
    '/home/corpxe/.config/Code - OSS/User/globalStorage/ms-python.vscode-python-envs/pythonLocator',
    '--pipenv-executable',
    'pipenv',
    '--poetry-executable',
    'poetry',
    '--environment-directories',
    '/home/corpxe/Desktop/IIT-ds/Stats/.venv',
    '--environment-directories',
    '/home/corpxe/Desktop/IIT-ds/Stats/*/.venv'
  ]
}
2026-05-23 21:14:12.279 [warning] [pet] Server mode exhausted, falling back to JSON CLI for refresh
2026-05-23 21:14:12.293 [info] [pet] JSON CLI fallback refresh: /home/corpxe/.vscode-oss/extensions/ms-python.python-2026.4.0-universal/python-env-tools/bin/pet find --json /home/corpxe/Desktop/IIT-ds/Stats --cache-directory /home/corpxe/.config/Code - OSS/User/globalStorage/ms-python.vscode-python-envs/pythonLocator --pipenv-executable pipenv --poetry-executable poetry --environment-directories /home/corpxe/Desktop/IIT-ds/Stats/.venv --environment-directories /home/corpxe/Desktop/IIT-ds/Stats/*/.venv
2026-05-23 21:14:12.294 [error] [pet] JSON CLI fallback refresh failed: A system error occurred (spawn /home/corpxe/.vscode-oss/extensions/ms-python.python-2026.4.0-universal/python-env-tools/bin/pet ENOENT)
2026-05-23 21:14:12.295 [error] [system] Background initialization failed: Error: spawn /home/corpxe/.vscode-oss/extensions/ms-python.python-2026.4.0-universal/python-env-tools/bin/pet ENOENT
    at Process.ChildProcess._handle.onexit (node:internal/child_process:285:19)
    at onErrorNT (node:internal/child_process:483:16)
    at processTicksAndRejections (node:internal/process/task_queues:89:21) {
  errno: -2,
  code: 'ENOENT',
  syscall: 'spawn /home/corpxe/.vscode-oss/extensions/ms-python.python-2026.4.0-universal/python-env-tools/bin/pet',
  path: '/home/corpxe/.vscode-oss/extensions/ms-python.python-2026.4.0-universal/python-env-tools/bin/pet',
  spawnargs: [
    'find',
    '--json',
    '/home/corpxe/Desktop/IIT-ds/Stats',
    '--cache-directory',
    '/home/corpxe/.config/Code - OSS/User/globalStorage/ms-python.vscode-python-envs/pythonLocator',
    '--pipenv-executable',
    'pipenv',
    '--poetry-executable',
    'poetry',
    '--environment-directories',
    '/home/corpxe/Desktop/IIT-ds/Stats/.venv',
    '--environment-directories',
    '/home/corpxe/Desktop/IIT-ds/Stats/*/.venv'
  ]
}
2026-05-23 21:14:12.295 [info] [SYS_GET] uri=/home/corpxe/Desktop/IIT-ds/Stats, normalizedKey=/home/corpxe/Desktop/IIT-ds/Stats, project=/home/corpxe/Desktop/IIT-ds/Stats, projectKey=/home/corpxe/Desktop/IIT-ds/Stats, mapKeys=[], directHit=false, projectHit=false, fallbackToGlobal=true, globalEnv=none
2026-05-23 21:14:12.298 [info] [interpreterSelection] Stats: none (source: autoDiscovery)
2026-05-23 21:14:12.311 [warning] [pet] Server mode exhausted, falling back to JSON CLI for resolve
2026-05-23 21:14:12.311 [info] [pet] JSON CLI fallback resolve: /home/corpxe/.vscode-oss/extensions/ms-python.python-2026.4.0-universal/python-env-tools/bin/pet resolve .venv/bin/python --json --cache-directory /home/corpxe/.config/Code - OSS/User/globalStorage/ms-python.vscode-python-envs/pythonLocator
2026-05-23 21:14:12.312 [error] [pet] JSON CLI fallback resolve failed: A system error occurred (spawn /home/corpxe/.vscode-oss/extensions/ms-python.python-2026.4.0-universal/python-env-tools/bin/pet ENOENT)
2026-05-23 21:14:12.312 [warning] [priorityChain:global] defaultInterpreterPath '.venv/bin/python' unresolvable, falling back to auto-discovery
2026-05-23 21:14:12.316 [warning] [pet] Server mode exhausted, falling back to JSON CLI for refresh
2026-05-23 21:14:12.332 [info] [pet] JSON CLI fallback refresh: /home/corpxe/.vscode-oss/extensions/ms-python.python-2026.4.0-universal/python-env-tools/bin/pet find --json /home/corpxe/Desktop/IIT-ds/Stats --cache-directory /home/corpxe/.config/Code - OSS/User/globalStorage/ms-python.vscode-python-envs/pythonLocator --pipenv-executable pipenv --poetry-executable poetry --environment-directories /home/corpxe/Desktop/IIT-ds/Stats/.venv --environment-directories /home/corpxe/Desktop/IIT-ds/Stats/*/.venv
2026-05-23 21:14:12.333 [error] [pet] JSON CLI fallback refresh failed: A system error occurred (spawn /home/corpxe/.vscode-oss/extensions/ms-python.python-2026.4.0-universal/python-env-tools/bin/pet ENOENT)
2026-05-23 21:14:12.333 [error] [interpreterSelection] Failed to set global environment: Error: spawn /home/corpxe/.vscode-oss/extensions/ms-python.python-2026.4.0-universal/python-env-tools/bin/pet ENOENT
2026-05-23 21:14:35.083 [error] Setup appears hung during stage: envSelection
2026-05-23 21:14:39.072 [warning] [pet] Server mode exhausted, falling back to JSON CLI for refresh
2026-05-23 21:14:39.086 [info] [pet] JSON CLI fallback refresh: /home/corpxe/.vscode-oss/extensions/ms-python.python-2026.4.0-universal/python-env-tools/bin/pet find --json /home/corpxe/Desktop/IIT-ds/Stats --cache-directory /home/corpxe/.config/Code - OSS/User/globalStorage/ms-python.vscode-python-envs/pythonLocator --pipenv-executable pipenv --poetry-executable poetry --environment-directories /home/corpxe/Desktop/IIT-ds/Stats/.venv --environment-directories /home/corpxe/Desktop/IIT-ds/Stats/*/.venv
2026-05-23 21:14:39.087 [error] [pet] JSON CLI fallback refresh failed: A system error occurred (spawn /home/corpxe/.vscode-oss/extensions/ms-python.python-2026.4.0-universal/python-env-tools/bin/pet ENOENT)
2026-05-23 21:14:39.087 [error] [venv] Background initialization failed: Error: spawn /home/corpxe/.vscode-oss/extensions/ms-python.python-2026.4.0-universal/python-env-tools/bin/pet ENOENT
    at Process.ChildProcess._handle.onexit (node:internal/child_process:285:19)
    at onErrorNT (node:internal/child_process:483:16)
    at processTicksAndRejections (node:internal/process/task_queues:89:21) {
  errno: -2,
  code: 'ENOENT',
  syscall: 'spawn /home/corpxe/.vscode-oss/extensions/ms-python.python-2026.4.0-universal/python-env-tools/bin/pet',
  path: '/home/corpxe/.vscode-oss/extensions/ms-python.python-2026.4.0-universal/python-env-tools/bin/pet',
  spawnargs: [
    'find',
    '--json',
    '/home/corpxe/Desktop/IIT-ds/Stats',
    '--cache-directory',
    '/home/corpxe/.config/Code - OSS/User/globalStorage/ms-python.vscode-python-envs/pythonLocator',
    '--pipenv-executable',
    'pipenv',
    '--poetry-executable',
    'poetry',
    '--environment-directories',
    '/home/corpxe/Desktop/IIT-ds/Stats/.venv',
    '--environment-directories',
    '/home/corpxe/Desktop/IIT-ds/Stats/*/.venv'
  ]
}
2026-05-23 21:14:39.089 [warning] [pet] Server mode exhausted, falling back to JSON CLI for refresh
2026-05-23 21:14:39.101 [info] [pet] JSON CLI fallback refresh: /home/corpxe/.vscode-oss/extensions/ms-python.python-2026.4.0-universal/python-env-tools/bin/pet find --json /home/corpxe/Desktop/IIT-ds/Stats --cache-directory /home/corpxe/.config/Code - OSS/User/globalStorage/ms-python.vscode-python-envs/pythonLocator --pipenv-executable pipenv --poetry-executable poetry --environment-directories /home/corpxe/Desktop/IIT-ds/Stats/.venv --environment-directories /home/corpxe/Desktop/IIT-ds/Stats/*/.venv
2026-05-23 21:14:39.101 [error] [pet] JSON CLI fallback refresh failed: A system error occurred (spawn /home/corpxe/.vscode-oss/extensions/ms-python.python-2026.4.0-universal/python-env-tools/bin/pet ENOENT)
2026-05-23 21:14:39.102 [error] [venv] Background initialization failed: Error: spawn /home/corpxe/.vscode-oss/extensions/ms-python.python-2026.4.0-universal/python-env-tools/bin/pet ENOENT
    at Process.ChildProcess._handle.onexit (node:internal/child_process:285:19)
    at onErrorNT (node:internal/child_process:483:16)
    at processTicksAndRejections (node:internal/process/task_queues:89:21) {
  errno: -2,
  code: 'ENOENT',
  syscall: 'spawn /home/corpxe/.vscode-oss/extensions/ms-python.python-2026.4.0-universal/python-env-tools/bin/pet',
  path: '/home/corpxe/.vscode-oss/extensions/ms-python.python-2026.4.0-universal/python-env-tools/bin/pet',
  spawnargs: [
    'find',
    '--json',
    '/home/corpxe/Desktop/IIT-ds/Stats',
    '--cache-directory',
    '/home/corpxe/.config/Code - OSS/User/globalStorage/ms-python.vscode-python-envs/pythonLocator',
    '--pipenv-executable',
    'pipenv',
    '--poetry-executable',
    'poetry',
    '--environment-directories',
    '/home/corpxe/Desktop/IIT-ds/Stats/.venv',
    '--environment-directories',
    '/home/corpxe/Desktop/IIT-ds/Stats/*/.venv'
  ]
}
2026-05-23 21:14:39.104 [warning] [pet] Server mode exhausted, falling back to JSON CLI for refresh
2026-05-23 21:14:39.116 [info] [pet] JSON CLI fallback refresh: /home/corpxe/.vscode-oss/extensions/ms-python.python-2026.4.0-universal/python-env-tools/bin/pet find --json /home/corpxe/Desktop/IIT-ds/Stats --cache-directory /home/corpxe/.config/Code - OSS/User/globalStorage/ms-python.vscode-python-envs/pythonLocator --pipenv-executable pipenv --poetry-executable poetry --environment-directories /home/corpxe/Desktop/IIT-ds/Stats/.venv --environment-directories /home/corpxe/Desktop/IIT-ds/Stats/*/.venv
2026-05-23 21:14:39.117 [error] [pet] JSON CLI fallback refresh failed: A system error occurred (spawn /home/corpxe/.vscode-oss/extensions/ms-python.python-2026.4.0-universal/python-env-tools/bin/pet ENOENT)
2026-05-23 21:14:39.117 [error] [venv] Background initialization failed: Error: spawn /home/corpxe/.vscode-oss/extensions/ms-python.python-2026.4.0-universal/python-env-tools/bin/pet ENOENT
    at Process.ChildProcess._handle.onexit (node:internal/child_process:285:19)
    at onErrorNT (node:internal/child_process:483:16)
    at processTicksAndRejections (node:internal/process/task_queues:89:21) {
  errno: -2,
  code: 'ENOENT',
  syscall: 'spawn /home/corpxe/.vscode-oss/extensions/ms-python.python-2026.4.0-universal/python-env-tools/bin/pet',
  path: '/home/corpxe/.vscode-oss/extensions/ms-python.python-2026.4.0-universal/python-env-tools/bin/pet',
  spawnargs: [
    'find',
    '--json',
    '/home/corpxe/Desktop/IIT-ds/Stats',
    '--cache-directory',
    '/home/corpxe/.config/Code - OSS/User/globalStorage/ms-python.vscode-python-envs/pythonLocator',
    '--pipenv-executable',
    'pipenv',
    '--poetry-executable',
    'poetry',
    '--environment-directories',
    '/home/corpxe/Desktop/IIT-ds/Stats/.venv',
    '--environment-directories',
    '/home/corpxe/Desktop/IIT-ds/Stats/*/.venv'
  ]
}
2026-05-23 21:14:39.119 [warning] [pet] Server mode exhausted, falling back to JSON CLI for refresh
2026-05-23 21:14:39.134 [info] [pet] JSON CLI fallback refresh: /home/corpxe/.vscode-oss/extensions/ms-python.python-2026.4.0-universal/python-env-tools/bin/pet find --json /home/corpxe/Desktop/IIT-ds/Stats --cache-directory /home/corpxe/.config/Code - OSS/User/globalStorage/ms-python.vscode-python-envs/pythonLocator --pipenv-executable pipenv --poetry-executable poetry --environment-directories /home/corpxe/Desktop/IIT-ds/Stats/.venv --environment-directories /home/corpxe/Desktop/IIT-ds/Stats/*/.venv
2026-05-23 21:14:39.136 [error] [pet] JSON CLI fallback refresh failed: A system error occurred (spawn /home/corpxe/.vscode-oss/extensions/ms-python.python-2026.4.0-universal/python-env-tools/bin/pet ENOENT)
2026-05-23 21:14:39.136 [error] [venv] Background initialization failed: Error: spawn /home/corpxe/.vscode-oss/extensions/ms-python.python-2026.4.0-universal/python-env-tools/bin/pet ENOENT
    at Process.ChildProcess._handle.onexit (node:internal/child_process:285:19)
    at onErrorNT (node:internal/child_process:483:16)
    at processTicksAndRejections (node:internal/process/task_queues:89:21) {
  errno: -2,
  code: 'ENOENT',
  syscall: 'spawn /home/corpxe/.vscode-oss/extensions/ms-python.python-2026.4.0-universal/python-env-tools/bin/pet',
  path: '/home/corpxe/.vscode-oss/extensions/ms-python.python-2026.4.0-universal/python-env-tools/bin/pet',
  spawnargs: [
    'find',
    '--json',
    '/home/corpxe/Desktop/IIT-ds/Stats',
    '--cache-directory',
    '/home/corpxe/.config/Code - OSS/User/globalStorage/ms-python.vscode-python-envs/pythonLocator',
    '--pipenv-executable',
    'pipenv',
    '--poetry-executable',
    'poetry',
    '--environment-directories',
    '/home/corpxe/Desktop/IIT-ds/Stats/.venv',
    '--environment-directories',
    '/home/corpxe/Desktop/IIT-ds/Stats/*/.venv'
  ]
}
2026-05-23 21:14:39.138 [warning] [pet] Server mode exhausted, falling back to JSON CLI for refresh
2026-05-23 21:14:39.152 [info] [pet] JSON CLI fallback refresh: /home/corpxe/.vscode-oss/extensions/ms-python.python-2026.4.0-universal/python-env-tools/bin/pet find --json /home/corpxe/Desktop/IIT-ds/Stats --cache-directory /home/corpxe/.config/Code - OSS/User/globalStorage/ms-python.vscode-python-envs/pythonLocator --pipenv-executable pipenv --poetry-executable poetry --environment-directories /home/corpxe/Desktop/IIT-ds/Stats/.venv --environment-directories /home/corpxe/Desktop/IIT-ds/Stats/*/.venv
2026-05-23 21:14:39.153 [error] [pet] JSON CLI fallback refresh failed: A system error occurred (spawn /home/corpxe/.vscode-oss/extensions/ms-python.python-2026.4.0-universal/python-env-tools/bin/pet ENOENT)
2026-05-23 21:14:39.157 [info] Refreshing pyenv environments
2026-05-23 21:14:39.157 [warning] [pet] Server mode exhausted, falling back to JSON CLI for refresh
2026-05-23 21:14:39.174 [info] [pet] JSON CLI fallback refresh: /home/corpxe/.vscode-oss/extensions/ms-python.python-2026.4.0-universal/python-env-tools/bin/pet find --json /home/corpxe/Desktop/IIT-ds/Stats --cache-directory /home/corpxe/.config/Code - OSS/User/globalStorage/ms-python.vscode-python-envs/pythonLocator --pipenv-executable pipenv --poetry-executable poetry --environment-directories /home/corpxe/Desktop/IIT-ds/Stats/.venv --environment-directories /home/corpxe/Desktop/IIT-ds/Stats/*/.venv
2026-05-23 21:14:39.175 [error] [pet] JSON CLI fallback refresh failed: A system error occurred (spawn /home/corpxe/.vscode-oss/extensions/ms-python.python-2026.4.0-universal/python-env-tools/bin/pet ENOENT)
2026-05-23 21:14:39.176 [error] Pyenv lazy initialization failed Error: spawn /home/corpxe/.vscode-oss/extensions/ms-python.python-2026.4.0-universal/python-env-tools/bin/pet ENOENT
    at Process.ChildProcess._handle.onexit (node:internal/child_process:285:19)
    at onErrorNT (node:internal/child_process:483:16)
    at processTicksAndRejections (node:internal/process/task_queues:89:21) {
  errno: -2,
  code: 'ENOENT',
  syscall: 'spawn /home/corpxe/.vscode-oss/extensions/ms-python.python-2026.4.0-universal/python-env-tools/bin/pet',
  path: '/home/corpxe/.vscode-oss/extensions/ms-python.python-2026.4.0-universal/python-env-tools/bin/pet',
  spawnargs: [
    'find',
    '--json',
    '/home/corpxe/Desktop/IIT-ds/Stats',
    '--cache-directory',
    '/home/corpxe/.config/Code - OSS/User/globalStorage/ms-python.vscode-python-envs/pythonLocator',
    '--pipenv-executable',
    'pipenv',
    '--poetry-executable',
    'poetry',
    '--environment-directories',
    '/home/corpxe/Desktop/IIT-ds/Stats/.venv',
    '--environment-directories',
    '/home/corpxe/Desktop/IIT-ds/Stats/*/.venv'
  ]
}
2026-05-23 21:14:39.178 [info] Pipenv not found via settings, cache, or PATH
2026-05-23 21:14:39.179 [info] Refreshing pipenv environments
2026-05-23 21:14:39.180 [warning] [pet] Server mode exhausted, falling back to JSON CLI for refresh
2026-05-23 21:14:39.192 [info] [pet] JSON CLI fallback refresh: /home/corpxe/.vscode-oss/extensions/ms-python.python-2026.4.0-universal/python-env-tools/bin/pet find --json /home/corpxe/Desktop/IIT-ds/Stats --cache-directory /home/corpxe/.config/Code - OSS/User/globalStorage/ms-python.vscode-python-envs/pythonLocator --pipenv-executable pipenv --poetry-executable poetry --environment-directories /home/corpxe/Desktop/IIT-ds/Stats/.venv --environment-directories /home/corpxe/Desktop/IIT-ds/Stats/*/.venv
2026-05-23 21:14:39.193 [error] [pet] JSON CLI fallback refresh failed: A system error occurred (spawn /home/corpxe/.vscode-oss/extensions/ms-python.python-2026.4.0-universal/python-env-tools/bin/pet ENOENT)
2026-05-23 21:14:39.194 [error] Pipenv lazy initialization failed Error: spawn /home/corpxe/.vscode-oss/extensions/ms-python.python-2026.4.0-universal/python-env-tools/bin/pet ENOENT
    at Process.ChildProcess._handle.onexit (node:internal/child_process:285:19)
    at onErrorNT (node:internal/child_process:483:16)
    at processTicksAndRejections (node:internal/process/task_queues:89:21) {
  errno: -2,
  code: 'ENOENT',
  syscall: 'spawn /home/corpxe/.vscode-oss/extensions/ms-python.python-2026.4.0-universal/python-env-tools/bin/pet',
  path: '/home/corpxe/.vscode-oss/extensions/ms-python.python-2026.4.0-universal/python-env-tools/bin/pet',
  spawnargs: [
    'find',
    '--json',
    '/home/corpxe/Desktop/IIT-ds/Stats',
    '--cache-directory',
    '/home/corpxe/.config/Code - OSS/User/globalStorage/ms-python.vscode-python-envs/pythonLocator',
    '--pipenv-executable',
    'pipenv',
    '--poetry-executable',
    'poetry',
    '--environment-directories',
    '/home/corpxe/Desktop/IIT-ds/Stats/.venv',
    '--environment-directories',
    '/home/corpxe/Desktop/IIT-ds/Stats/*/.venv'
  ]
}
2026-05-23 21:14:39.198 [info] Refreshing poetry environments
2026-05-23 21:14:39.199 [warning] [pet] Server mode exhausted, falling back to JSON CLI for refresh
2026-05-23 21:14:39.213 [info] [pet] JSON CLI fallback refresh: /home/corpxe/.vscode-oss/extensions/ms-python.python-2026.4.0-universal/python-env-tools/bin/pet find --json /home/corpxe/Desktop/IIT-ds/Stats --cache-directory /home/corpxe/.config/Code - OSS/User/globalStorage/ms-python.vscode-python-envs/pythonLocator --pipenv-executable pipenv --poetry-executable poetry --environment-directories /home/corpxe/Desktop/IIT-ds/Stats/.venv --environment-directories /home/corpxe/Desktop/IIT-ds/Stats/*/.venv
2026-05-23 21:14:39.214 [error] [pet] JSON CLI fallback refresh failed: A system error occurred (spawn /home/corpxe/.vscode-oss/extensions/ms-python.python-2026.4.0-universal/python-env-tools/bin/pet ENOENT)
2026-05-23 21:14:39.215 [error] Poetry lazy initialization failed Error: spawn /home/corpxe/.vscode-oss/extensions/ms-python.python-2026.4.0-universal/python-env-tools/bin/pet ENOENT
    at Process.ChildProcess._handle.onexit (node:internal/child_process:285:19)
    at onErrorNT (node:internal/child_process:483:16)
    at processTicksAndRejections (node:internal/process/task_queues:89:21) {
  errno: -2,
  code: 'ENOENT',
  syscall: 'spawn /home/corpxe/.vscode-oss/extensions/ms-python.python-2026.4.0-universal/python-env-tools/bin/pet',
  path: '/home/corpxe/.vscode-oss/extensions/ms-python.python-2026.4.0-universal/python-env-tools/bin/pet',
  spawnargs: [
    'find',
    '--json',
    '/home/corpxe/Desktop/IIT-ds/Stats',
    '--cache-directory',
    '/home/corpxe/.config/Code - OSS/User/globalStorage/ms-python.vscode-python-envs/pythonLocator',
    '--pipenv-executable',
    'pipenv',
    '--poetry-executable',
    'poetry',
    '--environment-directories',
    '/home/corpxe/Desktop/IIT-ds/Stats/.venv',
    '--environment-directories',
    '/home/corpxe/Desktop/IIT-ds/Stats/*/.venv'
  ]
}
2026-05-23 21:14:39.215 [warning] No Python environments were found. Try running "Python Environments: Run Python Environment Tool (PET) in Terminal..." from the Command Palette to diagnose. If environments should be detected, please report this: https://github.com/microsoft/vscode-python-environments/issues/new
