2026-05-22 15:47:27.295 [info] Name: Ruff
2026-05-22 15:47:27.295 [info] Module: ruff
2026-05-22 15:47:27.295 [info] Python extension loading
2026-05-22 15:47:27.295 [info] Waiting for interpreter from python extension.
2026-05-22 15:47:27.295 [info] Python extension loaded
2026-05-22 15:47:27.295 [info] Using interpreter: /home/corpxe/Desktop/IIT-ds/Stats/.venv/bin/python
2026-05-22 15:47:27.295 [info] Workspace settings for /home/corpxe/Desktop/IIT-ds/Stats: {
    "nativeServer": "auto",
    "cwd": "/home/corpxe/Desktop/IIT-ds/Stats",
    "workspace": "file:///home/corpxe/Desktop/IIT-ds/Stats",
    "path": [],
    "ignoreStandardLibrary": true,
    "interpreter": [
        "/home/corpxe/Desktop/IIT-ds/Stats/.venv/bin/python"
    ],
    "configuration": null,
    "importStrategy": "fromEnvironment",
    "codeAction": {
        "fixViolation": {
            "enable": true
        },
        "disableRuleComment": {
            "enable": true
        }
    },
    "lint": {
        "enable": true,
        "run": "onType",
        "args": [],
        "preview": null,
        "select": null,
        "extendSelect": null,
        "ignore": null
    },
    "format": {
        "args": [],
        "preview": null,
        "backend": "internal"
    },
    "enable": true,
    "organizeImports": true,
    "fixAll": true,
    "showNotifications": "off",
    "exclude": null,
    "lineLength": null,
    "configurationPreference": "editorFirst",
    "showSyntaxErrors": true,
    "logLevel": null,
    "logFile": null
}
2026-05-22 15:47:27.295 [info] Global settings: {
    "nativeServer": "auto",
    "cwd": "/home/corpxe",
    "workspace": "/home/corpxe",
    "path": [],
    "ignoreStandardLibrary": true,
    "interpreter": [],
    "configuration": null,
    "importStrategy": "fromEnvironment",
    "codeAction": {
        "fixViolation": {
            "enable": true
        },
        "disableRuleComment": {
            "enable": true
        }
    },
    "lint": {
        "enable": true,
        "run": "onType",
        "args": []
    },
    "format": {
        "args": [],
        "backend": "internal"
    },
    "enable": true,
    "organizeImports": true,
    "fixAll": true,
    "showNotifications": "off",
    "configurationPreference": "editorFirst",
    "showSyntaxErrors": true
}
2026-05-22 15:47:27.303 [info] Falling back to bundled executable: /home/corpxe/.vscode-oss/extensions/charliermarsh.ruff-2026.44.0-linux-x64/bundled/libs/bin/ruff
2026-05-22 15:47:27.336 [info] Resolved 'ruff.nativeServer: auto' to use the native server
2026-05-22 15:47:27.340 [info] Found Ruff 0.15.14 at /home/corpxe/.vscode-oss/extensions/charliermarsh.ruff-2026.44.0-linux-x64/bundled/libs/bin/ruff
2026-05-22 15:47:27.340 [info] Server run command: /home/corpxe/.vscode-oss/extensions/charliermarsh.ruff-2026.44.0-linux-x64/bundled/libs/bin/ruff server
2026-05-22 15:47:27.341 [info] Server: Start requested.
2026-05-22 15:52:47.283 [info] Name: Ruff
2026-05-22 15:52:47.283 [info] Module: ruff
2026-05-22 15:52:47.283 [info] Python extension loading
2026-05-22 15:52:47.283 [info] Waiting for interpreter from python extension.
2026-05-22 15:52:47.283 [info] Python extension loaded
2026-05-22 15:52:47.283 [info] Using interpreter: /home/corpxe/Desktop/IIT-ds/Stats/.venv/bin/python
2026-05-22 15:52:47.283 [info] Workspace settings for /home/corpxe/Desktop/IIT-ds/Stats: {
    "nativeServer": "auto",
    "cwd": "/home/corpxe/Desktop/IIT-ds/Stats",
    "workspace": "file:///home/corpxe/Desktop/IIT-ds/Stats",
    "path": [],
    "ignoreStandardLibrary": true,
    "interpreter": [
        "/home/corpxe/Desktop/IIT-ds/Stats/.venv/bin/python"
    ],
    "configuration": null,
    "importStrategy": "fromEnvironment",
    "codeAction": {
        "fixViolation": {
            "enable": true
        },
        "disableRuleComment": {
            "enable": true
        }
    },
    "lint": {
        "enable": true,
        "run": "onType",
        "args": [],
        "preview": null,
        "select": null,
        "extendSelect": null,
        "ignore": null
    },
    "format": {
        "args": [],
        "preview": null,
        "backend": "internal"
    },
    "enable": true,
    "organizeImports": true,
    "fixAll": true,
    "showNotifications": "off",
    "exclude": null,
    "lineLength": null,
    "configurationPreference": "editorFirst",
    "showSyntaxErrors": true,
    "logLevel": null,
    "logFile": null
}
2026-05-22 15:52:47.283 [info] Global settings: {
    "nativeServer": "auto",
    "cwd": "/home/corpxe",
    "workspace": "/home/corpxe",
    "path": [],
    "ignoreStandardLibrary": true,
    "interpreter": [],
    "configuration": null,
    "importStrategy": "fromEnvironment",
    "codeAction": {
        "fixViolation": {
            "enable": true
        },
        "disableRuleComment": {
            "enable": true
        }
    },
    "lint": {
        "enable": true,
        "run": "onType",
        "args": []
    },
    "format": {
        "args": [],
        "backend": "internal"
    },
    "enable": true,
    "organizeImports": true,
    "fixAll": true,
    "showNotifications": "off",
    "configurationPreference": "editorFirst",
    "showSyntaxErrors": true
}
2026-05-22 15:52:47.431 [info] Falling back to bundled executable: /home/corpxe/.vscode-oss/extensions/charliermarsh.ruff-2026.44.0-linux-x64/bundled/libs/bin/ruff
2026-05-22 15:52:47.454 [info] Resolved 'ruff.nativeServer: auto' to use the native server
2026-05-22 15:52:47.457 [info] Found Ruff 0.15.14 at /home/corpxe/.vscode-oss/extensions/charliermarsh.ruff-2026.44.0-linux-x64/bundled/libs/bin/ruff
2026-05-22 15:52:47.457 [info] Server run command: /home/corpxe/.vscode-oss/extensions/charliermarsh.ruff-2026.44.0-linux-x64/bundled/libs/bin/ruff server
2026-05-22 15:52:47.458 [info] Server: Start requested.
2026-05-22 15:56:55.839 [info] Name: Ruff
2026-05-22 15:56:55.839 [info] Module: ruff
2026-05-22 15:56:55.839 [info] Python extension loading
2026-05-22 15:56:55.839 [info] Waiting for interpreter from python extension.
2026-05-22 15:56:55.839 [info] Python extension loaded
2026-05-22 15:56:55.839 [info] Using interpreter: /home/corpxe/Desktop/IIT-ds/Stats/.venv/bin/python
2026-05-22 15:56:55.839 [info] Workspace settings for /home/corpxe/Desktop/IIT-ds/Stats: {
    "nativeServer": "auto",
    "cwd": "/home/corpxe/Desktop/IIT-ds/Stats",
    "workspace": "file:///home/corpxe/Desktop/IIT-ds/Stats",
    "path": [],
    "ignoreStandardLibrary": true,
    "interpreter": [
        "/home/corpxe/Desktop/IIT-ds/Stats/.venv/bin/python"
    ],
    "configuration": null,
    "importStrategy": "fromEnvironment",
    "codeAction": {
        "fixViolation": {
            "enable": true
        },
        "disableRuleComment": {
            "enable": true
        }
    },
    "lint": {
        "enable": true,
        "run": "onType",
        "args": [],
        "preview": null,
        "select": null,
        "extendSelect": null,
        "ignore": null
    },
    "format": {
        "args": [],
        "preview": null,
        "backend": "internal"
    },
    "enable": true,
    "organizeImports": true,
    "fixAll": true,
    "showNotifications": "off",
    "exclude": null,
    "lineLength": null,
    "configurationPreference": "editorFirst",
    "showSyntaxErrors": true,
    "logLevel": null,
    "logFile": null
}
2026-05-22 15:56:55.839 [info] Global settings: {
    "nativeServer": "auto",
    "cwd": "/home/corpxe",
    "workspace": "/home/corpxe",
    "path": [],
    "ignoreStandardLibrary": true,
    "interpreter": [],
    "configuration": null,
    "importStrategy": "fromEnvironment",
    "codeAction": {
        "fixViolation": {
            "enable": true
        },
        "disableRuleComment": {
            "enable": true
        }
    },
    "lint": {
        "enable": true,
        "run": "onType",
        "args": []
    },
    "format": {
        "args": [],
        "backend": "internal"
    },
    "enable": true,
    "organizeImports": true,
    "fixAll": true,
    "showNotifications": "off",
    "configurationPreference": "editorFirst",
    "showSyntaxErrors": true
}
2026-05-22 15:56:55.933 [info] Falling back to bundled executable: /home/corpxe/.vscode-oss/extensions/charliermarsh.ruff-2026.44.0-linux-x64/bundled/libs/bin/ruff
2026-05-22 15:56:55.953 [info] Resolved 'ruff.nativeServer: auto' to use the native server
2026-05-22 15:56:55.956 [info] Found Ruff 0.15.14 at /home/corpxe/.vscode-oss/extensions/charliermarsh.ruff-2026.44.0-linux-x64/bundled/libs/bin/ruff
2026-05-22 15:56:55.956 [info] Server run command: /home/corpxe/.vscode-oss/extensions/charliermarsh.ruff-2026.44.0-linux-x64/bundled/libs/bin/ruff server
2026-05-22 15:56:55.957 [info] Server: Start requested.
2026-05-22 15:59:51.115 [info] Name: Ruff
2026-05-22 15:59:51.115 [info] Module: ruff
2026-05-22 15:59:51.115 [info] Python extension loading
2026-05-22 15:59:51.115 [info] Waiting for interpreter from python extension.
2026-05-22 15:59:51.115 [info] Python extension loaded
2026-05-22 15:59:51.115 [info] Using interpreter: /home/corpxe/Desktop/IIT-ds/Stats/.venv/bin/python
2026-05-22 15:59:51.115 [info] Workspace settings for /home/corpxe/Desktop/IIT-ds/Stats: {
    "nativeServer": "auto",
    "cwd": "/home/corpxe/Desktop/IIT-ds/Stats",
    "workspace": "file:///home/corpxe/Desktop/IIT-ds/Stats",
    "path": [],
    "ignoreStandardLibrary": true,
    "interpreter": [
        "/home/corpxe/Desktop/IIT-ds/Stats/.venv/bin/python"
    ],
    "configuration": null,
    "importStrategy": "fromEnvironment",
    "codeAction": {
        "fixViolation": {
            "enable": true
        },
        "disableRuleComment": {
            "enable": true
        }
    },
    "lint": {
        "enable": true,
        "run": "onType",
        "args": [],
        "preview": null,
        "select": null,
        "extendSelect": null,
        "ignore": null
    },
    "format": {
        "args": [],
        "preview": null,
        "backend": "internal"
    },
    "enable": true,
    "organizeImports": true,
    "fixAll": true,
    "showNotifications": "off",
    "exclude": null,
    "lineLength": null,
    "configurationPreference": "editorFirst",
    "showSyntaxErrors": true,
    "logLevel": null,
    "logFile": null
}
2026-05-22 15:59:51.115 [info] Global settings: {
    "nativeServer": "auto",
    "cwd": "/home/corpxe",
    "workspace": "/home/corpxe",
    "path": [],
    "ignoreStandardLibrary": true,
    "interpreter": [],
    "configuration": null,
    "importStrategy": "fromEnvironment",
    "codeAction": {
        "fixViolation": {
            "enable": true
        },
        "disableRuleComment": {
            "enable": true
        }
    },
    "lint": {
        "enable": true,
        "run": "onType",
        "args": []
    },
    "format": {
        "args": [],
        "backend": "internal"
    },
    "enable": true,
    "organizeImports": true,
    "fixAll": true,
    "showNotifications": "off",
    "configurationPreference": "editorFirst",
    "showSyntaxErrors": true
}
2026-05-22 15:59:51.266 [info] Falling back to bundled executable: /home/corpxe/.vscode-oss/extensions/charliermarsh.ruff-2026.44.0-linux-x64/bundled/libs/bin/ruff
2026-05-22 15:59:51.293 [info] Resolved 'ruff.nativeServer: auto' to use the native server
2026-05-22 15:59:51.296 [info] Found Ruff 0.15.14 at /home/corpxe/.vscode-oss/extensions/charliermarsh.ruff-2026.44.0-linux-x64/bundled/libs/bin/ruff
2026-05-22 15:59:51.296 [info] Server run command: /home/corpxe/.vscode-oss/extensions/charliermarsh.ruff-2026.44.0-linux-x64/bundled/libs/bin/ruff server
2026-05-22 15:59:51.297 [info] Server: Start requested.
2026-05-22 16:03:43.912 [info] Name: Ruff
2026-05-22 16:03:43.912 [info] Module: ruff
2026-05-22 16:03:43.912 [info] Python extension loading
2026-05-22 16:03:43.912 [info] Waiting for interpreter from python extension.
2026-05-22 16:03:43.912 [info] Python extension loaded
2026-05-22 16:03:43.912 [info] Using interpreter: /home/corpxe/Desktop/IIT-ds/Stats/.venv/bin/python
2026-05-22 16:03:43.912 [info] Workspace settings for /home/corpxe/Desktop/IIT-ds/Stats: {
    "nativeServer": "auto",
    "cwd": "/home/corpxe/Desktop/IIT-ds/Stats",
    "workspace": "file:///home/corpxe/Desktop/IIT-ds/Stats",
    "path": [],
    "ignoreStandardLibrary": true,
    "interpreter": [
        "/home/corpxe/Desktop/IIT-ds/Stats/.venv/bin/python"
    ],
    "configuration": null,
    "importStrategy": "fromEnvironment",
    "codeAction": {
        "fixViolation": {
            "enable": true
        },
        "disableRuleComment": {
            "enable": true
        }
    },
    "lint": {
        "enable": true,
        "run": "onType",
        "args": [],
        "preview": null,
        "select": null,
        "extendSelect": null,
        "ignore": null
    },
    "format": {
        "args": [],
        "preview": null,
        "backend": "internal"
    },
    "enable": true,
    "organizeImports": true,
    "fixAll": true,
    "showNotifications": "off",
    "exclude": null,
    "lineLength": null,
    "configurationPreference": "editorFirst",
    "showSyntaxErrors": true,
    "logLevel": null,
    "logFile": null
}
2026-05-22 16:03:43.912 [info] Global settings: {
    "nativeServer": "auto",
    "cwd": "/home/corpxe",
    "workspace": "/home/corpxe",
    "path": [],
    "ignoreStandardLibrary": true,
    "interpreter": [],
    "configuration": null,
    "importStrategy": "fromEnvironment",
    "codeAction": {
        "fixViolation": {
            "enable": true
        },
        "disableRuleComment": {
            "enable": true
        }
    },
    "lint": {
        "enable": true,
        "run": "onType",
        "args": []
    },
    "format": {
        "args": [],
        "backend": "internal"
    },
    "enable": true,
    "organizeImports": true,
    "fixAll": true,
    "showNotifications": "off",
    "configurationPreference": "editorFirst",
    "showSyntaxErrors": true
}
2026-05-22 16:03:46.057 [info] Falling back to bundled executable: /home/corpxe/.vscode-oss/extensions/charliermarsh.ruff-2026.44.0-linux-x64/bundled/libs/bin/ruff
2026-05-22 16:03:46.299 [info] Resolved 'ruff.nativeServer: auto' to use the native server
2026-05-22 16:03:46.303 [info] Found Ruff 0.15.14 at /home/corpxe/.vscode-oss/extensions/charliermarsh.ruff-2026.44.0-linux-x64/bundled/libs/bin/ruff
2026-05-22 16:03:46.304 [info] Server run command: /home/corpxe/.vscode-oss/extensions/charliermarsh.ruff-2026.44.0-linux-x64/bundled/libs/bin/ruff server
2026-05-22 16:03:46.304 [info] Server: Start requested.
2026-05-22 16:05:40.537 [info] Name: Ruff
2026-05-22 16:05:40.537 [info] Module: ruff
2026-05-22 16:05:40.537 [info] Python extension loading
2026-05-22 16:05:40.537 [info] Waiting for interpreter from python extension.
2026-05-22 16:05:40.537 [info] Python extension loaded
2026-05-22 16:05:40.537 [info] Using interpreter: /home/corpxe/Desktop/IIT-ds/Stats/.venv/bin/python
2026-05-22 16:05:40.537 [info] Workspace settings for /home/corpxe/Desktop/IIT-ds/Stats: {
    "nativeServer": "auto",
    "cwd": "/home/corpxe/Desktop/IIT-ds/Stats",
    "workspace": "file:///home/corpxe/Desktop/IIT-ds/Stats",
    "path": [],
    "ignoreStandardLibrary": true,
    "interpreter": [
        "/home/corpxe/Desktop/IIT-ds/Stats/.venv/bin/python"
    ],
    "configuration": null,
    "importStrategy": "fromEnvironment",
    "codeAction": {
        "fixViolation": {
            "enable": true
        },
        "disableRuleComment": {
            "enable": true
        }
    },
    "lint": {
        "enable": true,
        "run": "onType",
        "args": [],
        "preview": null,
        "select": null,
        "extendSelect": null,
        "ignore": null
    },
    "format": {
        "args": [],
        "preview": null,
        "backend": "internal"
    },
    "enable": true,
    "organizeImports": true,
    "fixAll": true,
    "showNotifications": "off",
    "exclude": null,
    "lineLength": null,
    "configurationPreference": "editorFirst",
    "showSyntaxErrors": true,
    "logLevel": null,
    "logFile": null
}
2026-05-22 16:05:40.537 [info] Global settings: {
    "nativeServer": "auto",
    "cwd": "/home/corpxe",
    "workspace": "/home/corpxe",
    "path": [],
    "ignoreStandardLibrary": true,
    "interpreter": [],
    "configuration": null,
    "importStrategy": "fromEnvironment",
    "codeAction": {
        "fixViolation": {
            "enable": true
        },
        "disableRuleComment": {
            "enable": true
        }
    },
    "lint": {
        "enable": true,
        "run": "onType",
        "args": []
    },
    "format": {
        "args": [],
        "backend": "internal"
    },
    "enable": true,
    "organizeImports": true,
    "fixAll": true,
    "showNotifications": "off",
    "configurationPreference": "editorFirst",
    "showSyntaxErrors": true
}
2026-05-22 16:05:42.846 [info] Falling back to bundled executable: /home/corpxe/.vscode-oss/extensions/charliermarsh.ruff-2026.44.0-linux-x64/bundled/libs/bin/ruff
2026-05-22 16:05:43.007 [info] Resolved 'ruff.nativeServer: auto' to use the native server
2026-05-22 16:05:43.010 [info] Found Ruff 0.15.14 at /home/corpxe/.vscode-oss/extensions/charliermarsh.ruff-2026.44.0-linux-x64/bundled/libs/bin/ruff
2026-05-22 16:05:43.010 [info] Server run command: /home/corpxe/.vscode-oss/extensions/charliermarsh.ruff-2026.44.0-linux-x64/bundled/libs/bin/ruff server
2026-05-22 16:05:43.011 [info] Server: Start requested.
2026-05-22 16:08:22.953 [info] Name: Ruff
2026-05-22 16:08:22.953 [info] Module: ruff
2026-05-22 16:08:22.953 [info] Python extension loading
2026-05-22 16:08:22.953 [info] Waiting for interpreter from python extension.
2026-05-22 16:08:22.953 [info] Python extension loaded
2026-05-22 16:08:22.953 [info] Using interpreter: /home/corpxe/Desktop/IIT-ds/Stats/.venv/bin/python
2026-05-22 16:08:22.953 [info] Workspace settings for /home/corpxe/Desktop/IIT-ds/Stats: {
    "nativeServer": "auto",
    "cwd": "/home/corpxe/Desktop/IIT-ds/Stats",
    "workspace": "file:///home/corpxe/Desktop/IIT-ds/Stats",
    "path": [],
    "ignoreStandardLibrary": true,
    "interpreter": [
        "/home/corpxe/Desktop/IIT-ds/Stats/.venv/bin/python"
    ],
    "configuration": null,
    "importStrategy": "fromEnvironment",
    "codeAction": {
        "fixViolation": {
            "enable": true
        },
        "disableRuleComment": {
            "enable": true
        }
    },
    "lint": {
        "enable": true,
        "run": "onType",
        "args": [],
        "preview": null,
        "select": null,
        "extendSelect": null,
        "ignore": null
    },
    "format": {
        "args": [],
        "preview": null,
        "backend": "internal"
    },
    "enable": true,
    "organizeImports": true,
    "fixAll": true,
    "showNotifications": "off",
    "exclude": null,
    "lineLength": null,
    "configurationPreference": "editorFirst",
    "showSyntaxErrors": true,
    "logLevel": null,
    "logFile": null
}
2026-05-22 16:08:22.953 [info] Global settings: {
    "nativeServer": "auto",
    "cwd": "/home/corpxe",
    "workspace": "/home/corpxe",
    "path": [],
    "ignoreStandardLibrary": true,
    "interpreter": [],
    "configuration": null,
    "importStrategy": "fromEnvironment",
    "codeAction": {
        "fixViolation": {
            "enable": true
        },
        "disableRuleComment": {
            "enable": true
        }
    },
    "lint": {
        "enable": true,
        "run": "onType",
        "args": []
    },
    "format": {
        "args": [],
        "backend": "internal"
    },
    "enable": true,
    "organizeImports": true,
    "fixAll": true,
    "showNotifications": "off",
    "configurationPreference": "editorFirst",
    "showSyntaxErrors": true
}
2026-05-22 16:08:22.981 [info] Falling back to bundled executable: /home/corpxe/.vscode-oss/extensions/charliermarsh.ruff-2026.44.0-linux-x64/bundled/libs/bin/ruff
2026-05-22 16:08:23.002 [info] Resolved 'ruff.nativeServer: auto' to use the native server
2026-05-22 16:08:23.007 [info] Found Ruff 0.15.14 at /home/corpxe/.vscode-oss/extensions/charliermarsh.ruff-2026.44.0-linux-x64/bundled/libs/bin/ruff
2026-05-22 16:08:23.007 [info] Server run command: /home/corpxe/.vscode-oss/extensions/charliermarsh.ruff-2026.44.0-linux-x64/bundled/libs/bin/ruff server
2026-05-22 16:08:23.008 [info] Server: Start requested.
