2026-05-22 23:01:04.378 [info] read schema from vscode: vscode://schemas/settings/user
2026-05-22 23:01:06.020 [info] schema change detected vscode://schemas/settings/user
2026-05-22 23:01:06.022 [info] schema change detected vscode://schemas/settings/user
2026-05-22 23:01:06.152 [info] schema change detected vscode://schemas/settings/user
2026-05-22 23:01:06.304 [info] schema change detected vscode://schemas/settings/user
2026-05-22 23:01:06.436 [info] read schema from vscode: vscode://schemas/settings/resourceLanguage
2026-05-22 23:01:06.453 [info] read schema from vscode: vscode://schemas/launch
2026-05-22 23:01:06.524 [info] read schema from vscode: vscode://schemas/token-styling
2026-05-22 23:01:06.544 [info] read schema from vscode: vscode://schemas/textmate-colors
2026-05-22 23:01:06.824 [info] read schema from vscode: vscode://schemas/workbench-colors
2026-05-22 23:01:06.834 [info] schema change detected vscode://schemas/settings/resourceLanguage
2026-05-22 23:01:06.958 [info] schema change detected vscode://schemas/settings/user
2026-05-22 23:01:06.959 [info] schema change detected vscode://schemas/settings/resourceLanguage
2026-05-22 23:01:06.986 [info] schema change detected vscode://schemas/settings/user
2026-05-22 23:01:08.113 [info] schema change detected vscode://schemas/settings/user
2026-05-22 23:01:08.215 [info] schema change detected vscode://schemas/settings/user
2026-05-22 23:01:09.133 [info] schema change detected vscode://schemas/launch
2026-05-22 23:01:10.102 [info] schema change detected vscode://schemas/settings/user
2026-05-22 23:01:11.104 [info] schema change detected vscode://schemas/settings/user
2026-05-22 23:01:11.858 [info] schema change detected vscode://schemas/settings/user
