2026-05-23 03:20:56.646 [info] Reading sessions from keychain...
2026-05-23 03:20:56.646 [info] Getting sessions for all scopes...
2026-05-23 03:20:56.646 [info] Got stored sessions!
2026-05-23 03:20:56.646 [info] Got 1 verified sessions.
2026-05-23 03:20:56.646 [info] Got 1 sessions for ...
2026-05-23 03:20:56.646 [info] Getting sessions for all scopes...
2026-05-23 03:20:56.646 [info] Got 1 sessions for ...
2026-05-23 03:20:56.646 [info] Getting sessions for all scopes...
2026-05-23 03:20:56.646 [info] Got 1 sessions for ...
2026-05-23 03:20:56.646 [info] Getting sessions for all scopes...
2026-05-23 03:20:56.646 [info] Got 1 sessions for ...
2026-05-23 03:20:56.646 [info] Getting sessions for all scopes...
2026-05-23 03:20:56.646 [info] Got 1 sessions for ...
2026-05-23 03:20:57.674 [info] Getting sessions for all scopes...
2026-05-23 03:20:57.674 [info] Got 1 sessions for ...
2026-05-23 03:21:00.375 [info] Getting sessions for all scopes...
2026-05-23 03:21:00.375 [info] Got 1 sessions for ...
2026-05-23 03:21:00.387 [info] Getting sessions for all scopes...
2026-05-23 03:21:00.387 [info] Got 1 sessions for ...
2026-05-23 03:21:00.387 [info] Getting sessions for all scopes...
2026-05-23 03:21:00.387 [info] Got 1 sessions for ...
2026-05-23 03:21:00.400 [info] Getting sessions for all scopes...
2026-05-23 03:21:00.400 [info] Got 1 sessions for ...
2026-05-23 03:21:00.401 [info] Getting sessions for all scopes...
2026-05-23 03:21:00.401 [info] Got 1 sessions for ...
2026-05-23 03:21:00.512 [info] Getting sessions for read:user,repo,user:email...
2026-05-23 03:21:00.512 [info] Got 0 sessions for read:user,repo,user:email...
2026-05-23 03:21:00.668 [info] Getting sessions for all scopes...
2026-05-23 03:21:00.668 [info] Got 1 sessions for ...
2026-05-23 03:21:00.677 [info] Getting sessions for all scopes...
2026-05-23 03:21:00.677 [info] Got 1 sessions for ...
2026-05-23 03:21:00.677 [info] Getting sessions for all scopes...
2026-05-23 03:21:00.677 [info] Got 1 sessions for ...
2026-05-23 03:21:00.754 [info] Getting sessions for all scopes...
2026-05-23 03:21:00.754 [info] Got 1 sessions for ...
2026-05-23 03:21:00.800 [info] Getting sessions for all scopes...
2026-05-23 03:21:00.800 [info] Got 1 sessions for ...
2026-05-23 03:21:00.899 [info] Getting sessions for read:user,repo,user:email,workflow...
2026-05-23 03:21:00.899 [info] Got 1 sessions for read:user,repo,user:email,workflow...
2026-05-23 03:21:02.243 [info] Getting sessions for all scopes...
2026-05-23 03:21:02.243 [info] Got 1 sessions for ...
2026-05-23 03:21:02.244 [info] Getting sessions for read:user,repo,user:email,workflow...
2026-05-23 03:21:02.244 [info] Got 1 sessions for read:user,repo,user:email,workflow...
2026-05-23 03:21:02.447 [info] Getting sessions for all scopes...
2026-05-23 03:21:02.447 [info] Got 1 sessions for ...
2026-05-23 03:21:02.448 [info] Getting sessions for read:user,repo,user:email,workflow...
2026-05-23 03:21:02.448 [info] Got 1 sessions for read:user,repo,user:email,workflow...
2026-05-23 03:21:12.192 [info] Getting sessions for all scopes...
2026-05-23 03:21:12.192 [info] Got 1 sessions for ...
2026-05-23 03:21:12.207 [info] Getting sessions for read:user,repo,user:email,workflow...
2026-05-23 03:21:12.207 [info] Got 1 sessions for read:user,repo,user:email,workflow...
2026-05-23 03:21:12.272 [info] Getting sessions for all scopes...
2026-05-23 03:21:12.272 [info] Got 1 sessions for ...
2026-05-23 03:21:12.273 [info] Getting sessions for all scopes...
2026-05-23 03:21:12.273 [info] Got 1 sessions for ...
2026-05-23 03:21:13.810 [info] Getting sessions for all scopes...
2026-05-23 03:21:13.811 [info] Got 1 sessions for ...
2026-05-23 03:21:13.811 [info] Getting sessions for read:user,repo,user:email,workflow...
2026-05-23 03:21:13.811 [info] Got 1 sessions for read:user,repo,user:email,workflow...
2026-05-23 03:21:41.607 [info] Getting sessions for all scopes...
2026-05-23 03:21:41.607 [info] Got 1 sessions for ...
2026-05-23 03:21:43.619 [info] Getting sessions for all scopes...
2026-05-23 03:21:43.619 [info] Got 1 sessions for ...
2026-05-23 03:21:43.636 [info] Getting sessions for read:user,repo,user:email,workflow...
2026-05-23 03:21:43.636 [info] Got 1 sessions for read:user,repo,user:email,workflow...
2026-05-23 03:21:43.716 [info] Getting sessions for all scopes...
2026-05-23 03:21:43.716 [info] Got 1 sessions for ...
2026-05-23 03:21:43.717 [info] Getting sessions for all scopes...
2026-05-23 03:21:43.717 [info] Got 1 sessions for ...
2026-05-23 03:21:46.215 [info] Getting sessions for all scopes...
2026-05-23 03:21:46.215 [info] Got 1 sessions for ...
2026-05-23 03:21:46.216 [info] Getting sessions for read:user,repo,user:email,workflow...
2026-05-23 03:21:46.216 [info] Got 1 sessions for read:user,repo,user:email,workflow...
2026-05-23 03:21:47.702 [info] Getting sessions for all scopes...
2026-05-23 03:21:47.702 [info] Got 1 sessions for ...
2026-05-23 03:21:47.703 [info] Getting sessions for read:user,repo,user:email,workflow...
2026-05-23 03:21:47.703 [info] Got 1 sessions for read:user,repo,user:email,workflow...
2026-05-23 03:21:49.426 [info] Getting sessions for all scopes...
2026-05-23 03:21:49.426 [info] Got 1 sessions for ...
2026-05-23 03:21:49.427 [info] Getting sessions for read:user,repo,user:email,workflow...
2026-05-23 03:21:49.427 [info] Got 1 sessions for read:user,repo,user:email,workflow...
2026-05-23 03:21:51.447 [info] Getting sessions for all scopes...
2026-05-23 03:21:51.448 [info] Got 1 sessions for ...
2026-05-23 03:21:51.449 [info] Getting sessions for read:user,repo,user:email,workflow...
2026-05-23 03:21:51.449 [info] Got 1 sessions for read:user,repo,user:email,workflow...
2026-05-23 03:21:53.193 [info] Getting sessions for all scopes...
2026-05-23 03:21:53.193 [info] Got 1 sessions for ...
2026-05-23 03:21:53.194 [info] Getting sessions for read:user,repo,user:email,workflow...
2026-05-23 03:21:53.194 [info] Got 1 sessions for read:user,repo,user:email,workflow...
2026-05-23 03:21:54.407 [info] Getting sessions for all scopes...
2026-05-23 03:21:54.407 [info] Got 1 sessions for ...
2026-05-23 03:21:54.408 [info] Getting sessions for read:user,repo,user:email,workflow...
2026-05-23 03:21:54.408 [info] Got 1 sessions for read:user,repo,user:email,workflow...
2026-05-23 03:21:56.023 [info] Getting sessions for all scopes...
2026-05-23 03:21:56.023 [info] Got 1 sessions for ...
2026-05-23 03:21:56.024 [info] Getting sessions for read:user,repo,user:email,workflow...
2026-05-23 03:21:56.024 [info] Got 1 sessions for read:user,repo,user:email,workflow...
2026-05-23 03:21:57.578 [info] Getting sessions for all scopes...
2026-05-23 03:21:57.578 [info] Got 1 sessions for ...
2026-05-23 03:21:57.580 [info] Getting sessions for read:user,repo,user:email,workflow...
2026-05-23 03:21:57.580 [info] Got 1 sessions for read:user,repo,user:email,workflow...
2026-05-23 03:21:58.779 [info] Getting sessions for all scopes...
2026-05-23 03:21:58.779 [info] Got 1 sessions for ...
2026-05-23 03:21:58.780 [info] Getting sessions for read:user,repo,user:email,workflow...
2026-05-23 03:21:58.780 [info] Got 1 sessions for read:user,repo,user:email,workflow...
2026-05-23 03:22:00.701 [info] Getting sessions for all scopes...
2026-05-23 03:22:00.701 [info] Got 1 sessions for ...
2026-05-23 03:22:00.702 [info] Getting sessions for read:user,repo,user:email,workflow...
2026-05-23 03:22:00.702 [info] Got 1 sessions for read:user,repo,user:email,workflow...
2026-05-23 03:22:02.861 [info] Getting sessions for all scopes...
2026-05-23 03:22:02.861 [info] Got 1 sessions for ...
2026-05-23 03:22:02.862 [info] Getting sessions for read:user,repo,user:email,workflow...
2026-05-23 03:22:02.862 [info] Got 1 sessions for read:user,repo,user:email,workflow...
2026-05-23 03:22:04.483 [info] Getting sessions for all scopes...
2026-05-23 03:22:04.483 [info] Got 1 sessions for ...
2026-05-23 03:22:04.486 [info] Getting sessions for read:user,repo,user:email,workflow...
2026-05-23 03:22:04.486 [info] Got 1 sessions for read:user,repo,user:email,workflow...
2026-05-23 03:22:06.456 [info] Getting sessions for all scopes...
2026-05-23 03:22:06.456 [info] Got 1 sessions for ...
2026-05-23 03:22:06.457 [info] Getting sessions for read:user,repo,user:email,workflow...
2026-05-23 03:22:06.457 [info] Got 1 sessions for read:user,repo,user:email,workflow...
2026-05-23 03:22:08.576 [info] Getting sessions for all scopes...
2026-05-23 03:22:08.576 [info] Got 1 sessions for ...
2026-05-23 03:22:08.577 [info] Getting sessions for read:user,repo,user:email,workflow...
2026-05-23 03:22:08.577 [info] Got 1 sessions for read:user,repo,user:email,workflow...
2026-05-23 03:22:11.159 [info] Getting sessions for all scopes...
2026-05-23 03:22:11.159 [info] Got 1 sessions for ...
2026-05-23 03:22:11.160 [info] Getting sessions for read:user,repo,user:email,workflow...
2026-05-23 03:22:11.160 [info] Got 1 sessions for read:user,repo,user:email,workflow...
2026-05-23 03:22:13.810 [info] Getting sessions for all scopes...
2026-05-23 03:22:13.810 [info] Got 1 sessions for ...
2026-05-23 03:22:13.812 [info] Getting sessions for read:user,repo,user:email,workflow...
2026-05-23 03:22:13.812 [info] Got 1 sessions for read:user,repo,user:email,workflow...
2026-05-23 03:22:15.051 [info] Getting sessions for all scopes...
2026-05-23 03:22:15.052 [info] Got 1 sessions for ...
2026-05-23 03:22:15.053 [info] Getting sessions for read:user,repo,user:email,workflow...
2026-05-23 03:22:15.053 [info] Got 1 sessions for read:user,repo,user:email,workflow...
2026-05-23 03:22:16.059 [info] Getting sessions for all scopes...
2026-05-23 03:22:16.059 [info] Got 1 sessions for ...
2026-05-23 03:22:16.060 [info] Getting sessions for read:user,repo,user:email,workflow...
2026-05-23 03:22:16.060 [info] Got 1 sessions for read:user,repo,user:email,workflow...
2026-05-23 03:22:18.382 [info] Getting sessions for all scopes...
2026-05-23 03:22:18.382 [info] Got 1 sessions for ...
2026-05-23 03:22:18.387 [info] Getting sessions for read:user,repo,user:email,workflow...
2026-05-23 03:22:18.387 [info] Got 1 sessions for read:user,repo,user:email,workflow...
2026-05-23 03:22:19.916 [info] Getting sessions for all scopes...
2026-05-23 03:22:19.916 [info] Got 1 sessions for ...
2026-05-23 03:22:19.917 [info] Getting sessions for read:user,repo,user:email,workflow...
2026-05-23 03:22:19.917 [info] Got 1 sessions for read:user,repo,user:email,workflow...
2026-05-23 03:22:21.107 [info] Getting sessions for all scopes...
2026-05-23 03:22:21.107 [info] Got 1 sessions for ...
2026-05-23 03:22:21.110 [info] Getting sessions for read:user,repo,user:email,workflow...
2026-05-23 03:22:21.110 [info] Got 1 sessions for read:user,repo,user:email,workflow...
2026-05-23 03:22:24.681 [info] Getting sessions for all scopes...
2026-05-23 03:22:24.681 [info] Got 1 sessions for ...
2026-05-23 03:22:24.682 [info] Getting sessions for read:user,repo,user:email,workflow...
2026-05-23 03:22:24.683 [info] Got 1 sessions for read:user,repo,user:email,workflow...
2026-05-23 03:22:29.683 [info] Getting sessions for all scopes...
2026-05-23 03:22:29.683 [info] Got 1 sessions for ...
2026-05-23 03:22:29.684 [info] Getting sessions for read:user,repo,user:email,workflow...
2026-05-23 03:22:29.684 [info] Got 1 sessions for read:user,repo,user:email,workflow...
2026-05-23 03:22:33.154 [info] Getting sessions for all scopes...
2026-05-23 03:22:33.154 [info] Got 1 sessions for ...
2026-05-23 03:22:33.156 [info] Getting sessions for read:user,repo,user:email,workflow...
2026-05-23 03:22:33.156 [info] Got 1 sessions for read:user,repo,user:email,workflow...
2026-05-23 03:22:38.383 [info] Getting sessions for all scopes...
2026-05-23 03:22:38.383 [info] Got 1 sessions for ...
2026-05-23 03:22:38.384 [info] Getting sessions for read:user,repo,user:email,workflow...
2026-05-23 03:22:38.384 [info] Got 1 sessions for read:user,repo,user:email,workflow...
2026-05-23 03:22:39.752 [info] Getting sessions for all scopes...
2026-05-23 03:22:39.752 [info] Got 1 sessions for ...
2026-05-23 03:22:39.753 [info] Getting sessions for read:user,repo,user:email,workflow...
2026-05-23 03:22:39.753 [info] Got 1 sessions for read:user,repo,user:email,workflow...
2026-05-23 03:22:42.456 [info] Getting sessions for all scopes...
2026-05-23 03:22:42.456 [info] Got 1 sessions for ...
2026-05-23 03:22:42.457 [info] Getting sessions for read:user,repo,user:email,workflow...
2026-05-23 03:22:42.457 [info] Got 1 sessions for read:user,repo,user:email,workflow...
2026-05-23 03:22:47.412 [info] Getting sessions for all scopes...
2026-05-23 03:22:47.412 [info] Got 1 sessions for ...
2026-05-23 03:22:47.413 [info] Getting sessions for read:user,repo,user:email,workflow...
2026-05-23 03:22:47.413 [info] Got 1 sessions for read:user,repo,user:email,workflow...
2026-05-23 03:22:48.871 [info] Getting sessions for all scopes...
2026-05-23 03:22:48.871 [info] Got 1 sessions for ...
2026-05-23 03:22:48.872 [info] Getting sessions for read:user,repo,user:email,workflow...
2026-05-23 03:22:48.872 [info] Got 1 sessions for read:user,repo,user:email,workflow...
2026-05-23 03:22:50.716 [info] Getting sessions for all scopes...
2026-05-23 03:22:50.716 [info] Got 1 sessions for ...
2026-05-23 03:22:50.717 [info] Getting sessions for read:user,repo,user:email,workflow...
2026-05-23 03:22:50.717 [info] Got 1 sessions for read:user,repo,user:email,workflow...
2026-05-23 03:22:52.256 [info] Getting sessions for all scopes...
2026-05-23 03:22:52.256 [info] Got 1 sessions for ...
2026-05-23 03:22:52.262 [info] Getting sessions for read:user,repo,user:email,workflow...
2026-05-23 03:22:52.262 [info] Got 1 sessions for read:user,repo,user:email,workflow...
2026-05-23 03:22:54.808 [info] Getting sessions for all scopes...
2026-05-23 03:22:54.808 [info] Got 1 sessions for ...
2026-05-23 03:22:54.809 [info] Getting sessions for read:user,repo,user:email,workflow...
2026-05-23 03:22:54.809 [info] Got 1 sessions for read:user,repo,user:email,workflow...
2026-05-23 03:22:56.285 [info] Getting sessions for all scopes...
2026-05-23 03:22:56.285 [info] Got 1 sessions for ...
2026-05-23 03:22:56.288 [info] Getting sessions for read:user,repo,user:email,workflow...
2026-05-23 03:22:56.288 [info] Got 1 sessions for read:user,repo,user:email,workflow...
2026-05-23 03:22:58.031 [info] Getting sessions for all scopes...
2026-05-23 03:22:58.031 [info] Got 1 sessions for ...
2026-05-23 03:22:58.032 [info] Getting sessions for read:user,repo,user:email,workflow...
2026-05-23 03:22:58.032 [info] Got 1 sessions for read:user,repo,user:email,workflow...
2026-05-23 03:23:00.494 [info] Getting sessions for all scopes...
2026-05-23 03:23:00.494 [info] Got 1 sessions for ...
2026-05-23 03:23:00.500 [info] Getting sessions for read:user,repo,user:email,workflow...
2026-05-23 03:23:00.500 [info] Got 1 sessions for read:user,repo,user:email,workflow...
2026-05-23 03:23:01.717 [info] Getting sessions for all scopes...
2026-05-23 03:23:01.717 [info] Got 1 sessions for ...
2026-05-23 03:23:01.718 [info] Getting sessions for read:user,repo,user:email,workflow...
2026-05-23 03:23:01.718 [info] Got 1 sessions for read:user,repo,user:email,workflow...
2026-05-23 03:23:04.359 [info] Getting sessions for all scopes...
2026-05-23 03:23:04.359 [info] Got 1 sessions for ...
2026-05-23 03:23:04.359 [info] Getting sessions for read:user,repo,user:email,workflow...
2026-05-23 03:23:04.359 [info] Got 1 sessions for read:user,repo,user:email,workflow...
2026-05-23 03:23:05.610 [info] Getting sessions for all scopes...
2026-05-23 03:23:05.610 [info] Got 1 sessions for ...
2026-05-23 03:23:05.611 [info] Getting sessions for read:user,repo,user:email,workflow...
2026-05-23 03:23:05.611 [info] Got 1 sessions for read:user,repo,user:email,workflow...
2026-05-23 03:23:07.561 [info] Getting sessions for all scopes...
2026-05-23 03:23:07.561 [info] Got 1 sessions for ...
2026-05-23 03:23:07.562 [info] Getting sessions for read:user,repo,user:email,workflow...
2026-05-23 03:23:07.562 [info] Got 1 sessions for read:user,repo,user:email,workflow...
2026-05-23 03:23:09.011 [info] Getting sessions for all scopes...
2026-05-23 03:23:09.011 [info] Got 1 sessions for ...
2026-05-23 03:23:09.012 [info] Getting sessions for read:user,repo,user:email,workflow...
2026-05-23 03:23:09.012 [info] Got 1 sessions for read:user,repo,user:email,workflow...
2026-05-23 03:23:11.482 [info] Getting sessions for all scopes...
2026-05-23 03:23:11.482 [info] Got 1 sessions for ...
2026-05-23 03:23:11.483 [info] Getting sessions for read:user,repo,user:email,workflow...
2026-05-23 03:23:11.483 [info] Got 1 sessions for read:user,repo,user:email,workflow...
2026-05-23 03:23:13.164 [info] Getting sessions for all scopes...
2026-05-23 03:23:13.164 [info] Got 1 sessions for ...
2026-05-23 03:23:13.171 [info] Getting sessions for read:user,repo,user:email,workflow...
2026-05-23 03:23:13.171 [info] Got 1 sessions for read:user,repo,user:email,workflow...
2026-05-23 03:23:14.897 [info] Getting sessions for all scopes...
2026-05-23 03:23:14.897 [info] Got 1 sessions for ...
2026-05-23 03:23:14.898 [info] Getting sessions for read:user,repo,user:email,workflow...
2026-05-23 03:23:14.898 [info] Got 1 sessions for read:user,repo,user:email,workflow...
2026-05-23 03:23:16.082 [info] Getting sessions for all scopes...
2026-05-23 03:23:16.082 [info] Got 1 sessions for ...
2026-05-23 03:23:16.083 [info] Getting sessions for read:user,repo,user:email,workflow...
2026-05-23 03:23:16.083 [info] Got 1 sessions for read:user,repo,user:email,workflow...
2026-05-23 03:23:17.194 [info] Getting sessions for all scopes...
2026-05-23 03:23:17.194 [info] Got 1 sessions for ...
2026-05-23 03:23:17.195 [info] Getting sessions for read:user,repo,user:email,workflow...
2026-05-23 03:23:17.195 [info] Got 1 sessions for read:user,repo,user:email,workflow...
2026-05-23 03:23:21.569 [info] Getting sessions for all scopes...
2026-05-23 03:23:21.569 [info] Got 1 sessions for ...
2026-05-23 03:23:22.820 [info] Getting sessions for all scopes...
2026-05-23 03:23:22.820 [info] Got 1 sessions for ...
2026-05-23 03:23:22.821 [info] Getting sessions for read:user,repo,user:email,workflow...
2026-05-23 03:23:22.821 [info] Got 1 sessions for read:user,repo,user:email,workflow...
2026-05-23 03:23:40.069 [info] Getting sessions for all scopes...
2026-05-23 03:23:40.069 [info] Got 1 sessions for ...
2026-05-23 03:23:42.813 [info] Getting sessions for all scopes...
2026-05-23 03:23:42.813 [info] Got 1 sessions for ...
2026-05-23 03:23:42.818 [info] Getting sessions for read:user,repo,user:email,workflow...
2026-05-23 03:23:42.818 [info] Got 1 sessions for read:user,repo,user:email,workflow...
2026-05-23 03:23:44.338 [info] Getting sessions for all scopes...
2026-05-23 03:23:44.339 [info] Got 1 sessions for ...
2026-05-23 03:23:44.341 [info] Getting sessions for read:user,repo,user:email,workflow...
2026-05-23 03:23:44.341 [info] Got 1 sessions for read:user,repo,user:email,workflow...
2026-05-23 03:23:47.099 [info] Getting sessions for all scopes...
2026-05-23 03:23:47.099 [info] Got 1 sessions for ...
2026-05-23 03:23:47.103 [info] Getting sessions for read:user,repo,user:email,workflow...
2026-05-23 03:23:47.103 [info] Got 1 sessions for read:user,repo,user:email,workflow...
2026-05-23 03:23:48.365 [info] Getting sessions for all scopes...
2026-05-23 03:23:48.365 [info] Got 1 sessions for ...
2026-05-23 03:23:48.365 [info] Getting sessions for read:user,repo,user:email,workflow...
2026-05-23 03:23:48.365 [info] Got 1 sessions for read:user,repo,user:email,workflow...
2026-05-23 03:23:50.751 [info] Getting sessions for all scopes...
2026-05-23 03:23:50.751 [info] Got 1 sessions for ...
2026-05-23 03:23:54.005 [info] Getting sessions for all scopes...
2026-05-23 03:23:54.005 [info] Got 1 sessions for ...
2026-05-23 03:23:54.006 [info] Getting sessions for read:user,repo,user:email,workflow...
2026-05-23 03:23:54.006 [info] Got 1 sessions for read:user,repo,user:email,workflow...
2026-05-23 03:24:01.373 [info] Getting sessions for all scopes...
2026-05-23 03:24:01.373 [info] Got 1 sessions for ...
2026-05-23 03:24:01.374 [info] Getting sessions for read:user,repo,user:email,workflow...
2026-05-23 03:24:01.374 [info] Got 1 sessions for read:user,repo,user:email,workflow...
2026-05-23 03:24:02.610 [info] Getting sessions for all scopes...
2026-05-23 03:24:02.610 [info] Got 1 sessions for ...
2026-05-23 03:24:02.611 [info] Getting sessions for read:user,repo,user:email,workflow...
2026-05-23 03:24:02.611 [info] Got 1 sessions for read:user,repo,user:email,workflow...
2026-05-23 03:24:05.818 [info] Getting sessions for all scopes...
2026-05-23 03:24:05.818 [info] Got 1 sessions for ...
2026-05-23 03:24:05.819 [info] Getting sessions for read:user,repo,user:email,workflow...
2026-05-23 03:24:05.819 [info] Got 1 sessions for read:user,repo,user:email,workflow...
2026-05-23 03:24:08.093 [info] Getting sessions for all scopes...
2026-05-23 03:24:08.093 [info] Got 1 sessions for ...
2026-05-23 03:24:08.094 [info] Getting sessions for read:user,repo,user:email,workflow...
2026-05-23 03:24:08.094 [info] Got 1 sessions for read:user,repo,user:email,workflow...
2026-05-23 03:24:09.787 [info] Getting sessions for all scopes...
2026-05-23 03:24:09.787 [info] Got 1 sessions for ...
2026-05-23 03:24:09.788 [info] Getting sessions for read:user,repo,user:email,workflow...
2026-05-23 03:24:09.788 [info] Got 1 sessions for read:user,repo,user:email,workflow...
2026-05-23 03:24:15.619 [info] Getting sessions for all scopes...
2026-05-23 03:24:15.619 [info] Got 1 sessions for ...
2026-05-23 03:24:15.620 [info] Getting sessions for read:user,repo,user:email,workflow...
2026-05-23 03:24:15.620 [info] Got 1 sessions for read:user,repo,user:email,workflow...
2026-05-23 03:24:16.801 [info] Getting sessions for all scopes...
2026-05-23 03:24:16.801 [info] Got 1 sessions for ...
2026-05-23 03:24:16.802 [info] Getting sessions for read:user,repo,user:email,workflow...
2026-05-23 03:24:16.802 [info] Got 1 sessions for read:user,repo,user:email,workflow...
2026-05-23 03:34:12.508 [info] Getting sessions for all scopes...
2026-05-23 03:34:12.508 [info] Got 1 sessions for ...
2026-05-23 03:34:12.509 [info] Getting sessions for all scopes...
2026-05-23 03:34:12.509 [info] Got 1 sessions for ...
2026-05-23 03:34:13.889 [info] Getting sessions for all scopes...
2026-05-23 03:34:13.889 [info] Got 1 sessions for ...
2026-05-23 03:34:13.890 [info] Getting sessions for read:user,repo,user:email,workflow...
2026-05-23 03:34:13.890 [info] Got 1 sessions for read:user,repo,user:email,workflow...
2026-05-23 03:34:21.088 [info] Getting sessions for all scopes...
2026-05-23 03:34:21.088 [info] Got 1 sessions for ...
2026-05-23 03:34:21.103 [info] Getting sessions for read:user,repo,user:email,workflow...
2026-05-23 03:34:21.103 [info] Got 1 sessions for read:user,repo,user:email,workflow...
2026-05-23 03:34:21.280 [info] Getting sessions for all scopes...
2026-05-23 03:34:21.280 [info] Got 1 sessions for ...
2026-05-23 03:34:21.282 [info] Getting sessions for read:user,repo,user:email,workflow...
2026-05-23 03:34:21.282 [info] Got 1 sessions for read:user,repo,user:email,workflow...
2026-05-23 03:34:22.923 [info] Getting sessions for all scopes...
2026-05-23 03:34:22.923 [info] Got 1 sessions for ...
2026-05-23 03:34:22.924 [info] Getting sessions for read:user,repo,user:email,workflow...
2026-05-23 03:34:22.924 [info] Got 1 sessions for read:user,repo,user:email,workflow...
2026-05-23 03:34:25.380 [info] Getting sessions for all scopes...
2026-05-23 03:34:25.380 [info] Got 1 sessions for ...
2026-05-23 03:34:25.384 [info] Getting sessions for read:user,repo,user:email,workflow...
2026-05-23 03:34:25.384 [info] Got 1 sessions for read:user,repo,user:email,workflow...
2026-05-23 03:34:26.914 [info] Getting sessions for all scopes...
2026-05-23 03:34:26.914 [info] Got 1 sessions for ...
2026-05-23 03:34:26.914 [info] Getting sessions for read:user,repo,user:email,workflow...
2026-05-23 03:34:26.914 [info] Got 1 sessions for read:user,repo,user:email,workflow...
2026-05-23 03:34:31.566 [info] Getting sessions for all scopes...
2026-05-23 03:34:31.566 [info] Got 1 sessions for ...
2026-05-23 03:34:31.567 [info] Getting sessions for read:user,repo,user:email,workflow...
2026-05-23 03:34:31.567 [info] Got 1 sessions for read:user,repo,user:email,workflow...
2026-05-23 03:34:36.568 [info] Getting sessions for all scopes...
2026-05-23 03:34:36.568 [info] Got 1 sessions for ...
2026-05-23 03:34:36.570 [info] Getting sessions for read:user,repo,user:email,workflow...
2026-05-23 03:34:36.570 [info] Got 1 sessions for read:user,repo,user:email,workflow...
2026-05-23 03:34:38.270 [info] Getting sessions for all scopes...
2026-05-23 03:34:38.270 [info] Got 1 sessions for ...
2026-05-23 03:34:38.272 [info] Getting sessions for all scopes...
2026-05-23 03:34:38.272 [info] Got 1 sessions for ...
2026-05-23 03:34:38.273 [info] Getting sessions for all scopes...
2026-05-23 03:34:38.273 [info] Got 1 sessions for ...
2026-05-23 03:34:38.274 [info] Getting sessions for read:user,repo,user:email,workflow...
2026-05-23 03:34:38.274 [info] Got 1 sessions for read:user,repo,user:email,workflow...
2026-05-23 03:34:39.587 [info] Getting sessions for all scopes...
2026-05-23 03:34:39.587 [info] Got 1 sessions for ...
2026-05-23 03:34:39.592 [info] Getting sessions for read:user,repo,user:email,workflow...
2026-05-23 03:34:39.593 [info] Got 1 sessions for read:user,repo,user:email,workflow...
2026-05-23 03:34:41.467 [info] Getting sessions for all scopes...
2026-05-23 03:34:41.467 [info] Got 1 sessions for ...
2026-05-23 03:34:41.468 [info] Getting sessions for read:user,repo,user:email,workflow...
2026-05-23 03:34:41.468 [info] Got 1 sessions for read:user,repo,user:email,workflow...
2026-05-23 03:34:42.831 [info] Getting sessions for all scopes...
2026-05-23 03:34:42.831 [info] Got 1 sessions for ...
2026-05-23 03:34:42.851 [info] Getting sessions for read:user,repo,user:email,workflow...
2026-05-23 03:34:42.851 [info] Got 1 sessions for read:user,repo,user:email,workflow...
2026-05-23 03:34:46.742 [info] Getting sessions for all scopes...
2026-05-23 03:34:46.742 [info] Got 1 sessions for ...
2026-05-23 03:34:46.745 [info] Getting sessions for read:user,repo,user:email,workflow...
2026-05-23 03:34:46.745 [info] Got 1 sessions for read:user,repo,user:email,workflow...
2026-05-23 03:34:51.746 [info] Getting sessions for all scopes...
2026-05-23 03:34:51.746 [info] Got 1 sessions for ...
2026-05-23 03:34:51.747 [info] Getting sessions for read:user,repo,user:email,workflow...
2026-05-23 03:34:51.747 [info] Got 1 sessions for read:user,repo,user:email,workflow...
2026-05-23 03:34:57.346 [info] Getting sessions for all scopes...
2026-05-23 03:34:57.346 [info] Got 1 sessions for ...
2026-05-23 03:34:57.346 [info] Getting sessions for read:user,repo,user:email,workflow...
2026-05-23 03:34:57.346 [info] Got 1 sessions for read:user,repo,user:email,workflow...
2026-05-23 03:35:00.031 [info] Getting sessions for all scopes...
2026-05-23 03:35:00.031 [info] Got 1 sessions for ...
2026-05-23 03:35:00.032 [info] Getting sessions for read:user,repo,user:email,workflow...
2026-05-23 03:35:00.032 [info] Got 1 sessions for read:user,repo,user:email,workflow...
2026-05-23 03:35:01.418 [info] Getting sessions for all scopes...
2026-05-23 03:35:01.418 [info] Got 1 sessions for ...
2026-05-23 03:35:01.419 [info] Getting sessions for read:user,repo,user:email,workflow...
2026-05-23 03:35:01.419 [info] Got 1 sessions for read:user,repo,user:email,workflow...
2026-05-23 03:35:02.954 [info] Getting sessions for all scopes...
2026-05-23 03:35:02.954 [info] Got 1 sessions for ...
2026-05-23 03:35:02.956 [info] Getting sessions for read:user,repo,user:email,workflow...
2026-05-23 03:35:02.956 [info] Got 1 sessions for read:user,repo,user:email,workflow...
2026-05-23 03:35:04.328 [info] Getting sessions for all scopes...
2026-05-23 03:35:04.328 [info] Got 1 sessions for ...
2026-05-23 03:35:04.329 [info] Getting sessions for read:user,repo,user:email,workflow...
2026-05-23 03:35:04.329 [info] Got 1 sessions for read:user,repo,user:email,workflow...
2026-05-23 03:35:09.331 [info] Getting sessions for all scopes...
2026-05-23 03:35:09.331 [info] Got 1 sessions for ...
2026-05-23 03:35:09.332 [info] Getting sessions for read:user,repo,user:email,workflow...
2026-05-23 03:35:09.332 [info] Got 1 sessions for read:user,repo,user:email,workflow...
2026-05-23 03:35:12.829 [info] Getting sessions for all scopes...
2026-05-23 03:35:12.829 [info] Got 1 sessions for ...
2026-05-23 03:35:12.835 [info] Getting sessions for read:user,repo,user:email,workflow...
2026-05-23 03:35:12.835 [info] Got 1 sessions for read:user,repo,user:email,workflow...
2026-05-23 03:35:17.317 [info] Getting sessions for all scopes...
2026-05-23 03:35:17.317 [info] Got 1 sessions for ...
2026-05-23 03:35:17.318 [info] Getting sessions for read:user,repo,user:email,workflow...
2026-05-23 03:35:17.318 [info] Got 1 sessions for read:user,repo,user:email,workflow...
2026-05-23 03:35:19.131 [info] Getting sessions for all scopes...
2026-05-23 03:35:19.131 [info] Got 1 sessions for ...
2026-05-23 03:35:19.132 [info] Getting sessions for read:user,repo,user:email,workflow...
2026-05-23 03:35:19.132 [info] Got 1 sessions for read:user,repo,user:email,workflow...
2026-05-23 03:35:21.164 [info] Getting sessions for all scopes...
2026-05-23 03:35:21.164 [info] Got 1 sessions for ...
2026-05-23 03:35:21.169 [info] Getting sessions for read:user,repo,user:email,workflow...
2026-05-23 03:35:21.169 [info] Got 1 sessions for read:user,repo,user:email,workflow...
2026-05-23 03:35:25.291 [info] Getting sessions for all scopes...
2026-05-23 03:35:25.291 [info] Got 1 sessions for ...
2026-05-23 03:35:26.394 [info] Getting sessions for all scopes...
2026-05-23 03:35:26.394 [info] Got 1 sessions for ...
2026-05-23 03:35:26.395 [info] Getting sessions for read:user,repo,user:email,workflow...
2026-05-23 03:35:26.395 [info] Got 1 sessions for read:user,repo,user:email,workflow...
2026-05-23 03:35:26.741 [info] Getting sessions for all scopes...
2026-05-23 03:35:26.741 [info] Got 1 sessions for ...
2026-05-23 03:35:38.269 [info] Getting sessions for all scopes...
2026-05-23 03:35:38.269 [info] Got 1 sessions for ...
2026-05-23 03:35:38.270 [info] Getting sessions for read:user,repo,user:email,workflow...
2026-05-23 03:35:38.270 [info] Got 1 sessions for read:user,repo,user:email,workflow...
2026-05-23 03:35:39.606 [info] Getting sessions for all scopes...
2026-05-23 03:35:39.606 [info] Got 1 sessions for ...
2026-05-23 03:35:39.607 [info] Getting sessions for read:user,repo,user:email,workflow...
2026-05-23 03:35:39.607 [info] Got 1 sessions for read:user,repo,user:email,workflow...
2026-05-23 03:35:41.089 [info] Getting sessions for all scopes...
2026-05-23 03:35:41.089 [info] Got 1 sessions for ...
2026-05-23 03:35:41.090 [info] Getting sessions for read:user,repo,user:email,workflow...
2026-05-23 03:35:41.090 [info] Got 1 sessions for read:user,repo,user:email,workflow...
2026-05-23 03:35:45.581 [info] Getting sessions for all scopes...
2026-05-23 03:35:45.581 [info] Got 1 sessions for ...
2026-05-23 03:35:45.582 [info] Getting sessions for read:user,repo,user:email,workflow...
2026-05-23 03:35:45.582 [info] Got 1 sessions for read:user,repo,user:email,workflow...
2026-05-23 03:35:50.582 [info] Getting sessions for all scopes...
2026-05-23 03:35:50.582 [info] Got 1 sessions for ...
2026-05-23 03:35:50.583 [info] Getting sessions for read:user,repo,user:email,workflow...
2026-05-23 03:35:50.583 [info] Got 1 sessions for read:user,repo,user:email,workflow...
2026-05-23 03:36:02.403 [info] Getting sessions for all scopes...
2026-05-23 03:36:02.403 [info] Got 1 sessions for ...
2026-05-23 03:36:11.229 [info] Getting sessions for all scopes...
2026-05-23 03:36:11.229 [info] Got 1 sessions for ...
2026-05-23 03:36:11.231 [info] Getting sessions for read:user,repo,user:email,workflow...
2026-05-23 03:36:11.231 [info] Got 1 sessions for read:user,repo,user:email,workflow...
2026-05-23 03:36:13.074 [info] Getting sessions for all scopes...
2026-05-23 03:36:13.074 [info] Got 1 sessions for ...
2026-05-23 03:36:13.075 [info] Getting sessions for read:user,repo,user:email,workflow...
2026-05-23 03:36:13.075 [info] Got 1 sessions for read:user,repo,user:email,workflow...
2026-05-23 03:36:18.262 [info] Getting sessions for all scopes...
2026-05-23 03:36:18.262 [info] Got 1 sessions for ...
2026-05-23 03:36:18.263 [info] Getting sessions for read:user,repo,user:email,workflow...
2026-05-23 03:36:18.263 [info] Got 1 sessions for read:user,repo,user:email,workflow...
2026-05-23 03:37:16.490 [info] Getting sessions for all scopes...
2026-05-23 03:37:16.490 [info] Got 1 sessions for ...
2026-05-23 03:37:16.491 [info] Getting sessions for all scopes...
2026-05-23 03:37:16.491 [info] Got 1 sessions for ...
2026-05-23 03:37:17.637 [info] Getting sessions for all scopes...
2026-05-23 03:37:17.637 [info] Got 1 sessions for ...
2026-05-23 03:37:17.639 [info] Getting sessions for read:user,repo,user:email,workflow...
2026-05-23 03:37:17.639 [info] Got 1 sessions for read:user,repo,user:email,workflow...
2026-05-23 03:37:19.476 [info] Getting sessions for all scopes...
2026-05-23 03:37:19.476 [info] Got 1 sessions for ...
2026-05-23 03:37:19.491 [info] Getting sessions for read:user,repo,user:email,workflow...
2026-05-23 03:37:19.491 [info] Got 1 sessions for read:user,repo,user:email,workflow...
2026-05-23 03:37:19.558 [info] Getting sessions for all scopes...
2026-05-23 03:37:19.558 [info] Got 1 sessions for ...
2026-05-23 03:37:19.572 [info] Getting sessions for read:user,repo,user:email,workflow...
2026-05-23 03:37:19.572 [info] Got 1 sessions for read:user,repo,user:email,workflow...
2026-05-23 03:37:21.696 [info] Getting sessions for all scopes...
2026-05-23 03:37:21.696 [info] Got 1 sessions for ...
2026-05-23 03:37:21.698 [info] Getting sessions for read:user,repo,user:email,workflow...
2026-05-23 03:37:21.698 [info] Got 1 sessions for read:user,repo,user:email,workflow...
2026-05-23 03:37:24.001 [info] Getting sessions for all scopes...
2026-05-23 03:37:24.001 [info] Got 1 sessions for ...
2026-05-23 03:37:24.003 [info] Getting sessions for read:user,repo,user:email,workflow...
2026-05-23 03:37:24.003 [info] Got 1 sessions for read:user,repo,user:email,workflow...
2026-05-23 03:37:26.218 [info] Getting sessions for all scopes...
2026-05-23 03:37:26.218 [info] Got 1 sessions for ...
2026-05-23 03:37:26.220 [info] Getting sessions for read:user,repo,user:email,workflow...
2026-05-23 03:37:26.220 [info] Got 1 sessions for read:user,repo,user:email,workflow...
2026-05-23 03:37:27.917 [info] Getting sessions for all scopes...
2026-05-23 03:37:27.917 [info] Got 1 sessions for ...
2026-05-23 03:37:27.920 [info] Getting sessions for read:user,repo,user:email,workflow...
2026-05-23 03:37:27.920 [info] Got 1 sessions for read:user,repo,user:email,workflow...
2026-05-23 03:37:33.255 [info] Getting sessions for all scopes...
2026-05-23 03:37:33.255 [info] Got 1 sessions for ...
2026-05-23 03:37:33.256 [info] Getting sessions for read:user,repo,user:email,workflow...
2026-05-23 03:37:33.256 [info] Got 1 sessions for read:user,repo,user:email,workflow...
2026-05-23 03:37:36.323 [info] Getting sessions for all scopes...
2026-05-23 03:37:36.323 [info] Got 1 sessions for ...
2026-05-23 03:37:36.324 [info] Getting sessions for read:user,repo,user:email,workflow...
2026-05-23 03:37:36.324 [info] Got 1 sessions for read:user,repo,user:email,workflow...
2026-05-23 03:37:40.576 [info] Getting sessions for all scopes...
2026-05-23 03:37:40.576 [info] Got 1 sessions for ...
2026-05-23 03:37:42.130 [info] Getting sessions for all scopes...
2026-05-23 03:37:42.130 [info] Got 1 sessions for ...
2026-05-23 03:37:42.131 [info] Getting sessions for read:user,repo,user:email,workflow...
2026-05-23 03:37:42.131 [info] Got 1 sessions for read:user,repo,user:email,workflow...
2026-05-23 03:38:00.938 [info] Getting sessions for all scopes...
2026-05-23 03:38:00.938 [info] Got 1 sessions for ...
2026-05-23 03:38:00.939 [info] Getting sessions for read:user,repo,user:email,workflow...
2026-05-23 03:38:00.939 [info] Got 1 sessions for read:user,repo,user:email,workflow...
2026-05-23 03:38:06.604 [info] Getting sessions for all scopes...
2026-05-23 03:38:06.604 [info] Got 1 sessions for ...
2026-05-23 03:38:06.605 [info] Getting sessions for read:user,repo,user:email,workflow...
2026-05-23 03:38:06.605 [info] Got 1 sessions for read:user,repo,user:email,workflow...
2026-05-23 03:38:09.244 [info] Getting sessions for all scopes...
2026-05-23 03:38:09.244 [info] Got 1 sessions for ...
2026-05-23 03:38:13.564 [info] Getting sessions for all scopes...
2026-05-23 03:38:13.564 [info] Got 1 sessions for ...
2026-05-23 03:38:13.566 [info] Getting sessions for read:user,repo,user:email,workflow...
2026-05-23 03:38:13.566 [info] Got 1 sessions for read:user,repo,user:email,workflow...
2026-05-23 03:38:15.912 [info] Getting sessions for all scopes...
2026-05-23 03:38:15.912 [info] Got 1 sessions for ...
2026-05-23 03:38:15.913 [info] Getting sessions for read:user,repo,user:email,workflow...
2026-05-23 03:38:15.913 [info] Got 1 sessions for read:user,repo,user:email,workflow...
2026-05-23 03:38:18.173 [info] Getting sessions for all scopes...
2026-05-23 03:38:18.174 [info] Got 1 sessions for ...
2026-05-23 03:38:19.461 [info] Getting sessions for all scopes...
2026-05-23 03:38:19.461 [info] Got 1 sessions for ...
2026-05-23 03:38:19.462 [info] Getting sessions for read:user,repo,user:email,workflow...
2026-05-23 03:38:19.462 [info] Got 1 sessions for read:user,repo,user:email,workflow...
2026-05-23 03:38:20.675 [info] Getting sessions for all scopes...
2026-05-23 03:38:20.675 [info] Got 1 sessions for ...
2026-05-23 03:38:20.676 [info] Getting sessions for read:user,repo,user:email,workflow...
2026-05-23 03:38:20.676 [info] Got 1 sessions for read:user,repo,user:email,workflow...
2026-05-23 03:38:21.077 [info] Getting sessions for all scopes...
2026-05-23 03:38:21.077 [info] Got 1 sessions for ...
2026-05-23 03:38:21.078 [info] Getting sessions for read:user,repo,user:email,workflow...
2026-05-23 03:38:21.078 [info] Got 1 sessions for read:user,repo,user:email,workflow...
2026-05-23 03:38:24.714 [info] Getting sessions for all scopes...
2026-05-23 03:38:24.714 [info] Got 1 sessions for ...
2026-05-23 03:38:24.715 [info] Getting sessions for read:user,repo,user:email,workflow...
2026-05-23 03:38:24.715 [info] Got 1 sessions for read:user,repo,user:email,workflow...
2026-05-23 03:38:30.127 [info] Getting sessions for all scopes...
2026-05-23 03:38:30.127 [info] Got 1 sessions for ...
2026-05-23 03:38:30.128 [info] Getting sessions for read:user,repo,user:email,workflow...
2026-05-23 03:38:30.128 [info] Got 1 sessions for read:user,repo,user:email,workflow...
2026-05-23 03:38:30.916 [info] Getting sessions for all scopes...
2026-05-23 03:38:30.916 [info] Got 1 sessions for ...
2026-05-23 03:51:18.942 [info] Getting sessions for all scopes...
2026-05-23 03:51:18.942 [info] Got 1 sessions for ...
2026-05-23 03:51:18.943 [info] Getting sessions for all scopes...
2026-05-23 03:51:18.943 [info] Got 1 sessions for ...
2026-05-23 03:51:21.323 [info] Getting sessions for all scopes...
2026-05-23 03:51:21.323 [info] Got 1 sessions for ...
2026-05-23 03:51:21.325 [info] Getting sessions for read:user,repo,user:email,workflow...
2026-05-23 03:51:21.325 [info] Got 1 sessions for read:user,repo,user:email,workflow...
2026-05-23 03:51:23.111 [info] Getting sessions for all scopes...
2026-05-23 03:51:23.111 [info] Got 1 sessions for ...
2026-05-23 03:51:23.112 [info] Getting sessions for read:user,repo,user:email,workflow...
2026-05-23 03:51:23.112 [info] Got 1 sessions for read:user,repo,user:email,workflow...
2026-05-23 03:51:24.677 [info] Getting sessions for all scopes...
2026-05-23 03:51:24.677 [info] Got 1 sessions for ...
2026-05-23 03:51:24.678 [info] Getting sessions for read:user,repo,user:email,workflow...
2026-05-23 03:51:24.678 [info] Got 1 sessions for read:user,repo,user:email,workflow...
2026-05-23 03:51:26.331 [info] Getting sessions for all scopes...
2026-05-23 03:51:26.331 [info] Got 1 sessions for ...
2026-05-23 03:51:26.332 [info] Getting sessions for read:user,repo,user:email,workflow...
2026-05-23 03:51:26.332 [info] Got 1 sessions for read:user,repo,user:email,workflow...
2026-05-23 03:51:27.979 [info] Getting sessions for all scopes...
2026-05-23 03:51:27.979 [info] Got 1 sessions for ...
2026-05-23 03:51:27.980 [info] Getting sessions for read:user,repo,user:email,workflow...
2026-05-23 03:51:27.980 [info] Got 1 sessions for read:user,repo,user:email,workflow...
2026-05-23 03:51:33.011 [info] Getting sessions for all scopes...
2026-05-23 03:51:33.011 [info] Got 1 sessions for ...
2026-05-23 03:51:33.012 [info] Getting sessions for read:user,repo,user:email,workflow...
2026-05-23 03:51:33.012 [info] Got 1 sessions for read:user,repo,user:email,workflow...
2026-05-23 03:51:34.962 [info] Getting sessions for all scopes...
2026-05-23 03:51:34.962 [info] Got 1 sessions for ...
2026-05-23 03:51:34.963 [info] Getting sessions for read:user,repo,user:email,workflow...
2026-05-23 03:51:34.963 [info] Got 1 sessions for read:user,repo,user:email,workflow...
2026-05-23 03:51:39.964 [info] Getting sessions for all scopes...
2026-05-23 03:51:39.964 [info] Got 1 sessions for ...
2026-05-23 03:51:39.965 [info] Getting sessions for read:user,repo,user:email,workflow...
2026-05-23 03:51:39.965 [info] Got 1 sessions for read:user,repo,user:email,workflow...
2026-05-23 03:51:43.493 [info] Getting sessions for all scopes...
2026-05-23 03:51:43.493 [info] Got 1 sessions for ...
2026-05-23 03:51:43.494 [info] Getting sessions for read:user,repo,user:email,workflow...
2026-05-23 03:51:43.494 [info] Got 1 sessions for read:user,repo,user:email,workflow...
2026-05-23 03:51:45.882 [info] Getting sessions for all scopes...
2026-05-23 03:51:45.882 [info] Got 1 sessions for ...
2026-05-23 03:51:45.884 [info] Getting sessions for read:user,repo,user:email,workflow...
2026-05-23 03:51:45.884 [info] Got 1 sessions for read:user,repo,user:email,workflow...
2026-05-23 03:51:48.408 [info] Getting sessions for all scopes...
2026-05-23 03:51:48.408 [info] Got 1 sessions for ...
2026-05-23 03:51:48.409 [info] Getting sessions for read:user,repo,user:email,workflow...
2026-05-23 03:51:48.409 [info] Got 1 sessions for read:user,repo,user:email,workflow...
2026-05-23 03:51:52.725 [info] Getting sessions for all scopes...
2026-05-23 03:51:52.725 [info] Got 1 sessions for ...
2026-05-23 03:51:52.726 [info] Getting sessions for read:user,repo,user:email,workflow...
2026-05-23 03:51:52.726 [info] Got 1 sessions for read:user,repo,user:email,workflow...
2026-05-23 03:51:55.517 [info] Getting sessions for all scopes...
2026-05-23 03:51:55.517 [info] Got 1 sessions for ...
2026-05-23 03:51:55.518 [info] Getting sessions for read:user,repo,user:email,workflow...
2026-05-23 03:51:55.518 [info] Got 1 sessions for read:user,repo,user:email,workflow...
2026-05-23 03:51:57.262 [info] Getting sessions for all scopes...
2026-05-23 03:51:57.262 [info] Got 1 sessions for ...
2026-05-23 03:51:57.263 [info] Getting sessions for read:user,repo,user:email,workflow...
2026-05-23 03:51:57.263 [info] Got 1 sessions for read:user,repo,user:email,workflow...
2026-05-23 03:51:59.091 [info] Getting sessions for all scopes...
2026-05-23 03:51:59.091 [info] Got 1 sessions for ...
2026-05-23 03:51:59.092 [info] Getting sessions for read:user,repo,user:email,workflow...
2026-05-23 03:51:59.092 [info] Got 1 sessions for read:user,repo,user:email,workflow...
2026-05-23 03:52:01.283 [info] Getting sessions for all scopes...
2026-05-23 03:52:01.283 [info] Got 1 sessions for ...
2026-05-23 03:52:01.291 [info] Getting sessions for read:user,repo,user:email,workflow...
2026-05-23 03:52:01.291 [info] Got 1 sessions for read:user,repo,user:email,workflow...
2026-05-23 03:52:06.280 [info] Getting sessions for all scopes...
2026-05-23 03:52:06.280 [info] Got 1 sessions for ...
2026-05-23 03:52:06.281 [info] Getting sessions for read:user,repo,user:email,workflow...
2026-05-23 03:52:06.281 [info] Got 1 sessions for read:user,repo,user:email,workflow...
2026-05-23 03:52:07.610 [info] Getting sessions for all scopes...
2026-05-23 03:52:07.610 [info] Got 1 sessions for ...
2026-05-23 03:52:07.616 [info] Getting sessions for read:user,repo,user:email,workflow...
2026-05-23 03:52:07.616 [info] Got 1 sessions for read:user,repo,user:email,workflow...
2026-05-23 03:52:13.292 [info] Getting sessions for all scopes...
2026-05-23 03:52:13.292 [info] Got 1 sessions for ...
2026-05-23 03:52:13.294 [info] Getting sessions for read:user,repo,user:email,workflow...
2026-05-23 03:52:13.294 [info] Got 1 sessions for read:user,repo,user:email,workflow...
2026-05-23 03:52:15.740 [info] Getting sessions for all scopes...
2026-05-23 03:52:15.740 [info] Got 1 sessions for ...
2026-05-23 03:52:15.743 [info] Getting sessions for read:user,repo,user:email,workflow...
2026-05-23 03:52:15.743 [info] Got 1 sessions for read:user,repo,user:email,workflow...
2026-05-23 03:52:21.212 [info] Getting sessions for all scopes...
2026-05-23 03:52:21.212 [info] Got 1 sessions for ...
2026-05-23 03:52:21.213 [info] Getting sessions for read:user,repo,user:email,workflow...
2026-05-23 03:52:21.213 [info] Got 1 sessions for read:user,repo,user:email,workflow...
2026-05-23 03:52:23.114 [info] Getting sessions for all scopes...
2026-05-23 03:52:23.114 [info] Got 1 sessions for ...
2026-05-23 03:52:23.116 [info] Getting sessions for read:user,repo,user:email,workflow...
2026-05-23 03:52:23.116 [info] Got 1 sessions for read:user,repo,user:email,workflow...
2026-05-23 03:52:24.486 [info] Getting sessions for all scopes...
2026-05-23 03:52:24.486 [info] Got 1 sessions for ...
2026-05-23 03:52:24.492 [info] Getting sessions for all scopes...
2026-05-23 03:52:24.492 [info] Got 1 sessions for ...
2026-05-23 03:52:24.493 [info] Getting sessions for read:user,repo,user:email,workflow...
2026-05-23 03:52:24.493 [info] Got 1 sessions for read:user,repo,user:email,workflow...
2026-05-23 03:52:25.785 [info] Getting sessions for all scopes...
2026-05-23 03:52:25.785 [info] Got 1 sessions for ...
2026-05-23 03:52:25.787 [info] Getting sessions for read:user,repo,user:email,workflow...
2026-05-23 03:52:25.787 [info] Got 1 sessions for read:user,repo,user:email,workflow...
2026-05-23 03:52:30.431 [info] Getting sessions for all scopes...
2026-05-23 03:52:30.432 [info] Got 1 sessions for ...
2026-05-23 03:52:30.432 [info] Getting sessions for read:user,repo,user:email,workflow...
2026-05-23 03:52:30.432 [info] Got 1 sessions for read:user,repo,user:email,workflow...
2026-05-23 03:52:31.672 [info] Getting sessions for all scopes...
2026-05-23 03:52:31.672 [info] Got 1 sessions for ...
2026-05-23 03:52:31.680 [info] Getting sessions for read:user,repo,user:email,workflow...
2026-05-23 03:52:31.680 [info] Got 1 sessions for read:user,repo,user:email,workflow...
2026-05-23 03:52:34.450 [info] Getting sessions for all scopes...
2026-05-23 03:52:34.450 [info] Got 1 sessions for ...
2026-05-23 03:52:34.451 [info] Getting sessions for read:user,repo,user:email,workflow...
2026-05-23 03:52:34.451 [info] Got 1 sessions for read:user,repo,user:email,workflow...
2026-05-23 03:52:36.459 [info] Getting sessions for all scopes...
2026-05-23 03:52:36.459 [info] Got 1 sessions for ...
2026-05-23 03:52:36.461 [info] Getting sessions for read:user,repo,user:email,workflow...
2026-05-23 03:52:36.461 [info] Got 1 sessions for read:user,repo,user:email,workflow...
2026-05-23 03:52:39.548 [info] Getting sessions for all scopes...
2026-05-23 03:52:39.548 [info] Got 1 sessions for ...
2026-05-23 03:52:39.549 [info] Getting sessions for read:user,repo,user:email,workflow...
2026-05-23 03:52:39.549 [info] Got 1 sessions for read:user,repo,user:email,workflow...
2026-05-23 03:52:40.948 [info] Getting sessions for all scopes...
2026-05-23 03:52:40.948 [info] Got 1 sessions for ...
2026-05-23 03:52:40.956 [info] Getting sessions for read:user,repo,user:email,workflow...
2026-05-23 03:52:40.956 [info] Got 1 sessions for read:user,repo,user:email,workflow...
2026-05-23 03:52:44.530 [info] Getting sessions for all scopes...
2026-05-23 03:52:44.530 [info] Got 1 sessions for ...
2026-05-23 03:52:44.531 [info] Getting sessions for read:user,repo,user:email,workflow...
2026-05-23 03:52:44.531 [info] Got 1 sessions for read:user,repo,user:email,workflow...
2026-05-23 03:52:48.318 [info] Getting sessions for all scopes...
2026-05-23 03:52:48.318 [info] Got 1 sessions for ...
2026-05-23 03:52:49.527 [info] Getting sessions for all scopes...
2026-05-23 03:52:49.527 [info] Got 1 sessions for ...
2026-05-23 03:52:49.528 [info] Getting sessions for read:user,repo,user:email,workflow...
2026-05-23 03:52:49.528 [info] Got 1 sessions for read:user,repo,user:email,workflow...
2026-05-23 03:53:01.151 [info] Getting sessions for all scopes...
2026-05-23 03:53:01.151 [info] Got 1 sessions for ...
2026-05-23 03:53:01.152 [info] Getting sessions for read:user,repo,user:email,workflow...
2026-05-23 03:53:01.152 [info] Got 1 sessions for read:user,repo,user:email,workflow...
2026-05-23 03:53:03.637 [info] Getting sessions for all scopes...
2026-05-23 03:53:03.637 [info] Got 1 sessions for ...
2026-05-23 03:53:03.638 [info] Getting sessions for read:user,repo,user:email,workflow...
2026-05-23 03:53:03.638 [info] Got 1 sessions for read:user,repo,user:email,workflow...
2026-05-23 03:53:05.495 [info] Getting sessions for all scopes...
2026-05-23 03:53:05.495 [info] Got 1 sessions for ...
2026-05-23 03:53:05.499 [info] Getting sessions for read:user,repo,user:email,workflow...
2026-05-23 03:53:05.499 [info] Got 1 sessions for read:user,repo,user:email,workflow...
2026-05-23 03:53:10.493 [info] Getting sessions for all scopes...
2026-05-23 03:53:10.493 [info] Got 1 sessions for ...
2026-05-23 03:53:10.496 [info] Getting sessions for read:user,repo,user:email,workflow...
2026-05-23 03:53:10.496 [info] Got 1 sessions for read:user,repo,user:email,workflow...
2026-05-23 03:53:18.952 [info] Getting sessions for all scopes...
2026-05-23 03:53:18.952 [info] Got 1 sessions for ...
2026-05-23 03:53:18.959 [info] Getting sessions for read:user,repo,user:email,workflow...
2026-05-23 03:53:18.959 [info] Got 1 sessions for read:user,repo,user:email,workflow...
2026-05-23 03:53:20.193 [info] Getting sessions for all scopes...
2026-05-23 03:53:20.193 [info] Got 1 sessions for ...
2026-05-23 03:53:20.194 [info] Getting sessions for read:user,repo,user:email,workflow...
2026-05-23 03:53:20.194 [info] Got 1 sessions for read:user,repo,user:email,workflow...
2026-05-23 03:53:24.346 [info] Getting sessions for all scopes...
2026-05-23 03:53:24.346 [info] Got 1 sessions for ...
2026-05-23 03:53:24.348 [info] Getting sessions for read:user,repo,user:email,workflow...
2026-05-23 03:53:24.348 [info] Got 1 sessions for read:user,repo,user:email,workflow...
2026-05-23 03:53:25.618 [info] Getting sessions for all scopes...
2026-05-23 03:53:25.618 [info] Got 1 sessions for ...
2026-05-23 03:53:25.619 [info] Getting sessions for read:user,repo,user:email,workflow...
2026-05-23 03:53:25.619 [info] Got 1 sessions for read:user,repo,user:email,workflow...
2026-05-23 03:53:25.705 [info] Getting sessions for all scopes...
2026-05-23 03:53:25.706 [info] Got 1 sessions for ...
2026-05-23 03:53:25.707 [info] Getting sessions for read:user,repo,user:email,workflow...
2026-05-23 03:53:25.707 [info] Got 1 sessions for read:user,repo,user:email,workflow...
2026-05-23 03:53:27.040 [info] Getting sessions for all scopes...
2026-05-23 03:53:27.040 [info] Got 1 sessions for ...
2026-05-23 03:53:27.058 [info] Getting sessions for read:user,repo,user:email,workflow...
2026-05-23 03:53:27.058 [info] Got 1 sessions for read:user,repo,user:email,workflow...
2026-05-23 03:53:28.562 [info] Getting sessions for all scopes...
2026-05-23 03:53:28.562 [info] Got 1 sessions for ...
2026-05-23 03:53:28.563 [info] Getting sessions for read:user,repo,user:email,workflow...
2026-05-23 03:53:28.563 [info] Got 1 sessions for read:user,repo,user:email,workflow...
2026-05-23 03:53:30.325 [info] Getting sessions for all scopes...
2026-05-23 03:53:30.325 [info] Got 1 sessions for ...
2026-05-23 03:53:30.327 [info] Getting sessions for read:user,repo,user:email,workflow...
2026-05-23 03:53:30.327 [info] Got 1 sessions for read:user,repo,user:email,workflow...
2026-05-23 03:53:31.569 [info] Getting sessions for all scopes...
2026-05-23 03:53:31.570 [info] Got 1 sessions for ...
2026-05-23 03:53:31.586 [info] Getting sessions for read:user,repo,user:email,workflow...
2026-05-23 03:53:31.586 [info] Got 1 sessions for read:user,repo,user:email,workflow...
2026-05-23 03:53:33.605 [info] Getting sessions for all scopes...
2026-05-23 03:53:33.605 [info] Got 1 sessions for ...
2026-05-23 03:53:33.606 [info] Getting sessions for read:user,repo,user:email,workflow...
2026-05-23 03:53:33.606 [info] Got 1 sessions for read:user,repo,user:email,workflow...
2026-05-23 03:53:35.626 [info] Getting sessions for all scopes...
2026-05-23 03:53:35.626 [info] Got 1 sessions for ...
2026-05-23 03:53:35.631 [info] Getting sessions for read:user,repo,user:email,workflow...
2026-05-23 03:53:35.631 [info] Got 1 sessions for read:user,repo,user:email,workflow...
2026-05-23 03:53:39.204 [info] Getting sessions for all scopes...
2026-05-23 03:53:39.204 [info] Got 1 sessions for ...
2026-05-23 03:53:39.209 [info] Getting sessions for read:user,repo,user:email,workflow...
2026-05-23 03:53:39.209 [info] Got 1 sessions for read:user,repo,user:email,workflow...
2026-05-23 03:53:41.144 [info] Getting sessions for all scopes...
2026-05-23 03:53:41.144 [info] Got 1 sessions for ...
2026-05-23 03:53:41.145 [info] Getting sessions for read:user,repo,user:email,workflow...
2026-05-23 03:53:41.145 [info] Got 1 sessions for read:user,repo,user:email,workflow...
2026-05-23 03:53:45.142 [info] Getting sessions for all scopes...
2026-05-23 03:53:45.142 [info] Got 1 sessions for ...
2026-05-23 03:53:45.143 [info] Getting sessions for read:user,repo,user:email,workflow...
2026-05-23 03:53:45.143 [info] Got 1 sessions for read:user,repo,user:email,workflow...
2026-05-23 03:53:50.144 [info] Getting sessions for all scopes...
2026-05-23 03:53:50.145 [info] Got 1 sessions for ...
2026-05-23 03:53:50.146 [info] Getting sessions for read:user,repo,user:email,workflow...
2026-05-23 03:53:50.146 [info] Got 1 sessions for read:user,repo,user:email,workflow...
2026-05-23 03:54:01.685 [info] Getting sessions for all scopes...
2026-05-23 03:54:01.685 [info] Got 1 sessions for ...
2026-05-23 03:54:01.688 [info] Getting sessions for read:user,repo,user:email,workflow...
2026-05-23 03:54:01.688 [info] Got 1 sessions for read:user,repo,user:email,workflow...
2026-05-23 03:54:04.122 [info] Getting sessions for all scopes...
2026-05-23 03:54:04.122 [info] Got 1 sessions for ...
2026-05-23 03:54:04.123 [info] Getting sessions for read:user,repo,user:email,workflow...
2026-05-23 03:54:04.123 [info] Got 1 sessions for read:user,repo,user:email,workflow...
2026-05-23 03:54:05.593 [info] Getting sessions for all scopes...
2026-05-23 03:54:05.593 [info] Got 1 sessions for ...
2026-05-23 03:54:05.595 [info] Getting sessions for read:user,repo,user:email,workflow...
2026-05-23 03:54:05.595 [info] Got 1 sessions for read:user,repo,user:email,workflow...
2026-05-23 03:54:06.947 [info] Getting sessions for all scopes...
2026-05-23 03:54:06.947 [info] Got 1 sessions for ...
2026-05-23 03:54:06.948 [info] Getting sessions for read:user,repo,user:email,workflow...
2026-05-23 03:54:06.948 [info] Got 1 sessions for read:user,repo,user:email,workflow...
2026-05-23 03:54:08.262 [info] Getting sessions for all scopes...
2026-05-23 03:54:08.262 [info] Got 1 sessions for ...
2026-05-23 03:54:08.263 [info] Getting sessions for read:user,repo,user:email,workflow...
2026-05-23 03:54:08.263 [info] Got 1 sessions for read:user,repo,user:email,workflow...
2026-05-23 03:54:13.264 [info] Getting sessions for all scopes...
2026-05-23 03:54:13.264 [info] Got 1 sessions for ...
2026-05-23 03:54:13.266 [info] Getting sessions for read:user,repo,user:email,workflow...
2026-05-23 03:54:13.266 [info] Got 1 sessions for read:user,repo,user:email,workflow...
2026-05-23 03:54:25.580 [info] Getting sessions for all scopes...
2026-05-23 03:54:25.580 [info] Got 1 sessions for ...
2026-05-23 03:54:25.581 [info] Getting sessions for read:user,repo,user:email,workflow...
2026-05-23 03:54:25.581 [info] Got 1 sessions for read:user,repo,user:email,workflow...
2026-05-23 03:54:27.029 [info] Getting sessions for all scopes...
2026-05-23 03:54:27.029 [info] Got 1 sessions for ...
2026-05-23 03:54:27.030 [info] Getting sessions for read:user,repo,user:email,workflow...
2026-05-23 03:54:27.030 [info] Got 1 sessions for read:user,repo,user:email,workflow...
2026-05-23 03:54:30.327 [info] Getting sessions for all scopes...
2026-05-23 03:54:30.327 [info] Got 1 sessions for ...
2026-05-23 03:54:30.333 [info] Getting sessions for read:user,repo,user:email,workflow...
2026-05-23 03:54:30.333 [info] Got 1 sessions for read:user,repo,user:email,workflow...
2026-05-23 03:54:35.050 [info] Getting sessions for all scopes...
2026-05-23 03:54:35.050 [info] Got 1 sessions for ...
2026-05-23 03:54:35.051 [info] Getting sessions for read:user,repo,user:email,workflow...
2026-05-23 03:54:35.051 [info] Got 1 sessions for read:user,repo,user:email,workflow...
2026-05-23 03:54:37.487 [info] Getting sessions for all scopes...
2026-05-23 03:54:37.487 [info] Got 1 sessions for ...
2026-05-23 03:54:37.488 [info] Getting sessions for read:user,repo,user:email,workflow...
2026-05-23 03:54:37.488 [info] Got 1 sessions for read:user,repo,user:email,workflow...
2026-05-23 03:54:39.771 [info] Getting sessions for all scopes...
2026-05-23 03:54:39.771 [info] Got 1 sessions for ...
2026-05-23 03:54:39.772 [info] Getting sessions for read:user,repo,user:email,workflow...
2026-05-23 03:54:39.772 [info] Got 1 sessions for read:user,repo,user:email,workflow...
2026-05-23 03:54:41.759 [info] Getting sessions for all scopes...
2026-05-23 03:54:41.759 [info] Got 1 sessions for ...
2026-05-23 03:54:41.760 [info] Getting sessions for read:user,repo,user:email,workflow...
2026-05-23 03:54:41.760 [info] Got 1 sessions for read:user,repo,user:email,workflow...
2026-05-23 03:54:44.779 [info] Getting sessions for all scopes...
2026-05-23 03:54:44.779 [info] Got 1 sessions for ...
2026-05-23 03:54:44.780 [info] Getting sessions for read:user,repo,user:email,workflow...
2026-05-23 03:54:44.780 [info] Got 1 sessions for read:user,repo,user:email,workflow...
2026-05-23 03:54:48.706 [info] Getting sessions for all scopes...
2026-05-23 03:54:48.706 [info] Got 1 sessions for ...
2026-05-23 03:54:48.707 [info] Getting sessions for read:user,repo,user:email,workflow...
2026-05-23 03:54:48.707 [info] Got 1 sessions for read:user,repo,user:email,workflow...
2026-05-23 03:54:50.029 [info] Getting sessions for all scopes...
2026-05-23 03:54:50.029 [info] Got 1 sessions for ...
2026-05-23 03:54:50.033 [info] Getting sessions for read:user,repo,user:email,workflow...
2026-05-23 03:54:50.033 [info] Got 1 sessions for read:user,repo,user:email,workflow...
2026-05-23 03:54:55.469 [info] Getting sessions for all scopes...
2026-05-23 03:54:55.469 [info] Got 1 sessions for ...
2026-05-23 03:54:55.470 [info] Getting sessions for read:user,repo,user:email,workflow...
2026-05-23 03:54:55.470 [info] Got 1 sessions for read:user,repo,user:email,workflow...
2026-05-23 03:55:43.027 [info] Getting sessions for all scopes...
2026-05-23 03:55:43.027 [info] Got 1 sessions for ...
2026-05-23 03:55:43.029 [info] Getting sessions for read:user,repo,user:email,workflow...
2026-05-23 03:55:43.029 [info] Got 1 sessions for read:user,repo,user:email,workflow...
2026-05-23 03:55:43.125 [info] Getting sessions for all scopes...
2026-05-23 03:55:43.125 [info] Got 1 sessions for ...
2026-05-23 03:55:43.125 [info] Getting sessions for all scopes...
2026-05-23 03:55:43.125 [info] Got 1 sessions for ...
2026-05-23 03:55:44.744 [info] Getting sessions for all scopes...
2026-05-23 03:55:44.744 [info] Got 1 sessions for ...
2026-05-23 03:55:44.745 [info] Getting sessions for read:user,repo,user:email,workflow...
2026-05-23 03:55:44.745 [info] Got 1 sessions for read:user,repo,user:email,workflow...
2026-05-23 03:55:48.957 [info] Getting sessions for all scopes...
2026-05-23 03:55:48.957 [info] Got 1 sessions for ...
2026-05-23 03:55:48.958 [info] Getting sessions for read:user,repo,user:email,workflow...
2026-05-23 03:55:48.958 [info] Got 1 sessions for read:user,repo,user:email,workflow...
2026-05-23 03:55:50.196 [info] Getting sessions for all scopes...
2026-05-23 03:55:50.196 [info] Got 1 sessions for ...
2026-05-23 03:55:50.197 [info] Getting sessions for read:user,repo,user:email,workflow...
2026-05-23 03:55:50.197 [info] Got 1 sessions for read:user,repo,user:email,workflow...
2026-05-23 03:55:51.546 [info] Getting sessions for all scopes...
2026-05-23 03:55:51.546 [info] Got 1 sessions for ...
2026-05-23 03:55:51.547 [info] Getting sessions for read:user,repo,user:email,workflow...
2026-05-23 03:55:51.547 [info] Got 1 sessions for read:user,repo,user:email,workflow...
2026-05-23 03:55:53.331 [info] Getting sessions for all scopes...
2026-05-23 03:55:53.331 [info] Got 1 sessions for ...
2026-05-23 03:55:53.332 [info] Getting sessions for read:user,repo,user:email,workflow...
2026-05-23 03:55:53.332 [info] Got 1 sessions for read:user,repo,user:email,workflow...
2026-05-23 03:55:55.434 [info] Getting sessions for all scopes...
2026-05-23 03:55:55.434 [info] Got 1 sessions for ...
2026-05-23 03:55:55.435 [info] Getting sessions for read:user,repo,user:email,workflow...
2026-05-23 03:55:55.435 [info] Got 1 sessions for read:user,repo,user:email,workflow...
2026-05-23 03:55:56.726 [info] Getting sessions for all scopes...
2026-05-23 03:55:56.726 [info] Got 1 sessions for ...
2026-05-23 03:55:56.727 [info] Getting sessions for read:user,repo,user:email,workflow...
2026-05-23 03:55:56.727 [info] Got 1 sessions for read:user,repo,user:email,workflow...
2026-05-23 03:55:59.550 [info] Getting sessions for all scopes...
2026-05-23 03:55:59.550 [info] Got 1 sessions for ...
2026-05-23 03:55:59.551 [info] Getting sessions for read:user,repo,user:email,workflow...
2026-05-23 03:55:59.551 [info] Got 1 sessions for read:user,repo,user:email,workflow...
2026-05-23 03:56:00.941 [info] Getting sessions for all scopes...
2026-05-23 03:56:00.941 [info] Got 1 sessions for ...
2026-05-23 03:56:00.942 [info] Getting sessions for read:user,repo,user:email,workflow...
2026-05-23 03:56:00.942 [info] Got 1 sessions for read:user,repo,user:email,workflow...
2026-05-23 03:56:02.197 [info] Getting sessions for all scopes...
2026-05-23 03:56:02.197 [info] Got 1 sessions for ...
2026-05-23 03:56:02.200 [info] Getting sessions for read:user,repo,user:email,workflow...
2026-05-23 03:56:02.200 [info] Got 1 sessions for read:user,repo,user:email,workflow...
2026-05-23 03:56:03.415 [info] Getting sessions for all scopes...
2026-05-23 03:56:03.416 [info] Got 1 sessions for ...
2026-05-23 03:56:03.416 [info] Getting sessions for read:user,repo,user:email,workflow...
2026-05-23 03:56:03.417 [info] Got 1 sessions for read:user,repo,user:email,workflow...
2026-05-23 03:56:04.988 [info] Getting sessions for all scopes...
2026-05-23 03:56:04.988 [info] Got 1 sessions for ...
2026-05-23 03:56:04.989 [info] Getting sessions for read:user,repo,user:email,workflow...
2026-05-23 03:56:04.989 [info] Got 1 sessions for read:user,repo,user:email,workflow...
2026-05-23 03:56:07.657 [info] Getting sessions for all scopes...
2026-05-23 03:56:07.657 [info] Got 1 sessions for ...
2026-05-23 03:56:07.658 [info] Getting sessions for read:user,repo,user:email,workflow...
2026-05-23 03:56:07.658 [info] Got 1 sessions for read:user,repo,user:email,workflow...
2026-05-23 03:56:09.401 [info] Getting sessions for all scopes...
2026-05-23 03:56:09.401 [info] Got 1 sessions for ...
2026-05-23 03:56:09.402 [info] Getting sessions for read:user,repo,user:email,workflow...
2026-05-23 03:56:09.402 [info] Got 1 sessions for read:user,repo,user:email,workflow...
2026-05-23 03:56:11.060 [info] Getting sessions for all scopes...
2026-05-23 03:56:11.060 [info] Got 1 sessions for ...
2026-05-23 03:56:11.070 [info] Getting sessions for read:user,repo,user:email,workflow...
2026-05-23 03:56:11.070 [info] Got 1 sessions for read:user,repo,user:email,workflow...
2026-05-23 03:56:16.059 [info] Getting sessions for all scopes...
2026-05-23 03:56:16.059 [info] Got 1 sessions for ...
2026-05-23 03:56:16.060 [info] Getting sessions for read:user,repo,user:email,workflow...
2026-05-23 03:56:16.060 [info] Got 1 sessions for read:user,repo,user:email,workflow...
2026-05-23 03:56:20.024 [info] Getting sessions for all scopes...
2026-05-23 03:56:20.024 [info] Got 1 sessions for ...
2026-05-23 03:56:20.026 [info] Getting sessions for read:user,repo,user:email,workflow...
2026-05-23 03:56:20.026 [info] Got 1 sessions for read:user,repo,user:email,workflow...
2026-05-23 03:56:21.551 [info] Getting sessions for all scopes...
2026-05-23 03:56:21.551 [info] Got 1 sessions for ...
2026-05-23 03:56:21.552 [info] Getting sessions for read:user,repo,user:email,workflow...
2026-05-23 03:56:21.552 [info] Got 1 sessions for read:user,repo,user:email,workflow...
2026-05-23 03:56:26.552 [info] Getting sessions for all scopes...
2026-05-23 03:56:26.552 [info] Got 1 sessions for ...
2026-05-23 03:56:26.553 [info] Getting sessions for read:user,repo,user:email,workflow...
2026-05-23 03:56:26.553 [info] Got 1 sessions for read:user,repo,user:email,workflow...
2026-05-23 04:00:47.577 [info] Getting sessions for all scopes...
2026-05-23 04:00:47.577 [info] Got 1 sessions for ...
2026-05-23 04:00:47.577 [info] Getting sessions for all scopes...
2026-05-23 04:00:47.577 [info] Got 1 sessions for ...
2026-05-23 04:00:51.224 [info] Getting sessions for all scopes...
2026-05-23 04:00:51.224 [info] Got 1 sessions for ...
2026-05-23 04:00:51.225 [info] Getting sessions for read:user,repo,user:email,workflow...
2026-05-23 04:00:51.225 [info] Got 1 sessions for read:user,repo,user:email,workflow...
2026-05-23 04:00:52.976 [info] Getting sessions for all scopes...
2026-05-23 04:00:52.976 [info] Got 1 sessions for ...
2026-05-23 04:00:52.978 [info] Getting sessions for read:user,repo,user:email,workflow...
2026-05-23 04:00:52.978 [info] Got 1 sessions for read:user,repo,user:email,workflow...
2026-05-23 04:00:58.117 [info] Getting sessions for all scopes...
2026-05-23 04:00:58.117 [info] Got 1 sessions for ...
2026-05-23 04:00:58.118 [info] Getting sessions for read:user,repo,user:email,workflow...
2026-05-23 04:00:58.118 [info] Got 1 sessions for read:user,repo,user:email,workflow...
2026-05-23 04:00:59.729 [info] Getting sessions for all scopes...
2026-05-23 04:00:59.729 [info] Got 1 sessions for ...
2026-05-23 04:00:59.730 [info] Getting sessions for read:user,repo,user:email,workflow...
2026-05-23 04:00:59.730 [info] Got 1 sessions for read:user,repo,user:email,workflow...
2026-05-23 04:01:03.597 [info] Getting sessions for all scopes...
2026-05-23 04:01:03.597 [info] Got 1 sessions for ...
2026-05-23 04:01:03.598 [info] Getting sessions for read:user,repo,user:email,workflow...
2026-05-23 04:01:03.598 [info] Got 1 sessions for read:user,repo,user:email,workflow...
2026-05-23 04:01:09.259 [info] Getting sessions for all scopes...
2026-05-23 04:01:09.259 [info] Got 1 sessions for ...
2026-05-23 04:01:09.260 [info] Getting sessions for read:user,repo,user:email,workflow...
2026-05-23 04:01:09.260 [info] Got 1 sessions for read:user,repo,user:email,workflow...
2026-05-23 04:01:11.654 [info] Getting sessions for all scopes...
2026-05-23 04:01:11.654 [info] Got 1 sessions for ...
2026-05-23 04:01:11.666 [info] Getting sessions for read:user,repo,user:email,workflow...
2026-05-23 04:01:11.666 [info] Got 1 sessions for read:user,repo,user:email,workflow...
2026-05-23 04:01:13.008 [info] Getting sessions for all scopes...
2026-05-23 04:01:13.009 [info] Got 1 sessions for ...
2026-05-23 04:01:13.020 [info] Getting sessions for read:user,repo,user:email,workflow...
2026-05-23 04:01:13.020 [info] Got 1 sessions for read:user,repo,user:email,workflow...
2026-05-23 04:01:18.475 [info] Getting sessions for all scopes...
2026-05-23 04:01:18.475 [info] Got 1 sessions for ...
2026-05-23 04:01:18.476 [info] Getting sessions for read:user,repo,user:email,workflow...
2026-05-23 04:01:18.476 [info] Got 1 sessions for read:user,repo,user:email,workflow...
2026-05-23 04:01:19.872 [info] Getting sessions for all scopes...
2026-05-23 04:01:19.872 [info] Got 1 sessions for ...
2026-05-23 04:01:19.873 [info] Getting sessions for read:user,repo,user:email,workflow...
2026-05-23 04:01:19.873 [info] Got 1 sessions for read:user,repo,user:email,workflow...
2026-05-23 04:01:21.410 [info] Getting sessions for all scopes...
2026-05-23 04:01:21.410 [info] Got 1 sessions for ...
2026-05-23 04:01:21.411 [info] Getting sessions for read:user,repo,user:email,workflow...
2026-05-23 04:01:21.411 [info] Got 1 sessions for read:user,repo,user:email,workflow...
2026-05-23 04:01:22.934 [info] Getting sessions for all scopes...
2026-05-23 04:01:22.934 [info] Got 1 sessions for ...
2026-05-23 04:01:22.936 [info] Getting sessions for read:user,repo,user:email,workflow...
2026-05-23 04:01:22.936 [info] Got 1 sessions for read:user,repo,user:email,workflow...
2026-05-23 04:01:28.128 [info] Getting sessions for all scopes...
2026-05-23 04:01:28.128 [info] Got 1 sessions for ...
2026-05-23 04:01:28.129 [info] Getting sessions for read:user,repo,user:email,workflow...
2026-05-23 04:01:28.129 [info] Got 1 sessions for read:user,repo,user:email,workflow...
2026-05-23 04:01:29.509 [info] Getting sessions for all scopes...
2026-05-23 04:01:29.509 [info] Got 1 sessions for ...
2026-05-23 04:01:29.509 [info] Getting sessions for read:user,repo,user:email,workflow...
2026-05-23 04:01:29.509 [info] Got 1 sessions for read:user,repo,user:email,workflow...
2026-05-23 04:01:31.923 [info] Getting sessions for all scopes...
2026-05-23 04:01:31.923 [info] Got 1 sessions for ...
2026-05-23 04:01:31.924 [info] Getting sessions for read:user,repo,user:email,workflow...
2026-05-23 04:01:31.924 [info] Got 1 sessions for read:user,repo,user:email,workflow...
2026-05-23 04:01:36.097 [info] Getting sessions for all scopes...
2026-05-23 04:01:36.097 [info] Got 1 sessions for ...
2026-05-23 04:01:36.099 [info] Getting sessions for read:user,repo,user:email,workflow...
2026-05-23 04:01:36.099 [info] Got 1 sessions for read:user,repo,user:email,workflow...
2026-05-23 04:01:38.270 [info] Getting sessions for all scopes...
2026-05-23 04:01:38.270 [info] Got 1 sessions for ...
2026-05-23 04:01:38.281 [info] Getting sessions for read:user,repo,user:email,workflow...
2026-05-23 04:01:38.281 [info] Got 1 sessions for read:user,repo,user:email,workflow...
2026-05-23 04:01:39.612 [info] Getting sessions for all scopes...
2026-05-23 04:01:39.612 [info] Got 1 sessions for ...
2026-05-23 04:01:39.613 [info] Getting sessions for read:user,repo,user:email,workflow...
2026-05-23 04:01:39.613 [info] Got 1 sessions for read:user,repo,user:email,workflow...
2026-05-23 04:01:42.174 [info] Getting sessions for all scopes...
2026-05-23 04:01:42.174 [info] Got 1 sessions for ...
2026-05-23 04:01:42.175 [info] Getting sessions for read:user,repo,user:email,workflow...
2026-05-23 04:01:42.175 [info] Got 1 sessions for read:user,repo,user:email,workflow...
2026-05-23 04:01:43.580 [info] Getting sessions for all scopes...
2026-05-23 04:01:43.580 [info] Got 1 sessions for ...
2026-05-23 04:01:43.608 [info] Getting sessions for read:user,repo,user:email,workflow...
2026-05-23 04:01:43.608 [info] Got 1 sessions for read:user,repo,user:email,workflow...
2026-05-23 04:01:45.268 [info] Getting sessions for all scopes...
2026-05-23 04:01:45.268 [info] Got 1 sessions for ...
2026-05-23 04:01:45.268 [info] Getting sessions for read:user,repo,user:email,workflow...
2026-05-23 04:01:45.268 [info] Got 1 sessions for read:user,repo,user:email,workflow...
2026-05-23 04:01:46.553 [info] Getting sessions for all scopes...
2026-05-23 04:01:46.553 [info] Got 1 sessions for ...
2026-05-23 04:01:46.555 [info] Getting sessions for read:user,repo,user:email,workflow...
2026-05-23 04:01:46.555 [info] Got 1 sessions for read:user,repo,user:email,workflow...
2026-05-23 04:01:47.913 [info] Getting sessions for all scopes...
2026-05-23 04:01:47.913 [info] Got 1 sessions for ...
2026-05-23 04:01:47.924 [info] Getting sessions for read:user,repo,user:email,workflow...
2026-05-23 04:01:47.924 [info] Got 1 sessions for read:user,repo,user:email,workflow...
2026-05-23 04:01:50.317 [info] Getting sessions for all scopes...
2026-05-23 04:01:50.317 [info] Got 1 sessions for ...
2026-05-23 04:01:50.322 [info] Getting sessions for read:user,repo,user:email,workflow...
2026-05-23 04:01:50.322 [info] Got 1 sessions for read:user,repo,user:email,workflow...
2026-05-23 04:01:52.967 [info] Getting sessions for all scopes...
2026-05-23 04:01:52.968 [info] Got 1 sessions for ...
2026-05-23 04:01:52.968 [info] Getting sessions for read:user,repo,user:email,workflow...
2026-05-23 04:01:52.968 [info] Got 1 sessions for read:user,repo,user:email,workflow...
2026-05-23 04:01:54.227 [info] Getting sessions for all scopes...
2026-05-23 04:01:54.227 [info] Got 1 sessions for ...
2026-05-23 04:01:54.228 [info] Getting sessions for read:user,repo,user:email,workflow...
2026-05-23 04:01:54.228 [info] Got 1 sessions for read:user,repo,user:email,workflow...
2026-05-23 04:01:54.793 [info] Getting sessions for all scopes...
2026-05-23 04:01:54.793 [info] Got 1 sessions for ...
2026-05-23 04:01:54.800 [info] Getting sessions for read:user,repo,user:email,workflow...
2026-05-23 04:01:54.800 [info] Got 1 sessions for read:user,repo,user:email,workflow...
2026-05-23 04:01:56.523 [info] Getting sessions for all scopes...
2026-05-23 04:01:56.523 [info] Got 1 sessions for ...
2026-05-23 04:01:56.524 [info] Getting sessions for read:user,repo,user:email,workflow...
2026-05-23 04:01:56.524 [info] Got 1 sessions for read:user,repo,user:email,workflow...
2026-05-23 04:01:59.096 [info] Getting sessions for all scopes...
2026-05-23 04:01:59.096 [info] Got 1 sessions for ...
2026-05-23 04:01:59.097 [info] Getting sessions for read:user,repo,user:email,workflow...
2026-05-23 04:01:59.097 [info] Got 1 sessions for read:user,repo,user:email,workflow...
2026-05-23 04:02:00.328 [info] Getting sessions for all scopes...
2026-05-23 04:02:00.328 [info] Got 1 sessions for ...
2026-05-23 04:02:00.329 [info] Getting sessions for read:user,repo,user:email,workflow...
2026-05-23 04:02:00.329 [info] Got 1 sessions for read:user,repo,user:email,workflow...
2026-05-23 04:02:01.597 [info] Getting sessions for all scopes...
2026-05-23 04:02:01.598 [info] Got 1 sessions for ...
2026-05-23 04:02:01.599 [info] Getting sessions for read:user,repo,user:email,workflow...
2026-05-23 04:02:01.599 [info] Got 1 sessions for read:user,repo,user:email,workflow...
2026-05-23 04:02:03.350 [info] Getting sessions for all scopes...
2026-05-23 04:02:03.350 [info] Got 1 sessions for ...
2026-05-23 04:02:03.351 [info] Getting sessions for read:user,repo,user:email,workflow...
2026-05-23 04:02:03.351 [info] Got 1 sessions for read:user,repo,user:email,workflow...
2026-05-23 04:02:04.994 [info] Getting sessions for all scopes...
2026-05-23 04:02:04.994 [info] Got 1 sessions for ...
2026-05-23 04:02:04.999 [info] Getting sessions for read:user,repo,user:email,workflow...
2026-05-23 04:02:04.999 [info] Got 1 sessions for read:user,repo,user:email,workflow...
2026-05-23 04:02:07.396 [info] Getting sessions for all scopes...
2026-05-23 04:02:07.396 [info] Got 1 sessions for ...
2026-05-23 04:02:07.397 [info] Getting sessions for read:user,repo,user:email,workflow...
2026-05-23 04:02:07.397 [info] Got 1 sessions for read:user,repo,user:email,workflow...
2026-05-23 04:02:10.933 [info] Getting sessions for all scopes...
2026-05-23 04:02:10.933 [info] Got 1 sessions for ...
2026-05-23 04:02:10.938 [info] Getting sessions for read:user,repo,user:email,workflow...
2026-05-23 04:02:10.938 [info] Got 1 sessions for read:user,repo,user:email,workflow...
2026-05-23 04:02:12.271 [info] Getting sessions for all scopes...
2026-05-23 04:02:12.271 [info] Got 1 sessions for ...
2026-05-23 04:02:12.272 [info] Getting sessions for read:user,repo,user:email,workflow...
2026-05-23 04:02:12.272 [info] Got 1 sessions for read:user,repo,user:email,workflow...
2026-05-23 04:02:14.559 [info] Getting sessions for all scopes...
2026-05-23 04:02:14.559 [info] Got 1 sessions for ...
2026-05-23 04:02:14.560 [info] Getting sessions for read:user,repo,user:email,workflow...
2026-05-23 04:02:14.560 [info] Got 1 sessions for read:user,repo,user:email,workflow...
2026-05-23 04:02:16.217 [info] Getting sessions for all scopes...
2026-05-23 04:02:16.217 [info] Got 1 sessions for ...
2026-05-23 04:02:16.232 [info] Getting sessions for read:user,repo,user:email,workflow...
2026-05-23 04:02:16.232 [info] Got 1 sessions for read:user,repo,user:email,workflow...
2026-05-23 04:02:17.933 [info] Getting sessions for all scopes...
2026-05-23 04:02:17.933 [info] Got 1 sessions for ...
2026-05-23 04:02:17.940 [info] Getting sessions for read:user,repo,user:email,workflow...
2026-05-23 04:02:17.940 [info] Got 1 sessions for read:user,repo,user:email,workflow...
2026-05-23 04:02:19.830 [info] Getting sessions for all scopes...
2026-05-23 04:02:19.830 [info] Got 1 sessions for ...
2026-05-23 04:02:19.831 [info] Getting sessions for read:user,repo,user:email,workflow...
2026-05-23 04:02:19.831 [info] Got 1 sessions for read:user,repo,user:email,workflow...
2026-05-23 04:02:21.105 [info] Getting sessions for all scopes...
2026-05-23 04:02:21.105 [info] Got 1 sessions for ...
2026-05-23 04:02:21.106 [info] Getting sessions for read:user,repo,user:email,workflow...
2026-05-23 04:02:21.106 [info] Got 1 sessions for read:user,repo,user:email,workflow...
2026-05-23 04:02:22.664 [info] Getting sessions for all scopes...
2026-05-23 04:02:22.664 [info] Got 1 sessions for ...
2026-05-23 04:02:22.665 [info] Getting sessions for read:user,repo,user:email,workflow...
2026-05-23 04:02:22.665 [info] Got 1 sessions for read:user,repo,user:email,workflow...
2026-05-23 04:02:24.002 [info] Getting sessions for all scopes...
2026-05-23 04:02:24.002 [info] Got 1 sessions for ...
2026-05-23 04:02:24.003 [info] Getting sessions for read:user,repo,user:email,workflow...
2026-05-23 04:02:24.003 [info] Got 1 sessions for read:user,repo,user:email,workflow...
2026-05-23 04:02:26.273 [info] Getting sessions for all scopes...
2026-05-23 04:02:26.273 [info] Got 1 sessions for ...
2026-05-23 04:02:26.274 [info] Getting sessions for read:user,repo,user:email,workflow...
2026-05-23 04:02:26.274 [info] Got 1 sessions for read:user,repo,user:email,workflow...
2026-05-23 04:02:28.669 [info] Getting sessions for all scopes...
2026-05-23 04:02:28.669 [info] Got 1 sessions for ...
2026-05-23 04:02:28.672 [info] Getting sessions for read:user,repo,user:email,workflow...
2026-05-23 04:02:28.672 [info] Got 1 sessions for read:user,repo,user:email,workflow...
2026-05-23 04:02:30.670 [info] Getting sessions for all scopes...
2026-05-23 04:02:30.670 [info] Got 1 sessions for ...
2026-05-23 04:02:30.671 [info] Getting sessions for read:user,repo,user:email,workflow...
2026-05-23 04:02:30.671 [info] Got 1 sessions for read:user,repo,user:email,workflow...
2026-05-23 04:02:33.656 [info] Getting sessions for all scopes...
2026-05-23 04:02:33.656 [info] Got 1 sessions for ...
2026-05-23 04:02:33.657 [info] Getting sessions for read:user,repo,user:email,workflow...
2026-05-23 04:02:33.657 [info] Got 1 sessions for read:user,repo,user:email,workflow...
2026-05-23 04:02:36.708 [info] Getting sessions for all scopes...
2026-05-23 04:02:36.709 [info] Got 1 sessions for ...
2026-05-23 04:02:36.709 [info] Getting sessions for read:user,repo,user:email,workflow...
2026-05-23 04:02:36.709 [info] Got 1 sessions for read:user,repo,user:email,workflow...
2026-05-23 04:02:38.028 [info] Getting sessions for all scopes...
2026-05-23 04:02:38.028 [info] Got 1 sessions for ...
2026-05-23 04:02:38.040 [info] Getting sessions for read:user,repo,user:email,workflow...
2026-05-23 04:02:38.040 [info] Got 1 sessions for read:user,repo,user:email,workflow...
2026-05-23 04:02:40.526 [info] Getting sessions for all scopes...
2026-05-23 04:02:40.526 [info] Got 1 sessions for ...
2026-05-23 04:02:40.538 [info] Getting sessions for read:user,repo,user:email,workflow...
2026-05-23 04:02:40.538 [info] Got 1 sessions for read:user,repo,user:email,workflow...
2026-05-23 04:02:41.987 [info] Getting sessions for all scopes...
2026-05-23 04:02:41.987 [info] Got 1 sessions for ...
2026-05-23 04:02:41.987 [info] Getting sessions for read:user,repo,user:email,workflow...
2026-05-23 04:02:41.988 [info] Got 1 sessions for read:user,repo,user:email,workflow...
2026-05-23 04:02:46.743 [info] Getting sessions for all scopes...
2026-05-23 04:02:46.743 [info] Got 1 sessions for ...
2026-05-23 04:02:46.745 [info] Getting sessions for read:user,repo,user:email,workflow...
2026-05-23 04:02:46.745 [info] Got 1 sessions for read:user,repo,user:email,workflow...
2026-05-23 04:02:48.129 [info] Getting sessions for all scopes...
2026-05-23 04:02:48.129 [info] Got 1 sessions for ...
2026-05-23 04:02:48.130 [info] Getting sessions for read:user,repo,user:email,workflow...
2026-05-23 04:02:48.130 [info] Got 1 sessions for read:user,repo,user:email,workflow...
2026-05-23 04:02:49.599 [info] Getting sessions for all scopes...
2026-05-23 04:02:49.599 [info] Got 1 sessions for ...
2026-05-23 04:02:49.601 [info] Getting sessions for read:user,repo,user:email,workflow...
2026-05-23 04:02:49.601 [info] Got 1 sessions for read:user,repo,user:email,workflow...
2026-05-23 04:02:51.707 [info] Getting sessions for all scopes...
2026-05-23 04:02:51.707 [info] Got 1 sessions for ...
2026-05-23 04:02:51.708 [info] Getting sessions for read:user,repo,user:email,workflow...
2026-05-23 04:02:51.708 [info] Got 1 sessions for read:user,repo,user:email,workflow...
2026-05-23 04:02:53.028 [info] Getting sessions for all scopes...
2026-05-23 04:02:53.028 [info] Got 1 sessions for ...
2026-05-23 04:02:53.029 [info] Getting sessions for read:user,repo,user:email,workflow...
2026-05-23 04:02:53.029 [info] Got 1 sessions for read:user,repo,user:email,workflow...
2026-05-23 04:02:54.326 [info] Getting sessions for all scopes...
2026-05-23 04:02:54.326 [info] Got 1 sessions for ...
2026-05-23 04:02:54.327 [info] Getting sessions for read:user,repo,user:email,workflow...
2026-05-23 04:02:54.328 [info] Got 1 sessions for read:user,repo,user:email,workflow...
2026-05-23 04:02:54.389 [info] Getting sessions for all scopes...
2026-05-23 04:02:54.389 [info] Got 1 sessions for ...
2026-05-23 04:02:54.390 [info] Getting sessions for read:user,repo,user:email,workflow...
2026-05-23 04:02:54.390 [info] Got 1 sessions for read:user,repo,user:email,workflow...
2026-05-23 04:02:56.975 [info] Getting sessions for all scopes...
2026-05-23 04:02:56.975 [info] Got 1 sessions for ...
2026-05-23 04:02:56.989 [info] Getting sessions for read:user,repo,user:email,workflow...
2026-05-23 04:02:56.989 [info] Got 1 sessions for read:user,repo,user:email,workflow...
2026-05-23 04:03:02.491 [info] Getting sessions for all scopes...
2026-05-23 04:03:02.491 [info] Got 1 sessions for ...
2026-05-23 04:03:02.492 [info] Getting sessions for read:user,repo,user:email,workflow...
2026-05-23 04:03:02.492 [info] Got 1 sessions for read:user,repo,user:email,workflow...
2026-05-23 04:03:04.410 [info] Getting sessions for all scopes...
2026-05-23 04:03:04.410 [info] Got 1 sessions for ...
2026-05-23 04:03:04.411 [info] Getting sessions for read:user,repo,user:email,workflow...
2026-05-23 04:03:04.411 [info] Got 1 sessions for read:user,repo,user:email,workflow...
2026-05-23 04:03:06.481 [info] Getting sessions for all scopes...
2026-05-23 04:03:06.481 [info] Got 1 sessions for ...
2026-05-23 04:03:06.482 [info] Getting sessions for read:user,repo,user:email,workflow...
2026-05-23 04:03:06.482 [info] Got 1 sessions for read:user,repo,user:email,workflow...
2026-05-23 04:03:08.803 [info] Getting sessions for all scopes...
2026-05-23 04:03:08.803 [info] Got 1 sessions for ...
2026-05-23 04:03:08.804 [info] Getting sessions for read:user,repo,user:email,workflow...
2026-05-23 04:03:08.804 [info] Got 1 sessions for read:user,repo,user:email,workflow...
2026-05-23 04:03:10.389 [info] Getting sessions for all scopes...
2026-05-23 04:03:10.389 [info] Got 1 sessions for ...
2026-05-23 04:03:10.390 [info] Getting sessions for read:user,repo,user:email,workflow...
2026-05-23 04:03:10.390 [info] Got 1 sessions for read:user,repo,user:email,workflow...
2026-05-23 04:03:11.990 [info] Getting sessions for all scopes...
2026-05-23 04:03:11.990 [info] Got 1 sessions for ...
2026-05-23 04:03:11.991 [info] Getting sessions for read:user,repo,user:email,workflow...
2026-05-23 04:03:11.991 [info] Got 1 sessions for read:user,repo,user:email,workflow...
2026-05-23 04:03:13.211 [info] Getting sessions for all scopes...
2026-05-23 04:03:13.211 [info] Got 1 sessions for ...
2026-05-23 04:03:13.212 [info] Getting sessions for read:user,repo,user:email,workflow...
2026-05-23 04:03:13.212 [info] Got 1 sessions for read:user,repo,user:email,workflow...
2026-05-23 04:03:14.730 [info] Getting sessions for all scopes...
2026-05-23 04:03:14.730 [info] Got 1 sessions for ...
2026-05-23 04:03:14.731 [info] Getting sessions for read:user,repo,user:email,workflow...
2026-05-23 04:03:14.732 [info] Got 1 sessions for read:user,repo,user:email,workflow...
2026-05-23 04:03:19.733 [info] Getting sessions for all scopes...
2026-05-23 04:03:19.733 [info] Got 1 sessions for ...
2026-05-23 04:03:19.735 [info] Getting sessions for read:user,repo,user:email,workflow...
2026-05-23 04:03:19.735 [info] Got 1 sessions for read:user,repo,user:email,workflow...
2026-05-23 04:04:14.982 [info] Getting sessions for all scopes...
2026-05-23 04:04:14.982 [info] Got 1 sessions for ...
2026-05-23 04:04:14.983 [info] Getting sessions for read:user,repo,user:email,workflow...
2026-05-23 04:04:14.983 [info] Got 1 sessions for read:user,repo,user:email,workflow...
2026-05-23 04:04:15.081 [info] Getting sessions for all scopes...
2026-05-23 04:04:15.081 [info] Got 1 sessions for ...
2026-05-23 04:04:15.082 [info] Getting sessions for all scopes...
2026-05-23 04:04:15.082 [info] Got 1 sessions for ...
2026-05-23 04:04:20.158 [info] Getting sessions for all scopes...
2026-05-23 04:04:20.158 [info] Got 1 sessions for ...
2026-05-23 04:04:20.158 [info] Getting sessions for all scopes...
2026-05-23 04:04:20.158 [info] Got 1 sessions for ...
2026-05-23 04:04:22.188 [info] Getting sessions for all scopes...
2026-05-23 04:04:22.188 [info] Got 1 sessions for ...
2026-05-23 04:04:22.188 [info] Getting sessions for read:user,repo,user:email,workflow...
2026-05-23 04:04:22.188 [info] Got 1 sessions for read:user,repo,user:email,workflow...
2026-05-23 04:04:49.497 [info] Getting sessions for all scopes...
2026-05-23 04:04:49.497 [info] Got 1 sessions for ...
2026-05-23 04:04:49.498 [info] Getting sessions for read:user,repo,user:email,workflow...
2026-05-23 04:04:49.498 [info] Got 1 sessions for read:user,repo,user:email,workflow...
2026-05-23 04:04:49.590 [info] Getting sessions for all scopes...
2026-05-23 04:04:49.590 [info] Got 1 sessions for ...
2026-05-23 04:04:49.590 [info] Getting sessions for all scopes...
2026-05-23 04:04:49.590 [info] Got 1 sessions for ...
2026-05-23 04:04:51.353 [info] Getting sessions for all scopes...
2026-05-23 04:04:51.353 [info] Got 1 sessions for ...
2026-05-23 04:04:51.354 [info] Getting sessions for read:user,repo,user:email,workflow...
2026-05-23 04:04:51.354 [info] Got 1 sessions for read:user,repo,user:email,workflow...
2026-05-23 04:05:14.390 [info] Getting sessions for all scopes...
2026-05-23 04:05:14.390 [info] Got 1 sessions for ...
2026-05-23 04:05:14.390 [info] Getting sessions for all scopes...
2026-05-23 04:05:14.390 [info] Got 1 sessions for ...
2026-05-23 04:05:15.014 [info] Getting sessions for all scopes...
2026-05-23 04:05:15.014 [info] Got 1 sessions for ...
2026-05-23 04:05:15.017 [info] Getting sessions for read:user,repo,user:email,workflow...
2026-05-23 04:05:15.017 [info] Got 1 sessions for read:user,repo,user:email,workflow...
2026-05-23 04:05:16.353 [info] Getting sessions for all scopes...
2026-05-23 04:05:16.353 [info] Got 1 sessions for ...
2026-05-23 04:05:16.356 [info] Getting sessions for read:user,repo,user:email,workflow...
2026-05-23 04:05:16.356 [info] Got 1 sessions for read:user,repo,user:email,workflow...
2026-05-23 04:05:35.707 [info] Getting sessions for all scopes...
2026-05-23 04:05:35.707 [info] Got 1 sessions for ...
2026-05-23 04:05:35.708 [info] Getting sessions for read:user,repo,user:email,workflow...
2026-05-23 04:05:35.708 [info] Got 1 sessions for read:user,repo,user:email,workflow...
2026-05-23 04:05:35.798 [info] Getting sessions for all scopes...
2026-05-23 04:05:35.798 [info] Got 1 sessions for ...
2026-05-23 04:05:35.798 [info] Getting sessions for all scopes...
2026-05-23 04:05:35.798 [info] Got 1 sessions for ...
2026-05-23 04:05:37.139 [info] Getting sessions for all scopes...
2026-05-23 04:05:37.139 [info] Got 1 sessions for ...
2026-05-23 04:05:37.140 [info] Getting sessions for read:user,repo,user:email,workflow...
2026-05-23 04:05:37.140 [info] Got 1 sessions for read:user,repo,user:email,workflow...
2026-05-23 04:05:37.521 [info] Getting sessions for all scopes...
2026-05-23 04:05:37.521 [info] Got 1 sessions for ...
2026-05-23 04:05:37.530 [info] Getting sessions for read:user,repo,user:email,workflow...
2026-05-23 04:05:37.530 [info] Got 1 sessions for read:user,repo,user:email,workflow...
2026-05-23 04:05:37.542 [info] Getting sessions for all scopes...
2026-05-23 04:05:37.542 [info] Got 1 sessions for ...
2026-05-23 04:05:37.543 [info] Getting sessions for all scopes...
2026-05-23 04:05:37.543 [info] Got 1 sessions for ...
2026-05-23 04:05:38.761 [info] Getting sessions for all scopes...
2026-05-23 04:05:38.761 [info] Got 1 sessions for ...
2026-05-23 04:05:38.762 [info] Getting sessions for read:user,repo,user:email,workflow...
2026-05-23 04:05:38.762 [info] Got 1 sessions for read:user,repo,user:email,workflow...
2026-05-23 04:05:40.133 [info] Getting sessions for all scopes...
2026-05-23 04:05:40.133 [info] Got 1 sessions for ...
2026-05-23 04:05:40.134 [info] Getting sessions for read:user,repo,user:email,workflow...
2026-05-23 04:05:40.134 [info] Got 1 sessions for read:user,repo,user:email,workflow...
2026-05-23 04:05:45.446 [info] Getting sessions for all scopes...
2026-05-23 04:05:45.446 [info] Got 1 sessions for ...
2026-05-23 04:05:45.446 [info] Getting sessions for read:user,repo,user:email,workflow...
2026-05-23 04:05:45.446 [info] Got 1 sessions for read:user,repo,user:email,workflow...
2026-05-23 04:05:52.332 [info] Getting sessions for all scopes...
2026-05-23 04:05:52.332 [info] Got 1 sessions for ...
2026-05-23 04:05:52.340 [info] Getting sessions for read:user,repo,user:email,workflow...
2026-05-23 04:05:52.340 [info] Got 1 sessions for read:user,repo,user:email,workflow...
2026-05-23 04:05:52.382 [info] Getting sessions for all scopes...
2026-05-23 04:05:52.382 [info] Got 1 sessions for ...
2026-05-23 04:05:52.382 [info] Getting sessions for all scopes...
2026-05-23 04:05:52.382 [info] Got 1 sessions for ...
2026-05-23 04:05:53.733 [info] Getting sessions for all scopes...
2026-05-23 04:05:53.733 [info] Got 1 sessions for ...
2026-05-23 04:05:53.734 [info] Getting sessions for read:user,repo,user:email,workflow...
2026-05-23 04:05:53.734 [info] Got 1 sessions for read:user,repo,user:email,workflow...
2026-05-23 04:05:53.949 [info] Getting sessions for all scopes...
2026-05-23 04:05:53.949 [info] Got 1 sessions for ...
2026-05-23 04:05:53.950 [info] Getting sessions for read:user,repo,user:email,workflow...
2026-05-23 04:05:53.950 [info] Got 1 sessions for read:user,repo,user:email,workflow...
2026-05-23 04:05:55.691 [info] Getting sessions for all scopes...
2026-05-23 04:05:55.691 [info] Got 1 sessions for ...
2026-05-23 04:05:55.692 [info] Getting sessions for read:user,repo,user:email,workflow...
2026-05-23 04:05:55.692 [info] Got 1 sessions for read:user,repo,user:email,workflow...
2026-05-23 04:05:57.507 [info] Getting sessions for all scopes...
2026-05-23 04:05:57.507 [info] Got 1 sessions for ...
2026-05-23 04:05:57.507 [info] Getting sessions for read:user,repo,user:email,workflow...
2026-05-23 04:05:57.507 [info] Got 1 sessions for read:user,repo,user:email,workflow...
2026-05-23 04:06:02.839 [info] Getting sessions for all scopes...
2026-05-23 04:06:02.839 [info] Got 1 sessions for ...
2026-05-23 04:06:02.840 [info] Getting sessions for read:user,repo,user:email,workflow...
2026-05-23 04:06:02.841 [info] Got 1 sessions for read:user,repo,user:email,workflow...
2026-05-23 04:44:00.251 [info] Getting sessions for all scopes...
2026-05-23 04:44:00.251 [info] Got 1 sessions for ...
2026-05-23 04:44:00.252 [info] Getting sessions for all scopes...
2026-05-23 04:44:00.252 [info] Got 1 sessions for ...
