2026-05-22 15:47:26.275 [info] [main] Log level: Info
2026-05-22 15:47:26.275 [info] [main] Validating found git in: "git"
2026-05-22 15:47:26.275 [info] [main] Using git "2.54.0" from "git"
2026-05-22 15:47:26.275 [info] [Model][doInitialScan] Initial repository scan started
2026-05-22 15:47:26.275 [info] > git rev-parse --show-toplevel [102ms]
2026-05-22 15:47:26.275 [info] fatal: not a git repository (or any parent up to mount point /)
Stopping at filesystem boundary (GIT_DISCOVERY_ACROSS_FILESYSTEM not set).
2026-05-22 15:47:26.275 [info] > git rev-parse --show-toplevel [33ms]
2026-05-22 15:47:26.275 [info] fatal: not a git repository (or any parent up to mount point /)
Stopping at filesystem boundary (GIT_DISCOVERY_ACROSS_FILESYSTEM not set).
2026-05-22 15:47:26.277 [info] > git rev-parse --show-toplevel [6ms]
2026-05-22 15:47:26.277 [info] fatal: not a git repository (or any parent up to mount point /)
Stopping at filesystem boundary (GIT_DISCOVERY_ACROSS_FILESYSTEM not set).
2026-05-22 15:47:26.278 [info] [Model][doInitialScan] Initial repository scan completed - repositories (0), closed repositories (0), parent repositories (0), unsafe repositories (0)
2026-05-22 15:47:26.422 [info] > git rev-parse --show-toplevel [100ms]
2026-05-22 15:47:26.422 [info] fatal: not a git repository (or any parent up to mount point /)
Stopping at filesystem boundary (GIT_DISCOVERY_ACROSS_FILESYSTEM not set).
2026-05-22 15:47:37.203 [info] > git rev-parse --show-toplevel [6ms]
2026-05-22 15:47:37.203 [info] fatal: not a git repository (or any parent up to mount point /)
Stopping at filesystem boundary (GIT_DISCOVERY_ACROSS_FILESYSTEM not set).
2026-05-22 15:47:48.604 [info] > git rev-parse --show-toplevel [4ms]
2026-05-22 15:47:48.604 [info] fatal: not a git repository (or any parent up to mount point /)
Stopping at filesystem boundary (GIT_DISCOVERY_ACROSS_FILESYSTEM not set).
2026-05-22 15:47:54.970 [info] > git rev-parse --show-toplevel [3ms]
2026-05-22 15:47:54.970 [info] fatal: not a git repository (or any parent up to mount point /)
Stopping at filesystem boundary (GIT_DISCOVERY_ACROSS_FILESYSTEM not set).
2026-05-22 15:48:30.337 [info] > git rev-parse --show-toplevel [5ms]
2026-05-22 15:48:30.337 [info] fatal: not a git repository (or any parent up to mount point /)
Stopping at filesystem boundary (GIT_DISCOVERY_ACROSS_FILESYSTEM not set).
2026-05-22 15:48:31.441 [info] > git rev-parse --show-toplevel [3ms]
2026-05-22 15:48:31.441 [info] fatal: not a git repository (or any parent up to mount point /)
Stopping at filesystem boundary (GIT_DISCOVERY_ACROSS_FILESYSTEM not set).
2026-05-22 15:48:44.278 [info] > git rev-parse --show-toplevel [1ms]
2026-05-22 15:48:44.278 [info] fatal: not a git repository (or any parent up to mount point /)
Stopping at filesystem boundary (GIT_DISCOVERY_ACROSS_FILESYSTEM not set).
2026-05-22 15:48:48.821 [info] > git rev-parse --show-toplevel [2ms]
2026-05-22 15:48:48.821 [info] fatal: not a git repository (or any parent up to mount point /)
Stopping at filesystem boundary (GIT_DISCOVERY_ACROSS_FILESYSTEM not set).
2026-05-22 15:48:49.737 [info] > git rev-parse --show-toplevel [2ms]
2026-05-22 15:48:49.737 [info] fatal: not a git repository (or any parent up to mount point /)
Stopping at filesystem boundary (GIT_DISCOVERY_ACROSS_FILESYSTEM not set).
2026-05-22 15:49:07.685 [info] > git rev-parse --show-toplevel [1ms]
2026-05-22 15:49:07.685 [info] fatal: not a git repository (or any parent up to mount point /)
Stopping at filesystem boundary (GIT_DISCOVERY_ACROSS_FILESYSTEM not set).
2026-05-22 15:49:10.007 [info] > git rev-parse --show-toplevel [1ms]
2026-05-22 15:49:10.007 [info] fatal: not a git repository (or any parent up to mount point /)
Stopping at filesystem boundary (GIT_DISCOVERY_ACROSS_FILESYSTEM not set).
2026-05-22 15:49:11.267 [info] > git rev-parse --show-toplevel [2ms]
2026-05-22 15:49:11.268 [info] fatal: not a git repository (or any parent up to mount point /)
Stopping at filesystem boundary (GIT_DISCOVERY_ACROSS_FILESYSTEM not set).
2026-05-22 15:49:17.360 [info] > git rev-parse --show-toplevel [1ms]
2026-05-22 15:49:17.360 [info] fatal: not a git repository (or any parent up to mount point /)
Stopping at filesystem boundary (GIT_DISCOVERY_ACROSS_FILESYSTEM not set).
2026-05-22 15:49:21.042 [info] > git rev-parse --show-toplevel [18ms]
2026-05-22 15:49:21.042 [info] fatal: not a git repository (or any parent up to mount point /)
Stopping at filesystem boundary (GIT_DISCOVERY_ACROSS_FILESYSTEM not set).
2026-05-22 15:49:30.187 [info] > git rev-parse --show-toplevel [2ms]
2026-05-22 15:49:30.187 [info] fatal: not a git repository (or any parent up to mount point /)
Stopping at filesystem boundary (GIT_DISCOVERY_ACROSS_FILESYSTEM not set).
2026-05-22 15:49:30.481 [info] > git rev-parse --show-toplevel [13ms]
2026-05-22 15:49:30.481 [info] fatal: not a git repository (or any parent up to mount point /)
Stopping at filesystem boundary (GIT_DISCOVERY_ACROSS_FILESYSTEM not set).
2026-05-22 15:49:58.914 [info] > git rev-parse --show-toplevel [0ms]
2026-05-22 15:49:58.914 [info] fatal: not a git repository (or any parent up to mount point /)
Stopping at filesystem boundary (GIT_DISCOVERY_ACROSS_FILESYSTEM not set).
2026-05-22 15:50:03.501 [info] > git rev-parse --show-toplevel [17ms]
2026-05-22 15:50:03.501 [info] fatal: not a git repository (or any parent up to mount point /)
Stopping at filesystem boundary (GIT_DISCOVERY_ACROSS_FILESYSTEM not set).
2026-05-22 15:51:02.492 [info] > git rev-parse --show-toplevel [16ms]
2026-05-22 15:51:02.492 [info] fatal: not a git repository (or any parent up to mount point /)
Stopping at filesystem boundary (GIT_DISCOVERY_ACROSS_FILESYSTEM not set).
2026-05-22 15:51:24.531 [info] > git rev-parse --show-toplevel [2ms]
2026-05-22 15:51:24.531 [info] fatal: not a git repository (or any parent up to mount point /)
Stopping at filesystem boundary (GIT_DISCOVERY_ACROSS_FILESYSTEM not set).
2026-05-22 15:51:25.014 [info] > git rev-parse --show-toplevel [13ms]
2026-05-22 15:51:25.014 [info] fatal: not a git repository (or any parent up to mount point /)
Stopping at filesystem boundary (GIT_DISCOVERY_ACROSS_FILESYSTEM not set).
2026-05-22 15:52:01.129 [info] > git rev-parse --show-toplevel [1ms]
2026-05-22 15:52:01.129 [info] fatal: not a git repository (or any parent up to mount point /)
Stopping at filesystem boundary (GIT_DISCOVERY_ACROSS_FILESYSTEM not set).
2026-05-22 15:52:08.061 [info] > git rev-parse --show-toplevel [1ms]
2026-05-22 15:52:08.061 [info] fatal: not a git repository (or any parent up to mount point /)
Stopping at filesystem boundary (GIT_DISCOVERY_ACROSS_FILESYSTEM not set).
2026-05-22 15:52:47.172 [info] [main] Log level: Info
2026-05-22 15:52:47.172 [info] [main] Validating found git in: "git"
2026-05-22 15:52:47.172 [info] [main] Using git "2.54.0" from "git"
2026-05-22 15:52:47.172 [info] [Model][doInitialScan] Initial repository scan started
2026-05-22 15:52:47.172 [info] > git rev-parse --show-toplevel [906ms]
2026-05-22 15:52:47.172 [info] fatal: not a git repository (or any parent up to mount point /)
Stopping at filesystem boundary (GIT_DISCOVERY_ACROSS_FILESYSTEM not set).
2026-05-22 15:52:47.308 [info] > git rev-parse --show-toplevel [124ms]
2026-05-22 15:52:47.308 [info] fatal: not a git repository (or any parent up to mount point /)
Stopping at filesystem boundary (GIT_DISCOVERY_ACROSS_FILESYSTEM not set).
2026-05-22 15:52:47.386 [info] > git rev-parse --show-toplevel [36ms]
2026-05-22 15:52:47.386 [info] fatal: not a git repository (or any parent up to mount point /)
Stopping at filesystem boundary (GIT_DISCOVERY_ACROSS_FILESYSTEM not set).
2026-05-22 15:52:47.427 [info] > git rev-parse --show-toplevel [17ms]
2026-05-22 15:52:47.427 [info] fatal: not a git repository (or any parent up to mount point /)
Stopping at filesystem boundary (GIT_DISCOVERY_ACROSS_FILESYSTEM not set).
2026-05-22 15:52:47.427 [info] [Model][doInitialScan] Initial repository scan completed - repositories (0), closed repositories (0), parent repositories (0), unsafe repositories (0)
2026-05-22 15:53:17.223 [info] > git rev-parse --show-toplevel [1ms]
2026-05-22 15:53:17.223 [info] fatal: not a git repository (or any parent up to mount point /)
Stopping at filesystem boundary (GIT_DISCOVERY_ACROSS_FILESYSTEM not set).
2026-05-22 15:54:20.851 [info] > git rev-parse --show-toplevel [6ms]
2026-05-22 15:54:20.851 [info] fatal: not a git repository (or any parent up to mount point /)
Stopping at filesystem boundary (GIT_DISCOVERY_ACROSS_FILESYSTEM not set).
2026-05-22 15:54:27.952 [info] > git rev-parse --show-toplevel [1ms]
2026-05-22 15:54:27.952 [info] fatal: not a git repository (or any parent up to mount point /)
Stopping at filesystem boundary (GIT_DISCOVERY_ACROSS_FILESYSTEM not set).
2026-05-22 15:54:31.437 [info] > git rev-parse --show-toplevel [16ms]
2026-05-22 15:54:31.437 [info] fatal: not a git repository (or any parent up to mount point /)
Stopping at filesystem boundary (GIT_DISCOVERY_ACROSS_FILESYSTEM not set).
2026-05-22 15:54:44.323 [info] > git rev-parse --show-toplevel [20ms]
2026-05-22 15:54:44.323 [info] fatal: not a git repository (or any parent up to mount point /)
Stopping at filesystem boundary (GIT_DISCOVERY_ACROSS_FILESYSTEM not set).
2026-05-22 15:55:16.749 [info] > git rev-parse --show-toplevel [14ms]
2026-05-22 15:55:16.749 [info] fatal: not a git repository (or any parent up to mount point /)
Stopping at filesystem boundary (GIT_DISCOVERY_ACROSS_FILESYSTEM not set).
2026-05-22 15:55:30.741 [info] > git rev-parse --show-toplevel [17ms]
2026-05-22 15:55:30.741 [info] fatal: not a git repository (or any parent up to mount point /)
Stopping at filesystem boundary (GIT_DISCOVERY_ACROSS_FILESYSTEM not set).
2026-05-22 15:56:00.870 [info] > git rev-parse --show-toplevel [2ms]
2026-05-22 15:56:00.870 [info] fatal: not a git repository (or any parent up to mount point /)
Stopping at filesystem boundary (GIT_DISCOVERY_ACROSS_FILESYSTEM not set).
2026-05-22 15:56:02.947 [info] > git rev-parse --show-toplevel [1ms]
2026-05-22 15:56:02.947 [info] fatal: not a git repository (or any parent up to mount point /)
Stopping at filesystem boundary (GIT_DISCOVERY_ACROSS_FILESYSTEM not set).
2026-05-22 15:56:06.170 [info] > git rev-parse --show-toplevel [17ms]
2026-05-22 15:56:06.170 [info] fatal: not a git repository (or any parent up to mount point /)
Stopping at filesystem boundary (GIT_DISCOVERY_ACROSS_FILESYSTEM not set).
2026-05-22 15:56:10.655 [info] > git rev-parse --show-toplevel [18ms]
2026-05-22 15:56:10.655 [info] fatal: not a git repository (or any parent up to mount point /)
Stopping at filesystem boundary (GIT_DISCOVERY_ACROSS_FILESYSTEM not set).
2026-05-22 15:56:32.022 [info] > git rev-parse --show-toplevel [2ms]
2026-05-22 15:56:32.022 [info] fatal: not a git repository (or any parent up to mount point /)
Stopping at filesystem boundary (GIT_DISCOVERY_ACROSS_FILESYSTEM not set).
2026-05-22 15:56:45.153 [info] > git rev-parse --show-toplevel [17ms]
2026-05-22 15:56:45.153 [info] fatal: not a git repository (or any parent up to mount point /)
Stopping at filesystem boundary (GIT_DISCOVERY_ACROSS_FILESYSTEM not set).
2026-05-22 15:56:54.506 [info] [main] Log level: Info
2026-05-22 15:56:54.506 [info] [main] Validating found git in: "git"
2026-05-22 15:56:54.506 [info] [main] Using git "2.54.0" from "git"
2026-05-22 15:56:54.506 [info] [Model][doInitialScan] Initial repository scan started
2026-05-22 15:56:54.506 [info] > git rev-parse --show-toplevel [223ms]
2026-05-22 15:56:54.506 [info] fatal: not a git repository (or any parent up to mount point /)
Stopping at filesystem boundary (GIT_DISCOVERY_ACROSS_FILESYSTEM not set).
2026-05-22 15:56:54.573 [info] > git rev-parse --show-toplevel [38ms]
2026-05-22 15:56:54.573 [info] fatal: not a git repository (or any parent up to mount point /)
Stopping at filesystem boundary (GIT_DISCOVERY_ACROSS_FILESYSTEM not set).
2026-05-22 15:56:54.760 [info] > git rev-parse --show-toplevel [99ms]
2026-05-22 15:56:54.760 [info] fatal: not a git repository (or any parent up to mount point /)
Stopping at filesystem boundary (GIT_DISCOVERY_ACROSS_FILESYSTEM not set).
2026-05-22 15:56:55.785 [info] > git rev-parse --show-toplevel [212ms]
2026-05-22 15:56:55.785 [info] fatal: not a git repository (or any parent up to mount point /)
Stopping at filesystem boundary (GIT_DISCOVERY_ACROSS_FILESYSTEM not set).
2026-05-22 15:56:55.785 [info] [Model][doInitialScan] Initial repository scan completed - repositories (0), closed repositories (0), parent repositories (0), unsafe repositories (0)
2026-05-22 15:57:15.795 [info] > git rev-parse --show-toplevel [6ms]
2026-05-22 15:57:15.795 [info] fatal: not a git repository (or any parent up to mount point /)
Stopping at filesystem boundary (GIT_DISCOVERY_ACROSS_FILESYSTEM not set).
2026-05-22 15:57:34.644 [info] > git rev-parse --show-toplevel [4ms]
2026-05-22 15:57:34.644 [info] fatal: not a git repository (or any parent up to mount point /)
Stopping at filesystem boundary (GIT_DISCOVERY_ACROSS_FILESYSTEM not set).
2026-05-22 15:57:50.571 [info] > git rev-parse --show-toplevel [3ms]
2026-05-22 15:57:50.571 [info] fatal: not a git repository (or any parent up to mount point /)
Stopping at filesystem boundary (GIT_DISCOVERY_ACROSS_FILESYSTEM not set).
2026-05-22 15:58:27.955 [info] > git rev-parse --show-toplevel [1ms]
2026-05-22 15:58:27.955 [info] fatal: not a git repository (or any parent up to mount point /)
Stopping at filesystem boundary (GIT_DISCOVERY_ACROSS_FILESYSTEM not set).
2026-05-22 15:59:16.596 [info] > git rev-parse --show-toplevel [1ms]
2026-05-22 15:59:16.596 [info] fatal: not a git repository (or any parent up to mount point /)
Stopping at filesystem boundary (GIT_DISCOVERY_ACROSS_FILESYSTEM not set).
2026-05-22 15:59:50.846 [info] [main] Log level: Info
2026-05-22 15:59:50.846 [info] [main] Validating found git in: "git"
2026-05-22 15:59:50.846 [info] [main] Using git "2.54.0" from "git"
2026-05-22 15:59:50.846 [info] [Model][doInitialScan] Initial repository scan started
2026-05-22 15:59:50.846 [info] > git rev-parse --show-toplevel [244ms]
2026-05-22 15:59:50.846 [info] fatal: not a git repository (or any parent up to mount point /)
Stopping at filesystem boundary (GIT_DISCOVERY_ACROSS_FILESYSTEM not set).
2026-05-22 15:59:51.076 [info] > git rev-parse --show-toplevel [212ms]
2026-05-22 15:59:51.076 [info] fatal: not a git repository (or any parent up to mount point /)
Stopping at filesystem boundary (GIT_DISCOVERY_ACROSS_FILESYSTEM not set).
2026-05-22 15:59:51.188 [info] > git rev-parse --show-toplevel [61ms]
2026-05-22 15:59:51.188 [info] fatal: not a git repository (or any parent up to mount point /)
Stopping at filesystem boundary (GIT_DISCOVERY_ACROSS_FILESYSTEM not set).
2026-05-22 15:59:51.244 [info] > git rev-parse --show-toplevel [17ms]
2026-05-22 15:59:51.244 [info] fatal: not a git repository (or any parent up to mount point /)
Stopping at filesystem boundary (GIT_DISCOVERY_ACROSS_FILESYSTEM not set).
2026-05-22 15:59:51.244 [info] [Model][doInitialScan] Initial repository scan completed - repositories (0), closed repositories (0), parent repositories (0), unsafe repositories (0)
2026-05-22 16:03:14.921 [info] > git rev-parse --show-toplevel [5ms]
2026-05-22 16:03:14.922 [info] fatal: not a git repository (or any parent up to mount point /)
Stopping at filesystem boundary (GIT_DISCOVERY_ACROSS_FILESYSTEM not set).
2026-05-22 16:03:18.778 [info] > git rev-parse --show-toplevel [1ms]
2026-05-22 16:03:18.778 [info] fatal: not a git repository (or any parent up to mount point /)
Stopping at filesystem boundary (GIT_DISCOVERY_ACROSS_FILESYSTEM not set).
2026-05-22 16:03:24.754 [info] > git rev-parse --show-toplevel [6ms]
2026-05-22 16:03:24.754 [info] fatal: not a git repository (or any parent up to mount point /)
Stopping at filesystem boundary (GIT_DISCOVERY_ACROSS_FILESYSTEM not set).
2026-05-22 16:03:46.066 [info] [main] Log level: Info
2026-05-22 16:03:46.066 [info] [main] Validating found git in: "git"
2026-05-22 16:03:46.066 [info] [main] Using git "2.54.0" from "git"
2026-05-22 16:03:46.066 [info] [Model][doInitialScan] Initial repository scan started
2026-05-22 16:03:46.081 [info] > git rev-parse --show-toplevel [1812ms]
2026-05-22 16:03:46.081 [info] fatal: not a git repository (or any parent up to mount point /)
Stopping at filesystem boundary (GIT_DISCOVERY_ACROSS_FILESYSTEM not set).
2026-05-22 16:03:46.456 [info] > git rev-parse --show-toplevel [188ms]
2026-05-22 16:03:46.456 [info] fatal: not a git repository (or any parent up to mount point /)
Stopping at filesystem boundary (GIT_DISCOVERY_ACROSS_FILESYSTEM not set).
2026-05-22 16:03:46.608 [info] > git rev-parse --show-toplevel [33ms]
2026-05-22 16:03:46.608 [info] fatal: not a git repository (or any parent up to mount point /)
Stopping at filesystem boundary (GIT_DISCOVERY_ACROSS_FILESYSTEM not set).
2026-05-22 16:03:46.608 [info] [Model][doInitialScan] Initial repository scan completed - repositories (0), closed repositories (0), parent repositories (0), unsafe repositories (0)
2026-05-22 16:03:46.641 [info] > git rev-parse --show-toplevel [14ms]
2026-05-22 16:03:46.641 [info] fatal: not a git repository (or any parent up to mount point /)
Stopping at filesystem boundary (GIT_DISCOVERY_ACROSS_FILESYSTEM not set).
2026-05-22 16:03:46.671 [info] > git rev-parse --show-toplevel [17ms]
2026-05-22 16:03:46.671 [info] fatal: not a git repository (or any parent up to mount point /)
Stopping at filesystem boundary (GIT_DISCOVERY_ACROSS_FILESYSTEM not set).
2026-05-22 16:04:21.941 [info] > git rev-parse --show-toplevel [2ms]
2026-05-22 16:04:21.941 [info] fatal: not a git repository (or any parent up to mount point /)
Stopping at filesystem boundary (GIT_DISCOVERY_ACROSS_FILESYSTEM not set).
2026-05-22 16:04:51.073 [info] > git rev-parse --show-toplevel [1ms]
2026-05-22 16:04:51.073 [info] fatal: not a git repository (or any parent up to mount point /)
Stopping at filesystem boundary (GIT_DISCOVERY_ACROSS_FILESYSTEM not set).
2026-05-22 16:04:57.329 [info] > git rev-parse --show-toplevel [1ms]
2026-05-22 16:04:57.329 [info] fatal: not a git repository (or any parent up to mount point /)
Stopping at filesystem boundary (GIT_DISCOVERY_ACROSS_FILESYSTEM not set).
2026-05-22 16:05:02.874 [info] > git rev-parse --show-toplevel [4ms]
2026-05-22 16:05:02.874 [info] fatal: not a git repository (or any parent up to mount point /)
Stopping at filesystem boundary (GIT_DISCOVERY_ACROSS_FILESYSTEM not set).
2026-05-22 16:05:42.854 [info] [main] Log level: Info
2026-05-22 16:05:42.854 [info] [main] Validating found git in: "git"
2026-05-22 16:05:42.854 [info] [main] Using git "2.54.0" from "git"
2026-05-22 16:05:42.854 [info] [Model][doInitialScan] Initial repository scan started
2026-05-22 16:05:42.854 [info] > git rev-parse --show-toplevel [1802ms]
2026-05-22 16:05:42.854 [info] fatal: not a git repository (or any parent up to mount point /)
Stopping at filesystem boundary (GIT_DISCOVERY_ACROSS_FILESYSTEM not set).
2026-05-22 16:05:43.006 [info] > git rev-parse --show-toplevel [143ms]
2026-05-22 16:05:43.006 [info] fatal: not a git repository (or any parent up to mount point /)
Stopping at filesystem boundary (GIT_DISCOVERY_ACROSS_FILESYSTEM not set).
2026-05-22 16:05:43.192 [info] > git rev-parse --show-toplevel [56ms]
2026-05-22 16:05:43.192 [info] fatal: not a git repository (or any parent up to mount point /)
Stopping at filesystem boundary (GIT_DISCOVERY_ACROSS_FILESYSTEM not set).
2026-05-22 16:05:43.193 [info] [Model][doInitialScan] Initial repository scan completed - repositories (0), closed repositories (0), parent repositories (0), unsafe repositories (0)
2026-05-22 16:05:43.221 [info] > git rev-parse --show-toplevel [14ms]
2026-05-22 16:05:43.221 [info] fatal: not a git repository (or any parent up to mount point /)
Stopping at filesystem boundary (GIT_DISCOVERY_ACROSS_FILESYSTEM not set).
2026-05-22 16:05:43.238 [info] > git rev-parse --show-toplevel [6ms]
2026-05-22 16:05:43.238 [info] fatal: not a git repository (or any parent up to mount point /)
Stopping at filesystem boundary (GIT_DISCOVERY_ACROSS_FILESYSTEM not set).
2026-05-22 16:08:07.881 [info] > git rev-parse --show-toplevel [5ms]
2026-05-22 16:08:07.881 [info] fatal: not a git repository (or any parent up to mount point /)
Stopping at filesystem boundary (GIT_DISCOVERY_ACROSS_FILESYSTEM not set).
2026-05-22 16:08:25.486 [info] [main] Log level: Info
2026-05-22 16:08:25.486 [info] [main] Validating found git in: "git"
2026-05-22 16:08:25.486 [info] [main] Using git "2.54.0" from "git"
2026-05-22 16:08:25.486 [info] [Model][doInitialScan] Initial repository scan started
2026-05-22 16:08:25.486 [info] > git rev-parse --show-toplevel [722ms]
2026-05-22 16:08:25.486 [info] fatal: not a git repository (or any parent up to mount point /)
Stopping at filesystem boundary (GIT_DISCOVERY_ACROSS_FILESYSTEM not set).
2026-05-22 16:08:25.554 [info] > git rev-parse --show-toplevel [59ms]
2026-05-22 16:08:25.554 [info] fatal: not a git repository (or any parent up to mount point /)
Stopping at filesystem boundary (GIT_DISCOVERY_ACROSS_FILESYSTEM not set).
2026-05-22 16:08:25.606 [info] > git rev-parse --show-toplevel [17ms]
2026-05-22 16:08:25.606 [info] fatal: not a git repository (or any parent up to mount point /)
Stopping at filesystem boundary (GIT_DISCOVERY_ACROSS_FILESYSTEM not set).
2026-05-22 16:08:25.606 [info] [Model][doInitialScan] Initial repository scan completed - repositories (0), closed repositories (0), parent repositories (0), unsafe repositories (0)
