2026-05-23 03:20:56.702 [info] [main] Log level: Info
2026-05-23 03:20:56.702 [info] [main] Validating found git in: "git"
2026-05-23 03:20:56.702 [info] [main] Using git "2.54.0" from "git"
2026-05-23 03:20:56.702 [info] [Model][doInitialScan] Initial repository scan started
2026-05-23 03:20:56.702 [info] > git rev-parse --show-toplevel [25ms]
2026-05-23 03:20:56.702 [info] fatal: not a git repository (or any parent up to mount point /)
Stopping at filesystem boundary (GIT_DISCOVERY_ACROSS_FILESYSTEM not set).
2026-05-23 03:20:56.702 [info] > git rev-parse --show-toplevel [7ms]
2026-05-23 03:20:56.702 [info] fatal: not a git repository (or any parent up to mount point /)
Stopping at filesystem boundary (GIT_DISCOVERY_ACROSS_FILESYSTEM not set).
2026-05-23 03:20:56.702 [info] [Model][doInitialScan] Initial repository scan completed - repositories (0), closed repositories (0), parent repositories (0), unsafe repositories (0)
2026-05-23 03:20:57.060 [info] > git rev-parse --show-toplevel [23ms]
2026-05-23 03:20:57.060 [info] fatal: not a git repository (or any parent up to mount point /)
Stopping at filesystem boundary (GIT_DISCOVERY_ACROSS_FILESYSTEM not set).
2026-05-23 03:20:57.825 [info] > git rev-parse --show-toplevel [6ms]
2026-05-23 03:20:57.825 [info] fatal: not a git repository (or any parent up to mount point /)
Stopping at filesystem boundary (GIT_DISCOVERY_ACROSS_FILESYSTEM not set).
2026-05-23 03:20:57.859 [info] > git rev-parse --show-toplevel [17ms]
2026-05-23 03:20:57.859 [info] fatal: not a git repository (or any parent up to mount point /)
Stopping at filesystem boundary (GIT_DISCOVERY_ACROSS_FILESYSTEM not set).
2026-05-23 03:21:00.665 [info] > git rev-parse --show-toplevel [181ms]
2026-05-23 03:21:00.665 [info] fatal: not a git repository (or any parent up to mount point /)
Stopping at filesystem boundary (GIT_DISCOVERY_ACROSS_FILESYSTEM not set).
2026-05-23 03:21:00.846 [info] > git rev-parse --show-toplevel [73ms]
2026-05-23 03:21:00.846 [info] fatal: not a git repository (or any parent up to mount point /)
Stopping at filesystem boundary (GIT_DISCOVERY_ACROSS_FILESYSTEM not set).
2026-05-23 03:21:00.885 [info] > git rev-parse --show-toplevel [4ms]
2026-05-23 03:21:00.885 [info] fatal: not a git repository (or any parent up to mount point /)
Stopping at filesystem boundary (GIT_DISCOVERY_ACROSS_FILESYSTEM not set).
2026-05-23 03:21:00.956 [info] > git rev-parse --show-toplevel [33ms]
2026-05-23 03:21:00.956 [info] fatal: not a git repository (or any parent up to mount point /)
Stopping at filesystem boundary (GIT_DISCOVERY_ACROSS_FILESYSTEM not set).
2026-05-23 03:23:20.448 [info] > git rev-parse --show-toplevel [3ms]
2026-05-23 03:23:20.448 [info] fatal: not a git repository (or any parent up to mount point /)
Stopping at filesystem boundary (GIT_DISCOVERY_ACROSS_FILESYSTEM not set).
