2026-05-22 23:02:43.064 [warning] Dir "/home/corpxe/Desktop/IIT-ds/Stats/.pixi/envs" is not watchable (directory does not exist)
2026-05-22 23:02:43.119 [info] > conda info --json
2026-05-22 23:02:43.133 [info] Python interpreter path: ./.venv/bin/python
2026-05-22 23:02:43.220 [info] > pyenv which python
2026-05-22 23:02:43.220 [info] cwd: .
2026-05-22 23:02:46.263 [info] Starting Jedi language server for Stats.
2026-05-22 23:05:11.489 [info] Starting Environment refresh
2026-05-22 23:05:11.489 [info] Searching for interpreters in posix paths locator
2026-05-22 23:05:11.490 [info] Searching for pyenv environments
2026-05-22 23:05:11.490 [info] Searching for conda environments
2026-05-22 23:05:11.490 [info] Searching for global virtual environments
2026-05-22 23:05:11.490 [info] Searching for custom virtual environments
2026-05-22 23:05:11.500 [info] > hatch env show --json
2026-05-22 23:05:11.500 [info] cwd: .
2026-05-22 23:05:11.502 [info] pyenv is not installed
2026-05-22 23:05:11.502 [info] Finished searching for pyenv environments: 13 milliseconds
2026-05-22 23:05:11.503 [info] Finished searching for custom virtual envs: 13 milliseconds
2026-05-22 23:05:11.507 [info] Finished searching for global virtual envs: 18 milliseconds
2026-05-22 23:05:11.562 [info] Found: /bin/python --> /bin/python3.14
2026-05-22 23:05:11.564 [info] Found: /bin/python3 --> /bin/python3.14
2026-05-22 23:05:11.565 [info] Found: /bin/python3.14 --> /bin/python3.14
2026-05-22 23:05:11.584 [info] > ./.venv/bin/python -I ~/.vscode-oss/extensions/ms-python.python-2026.4.0-universal/python_files/get_output_via_markers.py ~/.vscode-oss/extensions/ms-python.python-2026.4.0-universal/python_files/interpreterInfo.py
2026-05-22 23:05:11.622 [info] Found: /sbin/python --> /sbin/python3.14
2026-05-22 23:05:11.623 [info] Found: /sbin/python3 --> /sbin/python3.14
2026-05-22 23:05:11.625 [info] Found: /sbin/python3.14 --> /sbin/python3.14
2026-05-22 23:05:11.633 [info] Found: /usr/bin/python --> /usr/bin/python3.14
2026-05-22 23:05:11.633 [info] Found: /usr/bin/python3 --> /usr/bin/python3.14
2026-05-22 23:05:11.633 [info] Found: /usr/bin/python3.14 --> /usr/bin/python3.14
2026-05-22 23:05:11.663 [info] Found: /usr/sbin/python --> /usr/sbin/python3.14
2026-05-22 23:05:11.665 [info] Found: /usr/sbin/python3 --> /usr/sbin/python3.14
2026-05-22 23:05:11.665 [info] Found: /usr/sbin/python3.14 --> /usr/sbin/python3.14
2026-05-22 23:05:11.681 [info] > /bin/python -I ~/.vscode-oss/extensions/ms-python.python-2026.4.0-universal/python_files/get_output_via_markers.py ~/.vscode-oss/extensions/ms-python.python-2026.4.0-universal/python_files/interpreterInfo.py
2026-05-22 23:05:11.699 [info] > /sbin/python -I ~/.vscode-oss/extensions/ms-python.python-2026.4.0-universal/python_files/get_output_via_markers.py ~/.vscode-oss/extensions/ms-python.python-2026.4.0-universal/python_files/interpreterInfo.py
2026-05-22 23:05:11.706 [info] Finished searching for interpreters in posix paths locator: 218 milliseconds
2026-05-22 23:05:11.712 [info] Environments refresh paths discovered (event): 224 milliseconds
2026-05-22 23:05:11.712 [info] Environments refresh paths discovered: 224 milliseconds
2026-05-22 23:05:11.726 [info] > /usr/bin/python -I ~/.vscode-oss/extensions/ms-python.python-2026.4.0-universal/python_files/get_output_via_markers.py ~/.vscode-oss/extensions/ms-python.python-2026.4.0-universal/python_files/interpreterInfo.py
2026-05-22 23:05:11.740 [info] > /usr/sbin/python -I ~/.vscode-oss/extensions/ms-python.python-2026.4.0-universal/python_files/get_output_via_markers.py ~/.vscode-oss/extensions/ms-python.python-2026.4.0-universal/python_files/interpreterInfo.py
2026-05-22 23:05:11.769 [info] Environments refresh finished (event): 281 milliseconds
2026-05-22 23:05:11.777 [info] Environment refresh took 290 milliseconds
2026-05-22 23:08:02.341 [info] > . ./.venv/bin/activate && echo 'e8b39361-0157-4923-80e1-22d70d46dee6' && python ~/.vscode-oss/extensions/ms-python.python-2026.4.0-universal/python_files/printEnvVariables.py
2026-05-22 23:08:02.341 [info] shell: bash
2026-05-22 23:08:02.522 [info] > . ./.venv/bin/activate && echo 'e8b39361-0157-4923-80e1-22d70d46dee6' && python ~/.vscode-oss/extensions/ms-python.python-2026.4.0-universal/python_files/printEnvVariables.py
2026-05-22 23:08:02.523 [info] shell: bash
2026-05-22 23:13:56.954 [info] > ./.venv/bin/python -I ~/.vscode-oss/extensions/ms-python.python-2026.4.0-universal/python_files/get_output_via_markers.py ~/.vscode-oss/extensions/ms-python.python-2026.4.0-universal/python_files/interpreterInfo.py
2026-05-22 23:13:56.954 [info] Environments refresh paths discovered: 18 milliseconds
2026-05-22 23:13:56.981 [info] Environments refresh finished (event): 44 milliseconds
2026-05-22 23:56:25.307 [error] Unable to find workspace for given file
2026-05-22 23:56:52.147 [error] Unable to find workspace for given file
2026-05-22 23:56:53.625 [error] Unable to find workspace for given file
2026-05-22 23:56:59.954 [error] Unable to find workspace for given file
2026-05-22 23:57:29.414 [error] Unable to find workspace for given file
2026-05-23 00:00:41.815 [error] Unable to find workspace for given file
2026-05-23 00:54:59.733 [error] Unable to find workspace for given file
2026-05-23 00:55:02.678 [error] Unable to find workspace for given file
2026-05-23 00:55:05.381 [error] Unable to find workspace for given file
2026-05-23 00:55:07.249 [error] Unable to find workspace for given file
2026-05-23 00:55:12.112 [error] Unable to find workspace for given file
2026-05-23 00:55:14.309 [error] Unable to find workspace for given file
2026-05-23 00:56:07.066 [error] Unable to find workspace for given file
2026-05-23 00:56:11.252 [error] Unable to find workspace for given file
2026-05-23 00:56:15.231 [error] Unable to find workspace for given file
2026-05-23 00:56:16.585 [error] Unable to find workspace for given file
2026-05-23 00:57:08.987 [error] Unable to find workspace for given file
2026-05-23 00:57:10.643 [error] Unable to find workspace for given file
2026-05-23 00:57:11.819 [error] Unable to find workspace for given file
2026-05-23 00:57:37.220 [error] Unable to find workspace for given file
2026-05-23 00:57:39.234 [error] Unable to find workspace for given file
2026-05-23 00:57:50.170 [error] Unable to find workspace for given file
2026-05-23 00:57:51.920 [error] Unable to find workspace for given file
2026-05-23 00:58:14.100 [error] Unable to find workspace for given file
2026-05-23 00:58:15.610 [error] Unable to find workspace for given file
2026-05-23 00:58:18.402 [error] Unable to find workspace for given file
2026-05-23 00:58:21.664 [error] Unable to find workspace for given file
2026-05-23 00:58:22.445 [error] Unable to find workspace for given file
2026-05-23 00:58:59.671 [error] Unable to find workspace for given file
2026-05-23 00:59:01.929 [error] Unable to find workspace for given file
2026-05-23 00:59:09.772 [error] Unable to find workspace for given file
2026-05-23 00:59:11.958 [error] Unable to find workspace for given file
2026-05-23 00:59:13.372 [error] Unable to find workspace for given file
2026-05-23 00:59:21.000 [error] Unable to find workspace for given file
2026-05-23 00:59:22.745 [error] Unable to find workspace for given file
2026-05-23 00:59:25.732 [error] Unable to find workspace for given file
2026-05-23 00:59:27.223 [error] Unable to find workspace for given file
2026-05-23 00:59:34.833 [error] Unable to find workspace for given file
2026-05-23 00:59:37.545 [error] Unable to find workspace for given file
2026-05-23 00:59:40.157 [error] Unable to find workspace for given file
2026-05-23 00:59:43.157 [error] Unable to find workspace for given file
2026-05-23 00:59:43.832 [error] Unable to find workspace for given file
2026-05-23 00:59:48.518 [error] Unable to find workspace for given file
2026-05-23 00:59:56.789 [error] Unable to find workspace for given file
2026-05-23 01:00:02.274 [error] Unable to find workspace for given file
2026-05-23 01:00:07.354 [error] Unable to find workspace for given file
2026-05-23 01:00:09.789 [error] Unable to find workspace for given file
2026-05-23 01:00:11.562 [error] Unable to find workspace for given file
2026-05-23 01:00:13.378 [error] Unable to find workspace for given file
2026-05-23 01:00:16.714 [error] Unable to find workspace for given file
