2026-05-22 15:47:21.483 [info] StorageMainService: creating application shared storage
2026-05-22 15:47:21.484 [info] StorageMainService: creating application shared storage with local application storage fallback
2026-05-22 15:47:21.531 [info] [shared storage] Creating shared storage database at '/home/corpxe/.vscode-oss-shared/sharedStorage/state.vscdb' (wasCreated: false)
2026-05-22 15:47:21.531 [info] [shared storage] Initializing fallback application storage (type: local, path: /home/corpxe/.config/Code - OSS/User/globalStorage/state.vscdb)
2026-05-22 15:47:21.551 [info] [shared storage] Fallback application storage initialized with 97 items
2026-05-22 15:47:21.552 [info] update#setState disabled
2026-05-22 15:47:21.552 [info] update#ctor - updates are disabled as there is no update URL
2026-05-22 15:52:41.702 [info] Extension host with pid 29193 exited with code: 0, signal: unknown.
2026-05-22 15:52:41.738 [error] [UtilityProcess id: 1, type: fileWatcher, pid: 29208]: crashed with code 15 and reason 'killed'
2026-05-22 15:56:50.527 [info] Extension host with pid 33181 exited with code: 0, signal: unknown.
2026-05-22 15:56:50.629 [error] [UtilityProcess id: 1, type: fileWatcher, pid: 33182]: crashed with code 15 and reason 'killed'
2026-05-22 15:59:45.867 [info] Extension host with pid 35892 exited with code: 0, signal: unknown.
2026-05-22 15:59:45.985 [error] [UtilityProcess id: 1, type: fileWatcher, pid: 35893]: crashed with code 15 and reason 'killed'
2026-05-22 16:03:41.084 [info] Extension host with pid 37437 exited with code: 0, signal: unknown.
2026-05-22 16:03:41.209 [error] [UtilityProcess id: 1, type: fileWatcher, pid: 37436]: crashed with code 15 and reason 'killed'
2026-05-22 16:05:37.813 [info] Extension host with pid 39886 exited with code: 0, signal: unknown.
2026-05-22 16:05:37.932 [error] [UtilityProcess id: 1, type: fileWatcher, pid: 39885]: crashed with code 15 and reason 'killed'
2026-05-22 16:08:20.385 [info] Extension host with pid 40923 exited with code: 0, signal: unknown.
2026-05-22 16:08:20.485 [error] [UtilityProcess id: 1, type: fileWatcher, pid: 40924]: crashed with code 15 and reason 'killed'
2026-05-22 16:27:01.997 [error] CodeWindow: renderer process gone (reason: clean-exit, code: <unknown>)
