2026-05-23 03:20:57.129 [info] Python-envs extension version: 1.30.0
2026-05-23 03:20:57.129 [info] 
=== Python Envs Configuration Levels ===
2026-05-23 03:20:57.129 [info] {
  "section": "Python Envs Configuration Levels",
  "defaultEnvManager": {
    "workspaceFolderValue": "undefined",
    "workspaceValue": "undefined",
    "globalValue": "undefined",
    "defaultValue": "ms-python.python:venv"
  },
  "defaultPackageManager": {
    "workspaceFolderValue": "undefined",
    "workspaceValue": "undefined",
    "globalValue": "undefined",
    "defaultValue": "ms-python.python:pip"
  }
}
2026-05-23 03:20:57.129 [info] [pet] Starting Python Locator /home/corpxe/.vscode-oss/extensions/ms-python.python-2026.4.0-universal/python-env-tools/bin/pet server
2026-05-23 03:20:57.129 [info] Registering pyenv manager (environments will be discovered lazily)
2026-05-23 03:20:57.129 [info] Registering pipenv manager (environments will be discovered lazily)
2026-05-23 03:20:57.129 [info] Registering poetry manager (environments will be discovered lazily)
2026-05-23 03:20:57.129 [error] [pet] Process error: A system error occurred (spawn /home/corpxe/.vscode-oss/extensions/ms-python.python-2026.4.0-universal/python-env-tools/bin/pet ENOENT)
2026-05-23 03:20:57.129 [warning] [pet] Restarting Python Environment Tools (attempt 1/3, waiting 1000ms)
2026-05-23 03:20:58.108 [info] [pet] Starting Python Locator /home/corpxe/.vscode-oss/extensions/ms-python.python-2026.4.0-universal/python-env-tools/bin/pet server
2026-05-23 03:20:58.108 [info] [pet] Python Environment Tools restarted successfully
2026-05-23 03:20:58.110 [info] [pet] configure: Sending configuration update: {"workspaceDirectories":["/home/corpxe/Desktop/IIT-ds/Stats"],"environmentDirectories":["/home/corpxe/Desktop/IIT-ds/Stats/.venv","/home/corpxe/Desktop/IIT-ds/Stats/*/.venv"],"pipenvExecutable":"pipenv","poetryExecutable":"poetry","cacheDirectory":"/home/corpxe/.config/Code - OSS/User/globalStorage/ms-python.vscode-python-envs/pythonLocator"}
2026-05-23 03:20:58.110 [error] [pet] Process error: A system error occurred (spawn /home/corpxe/.vscode-oss/extensions/ms-python.python-2026.4.0-universal/python-env-tools/bin/pet ENOENT)
2026-05-23 03:21:28.111 [warning] [pet] Configure request timed out (attempt 1/2), will retry on next request without killing process
2026-05-23 03:21:28.111 [error] [pet] Error refreshing Request 'configure' timed out after 30000ms
2026-05-23 03:21:28.112 [info] Conda not found, turning off conda features. M: Request 'configure' timed out after 30000ms
    at Timeout.<anonymous> (/home/corpxe/.vscode-oss/extensions/ms-python.vscode-python-envs-1.30.0-universal/dist/extension.js:2:551628)
    at listOnTimeout (node:internal/timers:585:17)
    at processTimers (node:internal/timers:521:7) {
  method: 'configure'
}
2026-05-23 03:21:28.113 [info] [interpreterSelection] Applying initial environment selection for 1 workspace folder(s)
2026-05-23 03:21:28.113 [warning] [pet] Restarting Python Environment Tools (attempt 2/3, waiting 2000ms)
2026-05-23 03:21:30.126 [info] [pet] Starting Python Locator /home/corpxe/.vscode-oss/extensions/ms-python.python-2026.4.0-universal/python-env-tools/bin/pet server
2026-05-23 03:21:30.126 [info] [pet] Python Environment Tools restarted successfully
2026-05-23 03:21:30.127 [info] [pet] configure: Sending configuration update: {"workspaceDirectories":["/home/corpxe/Desktop/IIT-ds/Stats"],"environmentDirectories":["/home/corpxe/Desktop/IIT-ds/Stats/.venv","/home/corpxe/Desktop/IIT-ds/Stats/*/.venv"],"pipenvExecutable":"pipenv","poetryExecutable":"poetry","cacheDirectory":"/home/corpxe/.config/Code - OSS/User/globalStorage/ms-python.vscode-python-envs/pythonLocator"}
2026-05-23 03:21:30.127 [error] [pet] Process error: A system error occurred (spawn /home/corpxe/.vscode-oss/extensions/ms-python.python-2026.4.0-universal/python-env-tools/bin/pet ENOENT)
2026-05-23 03:22:00.128 [warning] [pet] Configure request timed out (attempt 1/2), will retry on next request without killing process
2026-05-23 03:22:00.129 [warning] [priorityChain] /home/corpxe/Desktop/IIT-ds/Stats defaultInterpreterPath '.venv/bin/python' unresolvable, falling back to auto-discovery
2026-05-23 03:22:00.130 [warning] [pet] Restarting Python Environment Tools (attempt 3/3, waiting 4000ms)
2026-05-23 03:22:04.141 [info] [pet] Starting Python Locator /home/corpxe/.vscode-oss/extensions/ms-python.python-2026.4.0-universal/python-env-tools/bin/pet server
2026-05-23 03:22:04.141 [info] [pet] Python Environment Tools restarted successfully
2026-05-23 03:22:04.142 [info] [pet] configure: Sending configuration update: {"workspaceDirectories":["/home/corpxe/Desktop/IIT-ds/Stats"],"environmentDirectories":["/home/corpxe/Desktop/IIT-ds/Stats/.venv","/home/corpxe/Desktop/IIT-ds/Stats/*/.venv"],"pipenvExecutable":"pipenv","poetryExecutable":"poetry","cacheDirectory":"/home/corpxe/.config/Code - OSS/User/globalStorage/ms-python.vscode-python-envs/pythonLocator"}
2026-05-23 03:22:04.142 [error] [pet] Process error: A system error occurred (spawn /home/corpxe/.vscode-oss/extensions/ms-python.python-2026.4.0-universal/python-env-tools/bin/pet ENOENT)
2026-05-23 03:22:34.143 [warning] [pet] Configure request timed out (attempt 1/2), will retry on next request without killing process
2026-05-23 03:22:34.143 [error] [pet] Error refreshing Request 'configure' timed out after 30000ms
2026-05-23 03:22:34.144 [warning] [pet] Server mode exhausted, falling back to JSON CLI for refresh
2026-05-23 03:22:34.154 [info] [pet] JSON CLI fallback refresh: /home/corpxe/.vscode-oss/extensions/ms-python.python-2026.4.0-universal/python-env-tools/bin/pet find --json /home/corpxe/Desktop/IIT-ds/Stats --cache-directory /home/corpxe/.config/Code - OSS/User/globalStorage/ms-python.vscode-python-envs/pythonLocator --pipenv-executable pipenv --poetry-executable poetry --environment-directories /home/corpxe/Desktop/IIT-ds/Stats/.venv --environment-directories /home/corpxe/Desktop/IIT-ds/Stats/*/.venv
2026-05-23 03:22:34.154 [error] [pet] JSON CLI fallback refresh failed: A system error occurred (spawn /home/corpxe/.vscode-oss/extensions/ms-python.python-2026.4.0-universal/python-env-tools/bin/pet ENOENT)
2026-05-23 03:22:34.155 [error] [venv] Background initialization failed: Error: spawn /home/corpxe/.vscode-oss/extensions/ms-python.python-2026.4.0-universal/python-env-tools/bin/pet ENOENT
    at Process.ChildProcess._handle.onexit (node:internal/child_process:285:19)
    at onErrorNT (node:internal/child_process:483:16)
    at processTicksAndRejections (node:internal/process/task_queues:89:21) {
  errno: -2,
  code: 'ENOENT',
  syscall: 'spawn /home/corpxe/.vscode-oss/extensions/ms-python.python-2026.4.0-universal/python-env-tools/bin/pet',
  path: '/home/corpxe/.vscode-oss/extensions/ms-python.python-2026.4.0-universal/python-env-tools/bin/pet',
  spawnargs: [
    'find',
    '--json',
    '/home/corpxe/Desktop/IIT-ds/Stats',
    '--cache-directory',
    '/home/corpxe/.config/Code - OSS/User/globalStorage/ms-python.vscode-python-envs/pythonLocator',
    '--pipenv-executable',
    'pipenv',
    '--poetry-executable',
    'poetry',
    '--environment-directories',
    '/home/corpxe/Desktop/IIT-ds/Stats/.venv',
    '--environment-directories',
    '/home/corpxe/Desktop/IIT-ds/Stats/*/.venv'
  ]
}
2026-05-23 03:22:34.156 [warning] [pet] Server mode exhausted, falling back to JSON CLI for refresh
2026-05-23 03:22:34.166 [info] [pet] JSON CLI fallback refresh: /home/corpxe/.vscode-oss/extensions/ms-python.python-2026.4.0-universal/python-env-tools/bin/pet find --json /home/corpxe/Desktop/IIT-ds/Stats --cache-directory /home/corpxe/.config/Code - OSS/User/globalStorage/ms-python.vscode-python-envs/pythonLocator --pipenv-executable pipenv --poetry-executable poetry --environment-directories /home/corpxe/Desktop/IIT-ds/Stats/.venv --environment-directories /home/corpxe/Desktop/IIT-ds/Stats/*/.venv
2026-05-23 03:22:34.166 [error] [pet] JSON CLI fallback refresh failed: A system error occurred (spawn /home/corpxe/.vscode-oss/extensions/ms-python.python-2026.4.0-universal/python-env-tools/bin/pet ENOENT)
2026-05-23 03:22:34.167 [error] [system] Background initialization failed: Error: spawn /home/corpxe/.vscode-oss/extensions/ms-python.python-2026.4.0-universal/python-env-tools/bin/pet ENOENT
    at Process.ChildProcess._handle.onexit (node:internal/child_process:285:19)
    at onErrorNT (node:internal/child_process:483:16)
    at processTicksAndRejections (node:internal/process/task_queues:89:21) {
  errno: -2,
  code: 'ENOENT',
  syscall: 'spawn /home/corpxe/.vscode-oss/extensions/ms-python.python-2026.4.0-universal/python-env-tools/bin/pet',
  path: '/home/corpxe/.vscode-oss/extensions/ms-python.python-2026.4.0-universal/python-env-tools/bin/pet',
  spawnargs: [
    'find',
    '--json',
    '/home/corpxe/Desktop/IIT-ds/Stats',
    '--cache-directory',
    '/home/corpxe/.config/Code - OSS/User/globalStorage/ms-python.vscode-python-envs/pythonLocator',
    '--pipenv-executable',
    'pipenv',
    '--poetry-executable',
    'poetry',
    '--environment-directories',
    '/home/corpxe/Desktop/IIT-ds/Stats/.venv',
    '--environment-directories',
    '/home/corpxe/Desktop/IIT-ds/Stats/*/.venv'
  ]
}
2026-05-23 03:22:34.167 [info] [SYS_GET] uri=/home/corpxe/Desktop/IIT-ds/Stats, normalizedKey=/home/corpxe/Desktop/IIT-ds/Stats, project=/home/corpxe/Desktop/IIT-ds/Stats, projectKey=/home/corpxe/Desktop/IIT-ds/Stats, mapKeys=[], directHit=false, projectHit=false, fallbackToGlobal=true, globalEnv=none
2026-05-23 03:22:34.169 [info] [interpreterSelection] Stats: none (source: autoDiscovery)
2026-05-23 03:22:34.180 [warning] [pet] Server mode exhausted, falling back to JSON CLI for resolve
2026-05-23 03:22:34.180 [info] [pet] JSON CLI fallback resolve: /home/corpxe/.vscode-oss/extensions/ms-python.python-2026.4.0-universal/python-env-tools/bin/pet resolve .venv/bin/python --json --cache-directory /home/corpxe/.config/Code - OSS/User/globalStorage/ms-python.vscode-python-envs/pythonLocator
2026-05-23 03:22:34.181 [error] [pet] JSON CLI fallback resolve failed: A system error occurred (spawn /home/corpxe/.vscode-oss/extensions/ms-python.python-2026.4.0-universal/python-env-tools/bin/pet ENOENT)
2026-05-23 03:22:34.181 [warning] [priorityChain:global] defaultInterpreterPath '.venv/bin/python' unresolvable, falling back to auto-discovery
2026-05-23 03:22:34.182 [warning] [pet] Server mode exhausted, falling back to JSON CLI for refresh
2026-05-23 03:22:34.191 [info] [pet] JSON CLI fallback refresh: /home/corpxe/.vscode-oss/extensions/ms-python.python-2026.4.0-universal/python-env-tools/bin/pet find --json /home/corpxe/Desktop/IIT-ds/Stats --cache-directory /home/corpxe/.config/Code - OSS/User/globalStorage/ms-python.vscode-python-envs/pythonLocator --pipenv-executable pipenv --poetry-executable poetry --environment-directories /home/corpxe/Desktop/IIT-ds/Stats/.venv --environment-directories /home/corpxe/Desktop/IIT-ds/Stats/*/.venv
2026-05-23 03:22:34.192 [error] [pet] JSON CLI fallback refresh failed: A system error occurred (spawn /home/corpxe/.vscode-oss/extensions/ms-python.python-2026.4.0-universal/python-env-tools/bin/pet ENOENT)
2026-05-23 03:22:34.192 [error] [interpreterSelection] Failed to set global environment: Error: spawn /home/corpxe/.vscode-oss/extensions/ms-python.python-2026.4.0-universal/python-env-tools/bin/pet ENOENT
2026-05-23 03:22:57.060 [error] Setup appears hung during stage: envSelection
