2026-05-22 23:02:46.180 [info] [main] Log level: Info
2026-05-22 23:02:46.180 [info] [main] Validating found git in: "git"
2026-05-22 23:02:46.180 [info] [main] Using git "2.54.0" from "git"
2026-05-22 23:02:46.180 [info] [Model][doInitialScan] Initial repository scan started
2026-05-22 23:02:46.180 [info] > git rev-parse --show-toplevel [26ms]
2026-05-22 23:02:46.180 [info] fatal: not a git repository (or any parent up to mount point /)
Stopping at filesystem boundary (GIT_DISCOVERY_ACROSS_FILESYSTEM not set).
2026-05-22 23:02:46.180 [info] > git rev-parse --show-toplevel [2272ms]
2026-05-22 23:02:46.180 [info] fatal: not a git repository (or any parent up to mount point /)
Stopping at filesystem boundary (GIT_DISCOVERY_ACROSS_FILESYSTEM not set).
2026-05-22 23:02:46.270 [info] > git rev-parse --show-toplevel [244ms]
2026-05-22 23:02:46.270 [info] fatal: not a git repository (or any parent up to mount point /)
Stopping at filesystem boundary (GIT_DISCOVERY_ACROSS_FILESYSTEM not set).
2026-05-22 23:02:46.270 [info] [Model][doInitialScan] Initial repository scan completed - repositories (0), closed repositories (0), parent repositories (0), unsafe repositories (0)
2026-05-22 23:02:46.443 [info] > git rev-parse --show-toplevel [73ms]
2026-05-22 23:02:46.443 [info] fatal: not a git repository (or any parent up to mount point /)
Stopping at filesystem boundary (GIT_DISCOVERY_ACROSS_FILESYSTEM not set).
2026-05-22 23:02:46.492 [info] > git rev-parse --show-toplevel [16ms]
2026-05-22 23:02:46.492 [info] fatal: not a git repository (or any parent up to mount point /)
Stopping at filesystem boundary (GIT_DISCOVERY_ACROSS_FILESYSTEM not set).
2026-05-22 23:02:46.523 [info] > git rev-parse --show-toplevel [8ms]
2026-05-22 23:02:46.523 [info] fatal: not a git repository (or any parent up to mount point /)
Stopping at filesystem boundary (GIT_DISCOVERY_ACROSS_FILESYSTEM not set).
2026-05-22 23:02:46.555 [info] > git rev-parse --show-toplevel [7ms]
2026-05-22 23:02:46.555 [info] fatal: not a git repository (or any parent up to mount point /)
Stopping at filesystem boundary (GIT_DISCOVERY_ACROSS_FILESYSTEM not set).
2026-05-22 23:13:18.411 [info] > git rev-parse --show-toplevel [4ms]
2026-05-22 23:13:18.411 [info] fatal: not a git repository (or any parent up to mount point /)
Stopping at filesystem boundary (GIT_DISCOVERY_ACROSS_FILESYSTEM not set).
2026-05-22 23:13:32.449 [info] > git rev-parse --show-toplevel [29ms]
2026-05-22 23:13:32.449 [info] fatal: not a git repository (or any parent up to mount point /)
Stopping at filesystem boundary (GIT_DISCOVERY_ACROSS_FILESYSTEM not set).
2026-05-22 23:13:55.847 [info] > git rev-parse --show-toplevel [3ms]
2026-05-22 23:13:55.848 [info] fatal: not a git repository (or any parent up to mount point /)
Stopping at filesystem boundary (GIT_DISCOVERY_ACROSS_FILESYSTEM not set).
2026-05-22 23:13:56.446 [info] > git rev-parse --show-toplevel [1ms]
2026-05-22 23:13:56.446 [info] fatal: not a git repository (or any parent up to mount point /)
Stopping at filesystem boundary (GIT_DISCOVERY_ACROSS_FILESYSTEM not set).
2026-05-22 23:14:11.069 [info] > git rev-parse --show-toplevel [4ms]
2026-05-22 23:14:11.069 [info] fatal: not a git repository (or any parent up to mount point /)
Stopping at filesystem boundary (GIT_DISCOVERY_ACROSS_FILESYSTEM not set).
2026-05-22 23:14:19.480 [info] > git rev-parse --show-toplevel [6ms]
2026-05-22 23:14:19.480 [info] fatal: not a git repository (or any parent up to mount point /)
Stopping at filesystem boundary (GIT_DISCOVERY_ACROSS_FILESYSTEM not set).
2026-05-22 23:14:37.713 [info] > git rev-parse --show-toplevel [7ms]
2026-05-22 23:14:37.713 [info] fatal: not a git repository (or any parent up to mount point /)
Stopping at filesystem boundary (GIT_DISCOVERY_ACROSS_FILESYSTEM not set).
2026-05-22 23:14:41.005 [info] > git rev-parse --show-toplevel [2ms]
2026-05-22 23:14:41.005 [info] fatal: not a git repository (or any parent up to mount point /)
Stopping at filesystem boundary (GIT_DISCOVERY_ACROSS_FILESYSTEM not set).
2026-05-22 23:14:41.018 [info] > git rev-parse --show-toplevel [4ms]
2026-05-22 23:14:41.018 [info] fatal: not a git repository (or any parent up to mount point /)
Stopping at filesystem boundary (GIT_DISCOVERY_ACROSS_FILESYSTEM not set).
2026-05-22 23:23:36.663 [info] > git rev-parse --show-toplevel [5ms]
2026-05-22 23:23:36.663 [info] fatal: not a git repository (or any parent up to mount point /)
Stopping at filesystem boundary (GIT_DISCOVERY_ACROSS_FILESYSTEM not set).
2026-05-22 23:24:05.902 [info] > git rev-parse --show-toplevel [5ms]
2026-05-22 23:24:05.902 [info] fatal: not a git repository (or any parent up to mount point /)
Stopping at filesystem boundary (GIT_DISCOVERY_ACROSS_FILESYSTEM not set).
2026-05-22 23:24:18.719 [info] > git rev-parse --show-toplevel [8ms]
2026-05-22 23:24:18.719 [info] fatal: not a git repository (or any parent up to mount point /)
Stopping at filesystem boundary (GIT_DISCOVERY_ACROSS_FILESYSTEM not set).
2026-05-22 23:24:35.739 [info] > git rev-parse --show-toplevel [4ms]
2026-05-22 23:24:35.739 [info] fatal: not a git repository (or any parent up to mount point /)
Stopping at filesystem boundary (GIT_DISCOVERY_ACROSS_FILESYSTEM not set).
2026-05-22 23:24:50.154 [info] > git rev-parse --show-toplevel [3ms]
2026-05-22 23:24:50.154 [info] fatal: not a git repository (or any parent up to mount point /)
Stopping at filesystem boundary (GIT_DISCOVERY_ACROSS_FILESYSTEM not set).
2026-05-22 23:56:08.393 [info] > git rev-parse --show-toplevel [2ms]
2026-05-22 23:56:08.393 [info] fatal: not a git repository (or any parent up to mount point /)
Stopping at filesystem boundary (GIT_DISCOVERY_ACROSS_FILESYSTEM not set).
2026-05-22 23:56:25.429 [info] > git rev-parse --show-toplevel [2ms]
2026-05-22 23:56:25.429 [info] fatal: not a git repository (or any parent up to mount point /)
Stopping at filesystem boundary (GIT_DISCOVERY_ACROSS_FILESYSTEM not set).
2026-05-22 23:56:52.283 [info] > git rev-parse --show-toplevel [2ms]
2026-05-22 23:56:52.283 [info] fatal: not a git repository (or any parent up to mount point /)
Stopping at filesystem boundary (GIT_DISCOVERY_ACROSS_FILESYSTEM not set).
2026-05-22 23:57:29.196 [info] > git rev-parse --show-toplevel [1ms]
2026-05-22 23:57:29.196 [info] fatal: not a git repository (or any parent up to mount point /)
Stopping at filesystem boundary (GIT_DISCOVERY_ACROSS_FILESYSTEM not set).
2026-05-23 00:00:41.594 [info] > git rev-parse --show-toplevel [1ms]
2026-05-23 00:00:41.594 [info] fatal: not a git repository (or any parent up to mount point /)
Stopping at filesystem boundary (GIT_DISCOVERY_ACROSS_FILESYSTEM not set).
2026-05-23 00:55:05.523 [info] > git rev-parse --show-toplevel [2ms]
2026-05-23 00:55:05.523 [info] fatal: not a git repository (or any parent up to mount point /)
Stopping at filesystem boundary (GIT_DISCOVERY_ACROSS_FILESYSTEM not set).
2026-05-23 00:56:07.196 [info] > git rev-parse --show-toplevel [1ms]
2026-05-23 00:56:07.196 [info] fatal: not a git repository (or any parent up to mount point /)
Stopping at filesystem boundary (GIT_DISCOVERY_ACROSS_FILESYSTEM not set).
2026-05-23 00:56:11.378 [info] > git rev-parse --show-toplevel [1ms]
2026-05-23 00:56:11.378 [info] fatal: not a git repository (or any parent up to mount point /)
Stopping at filesystem boundary (GIT_DISCOVERY_ACROSS_FILESYSTEM not set).
2026-05-23 00:56:15.358 [info] > git rev-parse --show-toplevel [1ms]
2026-05-23 00:56:15.358 [info] fatal: not a git repository (or any parent up to mount point /)
Stopping at filesystem boundary (GIT_DISCOVERY_ACROSS_FILESYSTEM not set).
2026-05-23 00:57:09.123 [info] > git rev-parse --show-toplevel [1ms]
2026-05-23 00:57:09.123 [info] fatal: not a git repository (or any parent up to mount point /)
Stopping at filesystem boundary (GIT_DISCOVERY_ACROSS_FILESYSTEM not set).
2026-05-23 00:57:10.769 [info] > git rev-parse --show-toplevel [1ms]
2026-05-23 00:57:10.769 [info] fatal: not a git repository (or any parent up to mount point /)
Stopping at filesystem boundary (GIT_DISCOVERY_ACROSS_FILESYSTEM not set).
2026-05-23 00:57:50.295 [info] > git rev-parse --show-toplevel [1ms]
2026-05-23 00:57:50.295 [info] fatal: not a git repository (or any parent up to mount point /)
Stopping at filesystem boundary (GIT_DISCOVERY_ACROSS_FILESYSTEM not set).
2026-05-23 00:57:51.943 [info] > git rev-parse --show-toplevel [1ms]
2026-05-23 00:57:51.943 [info] fatal: not a git repository (or any parent up to mount point /)
Stopping at filesystem boundary (GIT_DISCOVERY_ACROSS_FILESYSTEM not set).
2026-05-23 00:58:14.229 [info] > git rev-parse --show-toplevel [2ms]
2026-05-23 00:58:14.229 [info] fatal: not a git repository (or any parent up to mount point /)
Stopping at filesystem boundary (GIT_DISCOVERY_ACROSS_FILESYSTEM not set).
2026-05-23 00:58:15.630 [info] > git rev-parse --show-toplevel [2ms]
2026-05-23 00:58:15.630 [info] fatal: not a git repository (or any parent up to mount point /)
Stopping at filesystem boundary (GIT_DISCOVERY_ACROSS_FILESYSTEM not set).
2026-05-23 00:58:18.419 [info] > git rev-parse --show-toplevel [1ms]
2026-05-23 00:58:18.419 [info] fatal: not a git repository (or any parent up to mount point /)
Stopping at filesystem boundary (GIT_DISCOVERY_ACROSS_FILESYSTEM not set).
2026-05-23 00:58:21.687 [info] > git rev-parse --show-toplevel [1ms]
2026-05-23 00:58:21.687 [info] fatal: not a git repository (or any parent up to mount point /)
Stopping at filesystem boundary (GIT_DISCOVERY_ACROSS_FILESYSTEM not set).
2026-05-23 00:58:59.799 [info] > git rev-parse --show-toplevel [1ms]
2026-05-23 00:58:59.799 [info] fatal: not a git repository (or any parent up to mount point /)
Stopping at filesystem boundary (GIT_DISCOVERY_ACROSS_FILESYSTEM not set).
2026-05-23 00:59:02.054 [info] > git rev-parse --show-toplevel [1ms]
2026-05-23 00:59:02.054 [info] fatal: not a git repository (or any parent up to mount point /)
Stopping at filesystem boundary (GIT_DISCOVERY_ACROSS_FILESYSTEM not set).
2026-05-23 00:59:09.796 [info] > git rev-parse --show-toplevel [1ms]
2026-05-23 00:59:09.796 [info] fatal: not a git repository (or any parent up to mount point /)
Stopping at filesystem boundary (GIT_DISCOVERY_ACROSS_FILESYSTEM not set).
2026-05-23 00:59:12.092 [info] > git rev-parse --show-toplevel [12ms]
2026-05-23 00:59:12.092 [info] fatal: not a git repository (or any parent up to mount point /)
Stopping at filesystem boundary (GIT_DISCOVERY_ACROSS_FILESYSTEM not set).
2026-05-23 00:59:21.153 [info] > git rev-parse --show-toplevel [1ms]
2026-05-23 00:59:21.153 [info] fatal: not a git repository (or any parent up to mount point /)
Stopping at filesystem boundary (GIT_DISCOVERY_ACROSS_FILESYSTEM not set).
2026-05-23 00:59:22.878 [info] > git rev-parse --show-toplevel [1ms]
2026-05-23 00:59:22.878 [info] fatal: not a git repository (or any parent up to mount point /)
Stopping at filesystem boundary (GIT_DISCOVERY_ACROSS_FILESYSTEM not set).
2026-05-23 00:59:25.863 [info] > git rev-parse --show-toplevel [1ms]
2026-05-23 00:59:25.863 [info] fatal: not a git repository (or any parent up to mount point /)
Stopping at filesystem boundary (GIT_DISCOVERY_ACROSS_FILESYSTEM not set).
2026-05-23 00:59:27.388 [info] > git rev-parse --show-toplevel [1ms]
2026-05-23 00:59:27.388 [info] fatal: not a git repository (or any parent up to mount point /)
Stopping at filesystem boundary (GIT_DISCOVERY_ACROSS_FILESYSTEM not set).
2026-05-23 00:59:34.852 [info] > git rev-parse --show-toplevel [1ms]
2026-05-23 00:59:34.852 [info] fatal: not a git repository (or any parent up to mount point /)
Stopping at filesystem boundary (GIT_DISCOVERY_ACROSS_FILESYSTEM not set).
2026-05-23 00:59:37.665 [info] > git rev-parse --show-toplevel [1ms]
2026-05-23 00:59:37.665 [info] fatal: not a git repository (or any parent up to mount point /)
Stopping at filesystem boundary (GIT_DISCOVERY_ACROSS_FILESYSTEM not set).
2026-05-23 00:59:40.178 [info] > git rev-parse --show-toplevel [1ms]
2026-05-23 00:59:40.178 [info] fatal: not a git repository (or any parent up to mount point /)
Stopping at filesystem boundary (GIT_DISCOVERY_ACROSS_FILESYSTEM not set).
2026-05-23 00:59:43.284 [info] > git rev-parse --show-toplevel [2ms]
2026-05-23 00:59:43.284 [info] fatal: not a git repository (or any parent up to mount point /)
Stopping at filesystem boundary (GIT_DISCOVERY_ACROSS_FILESYSTEM not set).
2026-05-23 00:59:56.811 [info] > git rev-parse --show-toplevel [1ms]
2026-05-23 00:59:56.811 [info] fatal: not a git repository (or any parent up to mount point /)
Stopping at filesystem boundary (GIT_DISCOVERY_ACROSS_FILESYSTEM not set).
2026-05-23 01:00:02.297 [info] > git rev-parse --show-toplevel [1ms]
2026-05-23 01:00:02.297 [info] fatal: not a git repository (or any parent up to mount point /)
Stopping at filesystem boundary (GIT_DISCOVERY_ACROSS_FILESYSTEM not set).
2026-05-23 01:00:07.487 [info] > git rev-parse --show-toplevel [1ms]
2026-05-23 01:00:07.488 [info] fatal: not a git repository (or any parent up to mount point /)
Stopping at filesystem boundary (GIT_DISCOVERY_ACROSS_FILESYSTEM not set).
2026-05-23 01:00:09.809 [info] > git rev-parse --show-toplevel [1ms]
2026-05-23 01:00:09.809 [info] fatal: not a git repository (or any parent up to mount point /)
Stopping at filesystem boundary (GIT_DISCOVERY_ACROSS_FILESYSTEM not set).
2026-05-23 01:00:11.683 [info] > git rev-parse --show-toplevel [1ms]
2026-05-23 01:00:11.683 [info] fatal: not a git repository (or any parent up to mount point /)
Stopping at filesystem boundary (GIT_DISCOVERY_ACROSS_FILESYSTEM not set).
2026-05-23 01:00:13.575 [info] > git rev-parse --show-toplevel [1ms]
2026-05-23 01:00:13.575 [info] fatal: not a git repository (or any parent up to mount point /)
Stopping at filesystem boundary (GIT_DISCOVERY_ACROSS_FILESYSTEM not set).
2026-05-23 02:52:28.332 [info] > git rev-parse --show-toplevel [2ms]
2026-05-23 02:52:28.332 [info] fatal: not a git repository (or any parent up to mount point /)
Stopping at filesystem boundary (GIT_DISCOVERY_ACROSS_FILESYSTEM not set).
2026-05-23 02:52:28.354 [info] > git rev-parse --show-toplevel [7ms]
2026-05-23 02:52:28.354 [info] fatal: not a git repository (or any parent up to mount point /)
Stopping at filesystem boundary (GIT_DISCOVERY_ACROSS_FILESYSTEM not set).
2026-05-23 02:52:28.392 [info] > git rev-parse --show-toplevel [14ms]
2026-05-23 02:52:28.392 [info] fatal: not a git repository (or any parent up to mount point /)
Stopping at filesystem boundary (GIT_DISCOVERY_ACROSS_FILESYSTEM not set).
