2026-05-22 15:47:26.249 [warning] Dir "/home/corpxe/Desktop/IIT-ds/Stats/.pixi/envs" is not watchable (directory does not exist)
2026-05-22 15:47:26.272 [info] Python interpreter path: ./.venv/bin/python
2026-05-22 15:47:27.183 [info] > pyenv which python
2026-05-22 15:47:27.183 [info] cwd: .
2026-05-22 15:47:27.726 [error] Unable to find workspace for given file
2026-05-22 15:47:27.833 [info] Starting Jedi language server for Stats.
2026-05-22 15:47:33.802 [error] Unable to find workspace for given file
2026-05-22 15:47:37.763 [info] > conda info --json
2026-05-22 15:48:30.204 [error] Unable to find workspace for given file
2026-05-22 15:48:30.764 [error] Unable to find workspace for given file
2026-05-22 15:48:44.163 [error] Unable to find workspace for given file
2026-05-22 15:48:48.687 [error] Unable to find workspace for given file
2026-05-22 15:48:49.504 [error] Unable to find workspace for given file
2026-05-22 15:49:07.567 [error] Unable to find workspace for given file
2026-05-22 15:49:09.892 [error] Unable to find workspace for given file
2026-05-22 15:49:10.741 [error] Unable to find workspace for given file
2026-05-22 15:49:17.246 [error] Unable to find workspace for given file
2026-05-22 15:49:30.057 [error] Unable to find workspace for given file
2026-05-22 15:49:58.791 [error] Unable to find workspace for given file
2026-05-22 15:50:00.663 [error] Unable to find workspace for given file
2026-05-22 15:50:07.241 [error] Unable to find workspace for given file
2026-05-22 15:50:09.586 [error] Unable to find workspace for given file
2026-05-22 15:51:20.236 [error] Unable to find workspace for given file
2026-05-22 15:51:21.944 [error] Unable to find workspace for given file
2026-05-22 15:51:24.388 [error] Unable to find workspace for given file
2026-05-22 15:52:01.128 [error] Unable to find workspace for given file
2026-05-22 15:52:06.413 [error] Unable to find workspace for given file
2026-05-22 15:52:08.061 [error] Unable to find workspace for given file
2026-05-22 15:52:14.154 [error] Unable to find workspace for given file
2026-05-22 15:52:32.604 [error] Unable to find workspace for given file
2026-05-22 15:52:44.372 [warning] Dir "/home/corpxe/Desktop/IIT-ds/Stats/.pixi/envs" is not watchable (directory does not exist)
2026-05-22 15:52:45.823 [info] > conda info --json
2026-05-22 15:52:45.836 [info] Python interpreter path: ~/Desktop/IIT-ds/Stats/.venv/bin/python
2026-05-22 15:52:46.996 [info] > pyenv which python
2026-05-22 15:52:46.996 [info] cwd: .
2026-05-22 15:52:48.009 [info] Starting Jedi language server for Stats.
2026-05-22 15:53:17.190 [error] Unable to find workspace for given file
2026-05-22 15:53:24.908 [error] Unable to find workspace for given file
2026-05-22 15:53:26.440 [error] Unable to find workspace for given file
2026-05-22 15:53:31.760 [error] Unable to find workspace for given file
2026-05-22 15:53:34.004 [error] Unable to find workspace for given file
2026-05-22 15:53:39.613 [error] Unable to find workspace for given file
2026-05-22 15:54:06.735 [error] Unable to find workspace for given file
2026-05-22 15:54:20.503 [error] Unable to find workspace for given file
2026-05-22 15:54:27.920 [error] Unable to find workspace for given file
2026-05-22 15:54:29.240 [error] Unable to find workspace for given file
2026-05-22 15:54:44.071 [error] Unable to find workspace for given file
2026-05-22 15:56:00.868 [error] Unable to find workspace for given file
2026-05-22 15:56:02.946 [error] Unable to find workspace for given file
2026-05-22 15:56:09.964 [error] Unable to find workspace for given file
2026-05-22 15:56:32.003 [error] Unable to find workspace for given file
2026-05-22 15:56:35.960 [error] Unable to find workspace for given file
2026-05-22 15:56:42.056 [error] Unable to find workspace for given file
2026-05-22 15:56:44.605 [error] Unable to find workspace for given file
2026-05-22 15:56:48.273 [error] Unable to find workspace for given file
2026-05-22 15:56:54.103 [warning] Dir "/home/corpxe/Desktop/IIT-ds/Stats/.pixi/envs" is not watchable (directory does not exist)
2026-05-22 15:56:54.544 [info] > conda info --json
2026-05-22 15:56:54.553 [info] Python interpreter path: ./.venv/bin/python
2026-05-22 15:56:55.563 [info] > pyenv which python
2026-05-22 15:56:55.563 [info] cwd: .
2026-05-22 15:56:56.490 [info] Starting Jedi language server for Stats.
2026-05-22 15:58:27.921 [error] Unable to find workspace for given file
2026-05-22 15:58:38.170 [error] Unable to find workspace for given file
2026-05-22 15:58:39.654 [error] Unable to find workspace for given file
2026-05-22 15:59:16.579 [error] Unable to find workspace for given file
2026-05-22 15:59:23.957 [error] Unable to find workspace for given file
2026-05-22 15:59:44.242 [error] Unable to find workspace for given file
2026-05-22 15:59:48.432 [warning] Dir "/home/corpxe/Desktop/IIT-ds/Stats/.pixi/envs" is not watchable (directory does not exist)
2026-05-22 15:59:49.695 [info] > conda info --json
2026-05-22 15:59:49.861 [info] Python interpreter path: ./.venv/bin/python
2026-05-22 15:59:50.855 [info] > pyenv which python
2026-05-22 15:59:50.855 [info] cwd: .
2026-05-22 15:59:51.822 [info] Starting Jedi language server for Stats.
2026-05-22 16:03:14.743 [error] Unable to find workspace for given file
2026-05-22 16:03:18.648 [error] Unable to find workspace for given file
2026-05-22 16:03:20.739 [error] Unable to find workspace for given file
2026-05-22 16:03:30.857 [error] Unable to find workspace for given file
2026-05-22 16:03:43.604 [warning] Dir "/home/corpxe/Desktop/IIT-ds/Stats/.pixi/envs" is not watchable (directory does not exist)
2026-05-22 16:03:43.673 [info] > conda info --json
2026-05-22 16:03:43.740 [info] Python interpreter path: ./.venv/bin/python
2026-05-22 16:03:43.835 [info] > pyenv which python
2026-05-22 16:03:43.835 [info] cwd: .
2026-05-22 16:03:46.851 [info] Starting Jedi language server for Stats.
2026-05-22 16:04:21.941 [error] Unable to find workspace for given file
2026-05-22 16:04:50.951 [error] Unable to find workspace for given file
2026-05-22 16:04:57.249 [error] Unable to find workspace for given file
2026-05-22 16:05:02.753 [error] Unable to find workspace for given file
2026-05-22 16:05:13.504 [error] Unable to find workspace for given file
2026-05-22 16:05:31.108 [error] Unable to find workspace for given file
2026-05-22 16:05:35.001 [error] Unable to find workspace for given file
2026-05-22 16:05:40.255 [warning] Dir "/home/corpxe/Desktop/IIT-ds/Stats/.pixi/envs" is not watchable (directory does not exist)
2026-05-22 16:05:40.321 [info] > conda info --json
2026-05-22 16:05:40.384 [info] Python interpreter path: ./.venv/bin/python
2026-05-22 16:05:40.470 [info] > pyenv which python
2026-05-22 16:05:40.470 [info] cwd: .
2026-05-22 16:05:43.635 [info] Starting Jedi language server for Stats.
2026-05-22 16:07:55.656 [error] Unable to find workspace for given file
2026-05-22 16:07:57.993 [error] Unable to find workspace for given file
2026-05-22 16:07:59.430 [error] Unable to find workspace for given file
2026-05-22 16:08:05.845 [error] Unable to find workspace for given file
2026-05-22 16:08:07.880 [error] Unable to find workspace for given file
2026-05-22 16:08:18.555 [error] Unable to find workspace for given file
2026-05-22 16:08:22.697 [warning] Dir "/home/corpxe/Desktop/IIT-ds/Stats/.pixi/envs" is not watchable (directory does not exist)
2026-05-22 16:08:22.765 [info] > conda info --json
2026-05-22 16:08:22.778 [info] Python interpreter path: ./.venv/bin/python
2026-05-22 16:08:22.853 [info] > pyenv which python
2026-05-22 16:08:22.853 [info] cwd: .
2026-05-22 16:08:24.610 [info] Starting Jedi language server for Stats.
