2026-05-22 15:47:23.992 [info] Revived process, old id 63c4a19e4c6f51d44f419df3cb6aba60-6 -> new id 1
2026-05-22 15:47:24.026 [info] Expanding terminal instance, old id 63c4a19e4c6f51d44f419df3cb6aba60-6 -> new id 1
2026-05-22 15:47:24.149 [warning] Persistent process "1": Process had no disconnect runners but was an orphan
2026-05-22 15:47:24.149 [info] Persistent process reconnection "1"
2026-05-22 15:47:24.170 [info] Persistent process "1": Replaying 1171 chars and 1 size events
2026-05-22 15:52:42.616 [info] Expanding terminal instance, old id 63c4a19e4c6f51d44f419df3cb6aba60-1 -> new id undefined
2026-05-22 15:52:43.270 [info] Persistent process reconnection "1"
2026-05-22 15:52:43.344 [info] Persistent process "1": Replaying 1270 chars and 1 size events
2026-05-22 15:56:51.969 [info] Expanding terminal instance, old id 63c4a19e4c6f51d44f419df3cb6aba60-1 -> new id undefined
2026-05-22 15:56:52.269 [info] Persistent process reconnection "1"
2026-05-22 15:56:52.273 [info] Persistent process "1": Replaying 1908 chars and 1 size events
2026-05-22 15:59:47.449 [info] Expanding terminal instance, old id 63c4a19e4c6f51d44f419df3cb6aba60-1 -> new id undefined
2026-05-22 15:59:47.726 [info] Persistent process reconnection "1"
2026-05-22 15:59:47.733 [info] Persistent process "1": Replaying 1908 chars and 1 size events
2026-05-22 16:03:42.694 [info] Expanding terminal instance, old id 63c4a19e4c6f51d44f419df3cb6aba60-1 -> new id undefined
2026-05-22 16:03:42.999 [info] Persistent process reconnection "1"
2026-05-22 16:03:43.002 [info] Persistent process "1": Replaying 4774 chars and 1 size events
2026-05-22 16:05:39.336 [info] Expanding terminal instance, old id 63c4a19e4c6f51d44f419df3cb6aba60-1 -> new id undefined
2026-05-22 16:05:39.656 [info] Persistent process reconnection "1"
2026-05-22 16:05:39.662 [info] Persistent process "1": Replaying 4514 chars and 1 size events
2026-05-22 16:08:21.772 [info] Expanding terminal instance, old id 63c4a19e4c6f51d44f419df3cb6aba60-1 -> new id undefined
2026-05-22 16:08:22.097 [info] Persistent process reconnection "1"
2026-05-22 16:08:22.100 [info] Persistent process "1": Replaying 4514 chars and 1 size events
