2026-05-22 23:02:43.064 [info] Python-envs extension version: 1.30.0
2026-05-22 23:02:43.064 [info] 
=== Python Envs Configuration Levels ===
2026-05-22 23:02:43.064 [info] {
  "section": "Python Envs Configuration Levels",
  "defaultEnvManager": {
    "workspaceFolderValue": "undefined",
    "workspaceValue": "undefined",
    "globalValue": "undefined",
    "defaultValue": "ms-python.python:venv"
  },
  "defaultPackageManager": {
    "workspaceFolderValue": "undefined",
    "workspaceValue": "undefined",
    "globalValue": "undefined",
    "defaultValue": "ms-python.python:pip"
  }
}
2026-05-22 23:02:43.064 [info] [pet] Starting Python Locator /home/corpxe/.vscode-oss/extensions/ms-python.python-2026.4.0-universal/python-env-tools/bin/pet server
2026-05-22 23:02:43.064 [info] Registering pyenv manager (environments will be discovered lazily)
2026-05-22 23:02:43.064 [info] Registering pipenv manager (environments will be discovered lazily)
2026-05-22 23:02:43.064 [info] Registering poetry manager (environments will be discovered lazily)
2026-05-22 23:02:43.064 [error] [pet] Process error: A system error occurred (spawn /home/corpxe/.vscode-oss/extensions/ms-python.python-2026.4.0-universal/python-env-tools/bin/pet ENOENT)
2026-05-22 23:02:43.064 [warning] [pet] Restarting Python Environment Tools (attempt 1/3, waiting 1000ms)
2026-05-22 23:02:45.753 [info] [pet] Starting Python Locator /home/corpxe/.vscode-oss/extensions/ms-python.python-2026.4.0-universal/python-env-tools/bin/pet server
2026-05-22 23:02:45.753 [info] [pet] Python Environment Tools restarted successfully
2026-05-22 23:02:45.755 [info] [pet] configure: Sending configuration update: {"workspaceDirectories":["/home/corpxe/Desktop/IIT-ds/Stats"],"environmentDirectories":["/home/corpxe/Desktop/IIT-ds/Stats/.venv","/home/corpxe/Desktop/IIT-ds/Stats/*/.venv"],"pipenvExecutable":"pipenv","poetryExecutable":"poetry","cacheDirectory":"/home/corpxe/.config/Code - OSS/User/globalStorage/ms-python.vscode-python-envs/pythonLocator"}
2026-05-22 23:02:45.756 [error] [pet] Process error: A system error occurred (spawn /home/corpxe/.vscode-oss/extensions/ms-python.python-2026.4.0-universal/python-env-tools/bin/pet ENOENT)
2026-05-22 23:03:15.760 [warning] [pet] Configure request timed out (attempt 1/2), will retry on next request without killing process
2026-05-22 23:03:15.760 [error] [pet] Error refreshing Request 'configure' timed out after 30000ms
2026-05-22 23:03:15.760 [warning] [pet] Restarting Python Environment Tools (attempt 2/3, waiting 2000ms)
2026-05-22 23:03:15.761 [info] Conda not found, turning off conda features. M: Request 'configure' timed out after 30000ms
    at Timeout.<anonymous> (/home/corpxe/.vscode-oss/extensions/ms-python.vscode-python-envs-1.30.0-universal/dist/extension.js:2:551628)
    at listOnTimeout (node:internal/timers:585:17)
    at processTimers (node:internal/timers:521:7) {
  method: 'configure'
}
2026-05-22 23:03:15.762 [info] [interpreterSelection] Applying initial environment selection for 1 workspace folder(s)
2026-05-22 23:03:15.762 [warning] [priorityChain] /home/corpxe/Desktop/IIT-ds/Stats defaultInterpreterPath '.venv/bin/python' unresolvable, falling back to auto-discovery
2026-05-22 23:03:17.772 [info] [pet] Starting Python Locator /home/corpxe/.vscode-oss/extensions/ms-python.python-2026.4.0-universal/python-env-tools/bin/pet server
2026-05-22 23:03:17.772 [info] [pet] Python Environment Tools restarted successfully
2026-05-22 23:03:17.773 [info] [pet] configure: Sending configuration update: {"workspaceDirectories":["/home/corpxe/Desktop/IIT-ds/Stats"],"environmentDirectories":["/home/corpxe/Desktop/IIT-ds/Stats/.venv","/home/corpxe/Desktop/IIT-ds/Stats/*/.venv"],"pipenvExecutable":"pipenv","poetryExecutable":"poetry","cacheDirectory":"/home/corpxe/.config/Code - OSS/User/globalStorage/ms-python.vscode-python-envs/pythonLocator"}
2026-05-22 23:03:17.773 [error] [pet] Process error: A system error occurred (spawn /home/corpxe/.vscode-oss/extensions/ms-python.python-2026.4.0-universal/python-env-tools/bin/pet ENOENT)
2026-05-22 23:03:47.774 [warning] [pet] Configure request timed out (attempt 1/2), will retry on next request without killing process
2026-05-22 23:03:47.775 [error] [pet] Error refreshing Request 'configure' timed out after 30000ms
2026-05-22 23:03:47.775 [error] [venv] Background initialization failed: M: Request 'configure' timed out after 30000ms
    at Timeout.<anonymous> (/home/corpxe/.vscode-oss/extensions/ms-python.vscode-python-envs-1.30.0-universal/dist/extension.js:2:551628)
    at listOnTimeout (node:internal/timers:585:17)
    at processTimers (node:internal/timers:521:7) {
  method: 'configure'
}
2026-05-22 23:03:47.777 [warning] [pet] Restarting Python Environment Tools (attempt 3/3, waiting 4000ms)
2026-05-22 23:03:51.790 [info] [pet] Starting Python Locator /home/corpxe/.vscode-oss/extensions/ms-python.python-2026.4.0-universal/python-env-tools/bin/pet server
2026-05-22 23:03:51.790 [info] [pet] Python Environment Tools restarted successfully
2026-05-22 23:03:51.792 [info] [pet] configure: Sending configuration update: {"workspaceDirectories":["/home/corpxe/Desktop/IIT-ds/Stats"],"environmentDirectories":["/home/corpxe/Desktop/IIT-ds/Stats/.venv","/home/corpxe/Desktop/IIT-ds/Stats/*/.venv"],"pipenvExecutable":"pipenv","poetryExecutable":"poetry","cacheDirectory":"/home/corpxe/.config/Code - OSS/User/globalStorage/ms-python.vscode-python-envs/pythonLocator"}
2026-05-22 23:03:51.793 [error] [pet] Process error: A system error occurred (spawn /home/corpxe/.vscode-oss/extensions/ms-python.python-2026.4.0-universal/python-env-tools/bin/pet ENOENT)
2026-05-22 23:04:21.799 [warning] [pet] Configure request timed out (attempt 1/2), will retry on next request without killing process
2026-05-22 23:04:21.799 [error] [pet] Error refreshing Request 'configure' timed out after 30000ms
2026-05-22 23:04:21.800 [warning] [pet] Server mode exhausted, falling back to JSON CLI for refresh
2026-05-22 23:04:21.809 [info] [pet] JSON CLI fallback refresh: /home/corpxe/.vscode-oss/extensions/ms-python.python-2026.4.0-universal/python-env-tools/bin/pet find --json /home/corpxe/Desktop/IIT-ds/Stats --cache-directory /home/corpxe/.config/Code - OSS/User/globalStorage/ms-python.vscode-python-envs/pythonLocator --pipenv-executable pipenv --poetry-executable poetry --environment-directories /home/corpxe/Desktop/IIT-ds/Stats/.venv --environment-directories /home/corpxe/Desktop/IIT-ds/Stats/*/.venv
2026-05-22 23:04:21.810 [error] [pet] JSON CLI fallback refresh failed: A system error occurred (spawn /home/corpxe/.vscode-oss/extensions/ms-python.python-2026.4.0-universal/python-env-tools/bin/pet ENOENT)
2026-05-22 23:04:21.812 [warning] [pet] Server mode exhausted, falling back to JSON CLI for refresh
2026-05-22 23:04:21.820 [info] [pet] JSON CLI fallback refresh: /home/corpxe/.vscode-oss/extensions/ms-python.python-2026.4.0-universal/python-env-tools/bin/pet find --json /home/corpxe/Desktop/IIT-ds/Stats --cache-directory /home/corpxe/.config/Code - OSS/User/globalStorage/ms-python.vscode-python-envs/pythonLocator --pipenv-executable pipenv --poetry-executable poetry --environment-directories /home/corpxe/Desktop/IIT-ds/Stats/.venv --environment-directories /home/corpxe/Desktop/IIT-ds/Stats/*/.venv
2026-05-22 23:04:21.821 [error] [system] Background initialization failed: Error: spawn /home/corpxe/.vscode-oss/extensions/ms-python.python-2026.4.0-universal/python-env-tools/bin/pet ENOENT
    at Process.ChildProcess._handle.onexit (node:internal/child_process:285:19)
    at onErrorNT (node:internal/child_process:483:16)
    at processTicksAndRejections (node:internal/process/task_queues:89:21) {
  errno: -2,
  code: 'ENOENT',
  syscall: 'spawn /home/corpxe/.vscode-oss/extensions/ms-python.python-2026.4.0-universal/python-env-tools/bin/pet',
  path: '/home/corpxe/.vscode-oss/extensions/ms-python.python-2026.4.0-universal/python-env-tools/bin/pet',
  spawnargs: [
    'find',
    '--json',
    '/home/corpxe/Desktop/IIT-ds/Stats',
    '--cache-directory',
    '/home/corpxe/.config/Code - OSS/User/globalStorage/ms-python.vscode-python-envs/pythonLocator',
    '--pipenv-executable',
    'pipenv',
    '--poetry-executable',
    'poetry',
    '--environment-directories',
    '/home/corpxe/Desktop/IIT-ds/Stats/.venv',
    '--environment-directories',
    '/home/corpxe/Desktop/IIT-ds/Stats/*/.venv'
  ]
}
2026-05-22 23:04:21.821 [info] [SYS_GET] uri=/home/corpxe/Desktop/IIT-ds/Stats, normalizedKey=/home/corpxe/Desktop/IIT-ds/Stats, project=/home/corpxe/Desktop/IIT-ds/Stats, projectKey=/home/corpxe/Desktop/IIT-ds/Stats, mapKeys=[], directHit=false, projectHit=false, fallbackToGlobal=true, globalEnv=none
2026-05-22 23:04:21.822 [error] [pet] JSON CLI fallback refresh failed: A system error occurred (spawn /home/corpxe/.vscode-oss/extensions/ms-python.python-2026.4.0-universal/python-env-tools/bin/pet ENOENT)
2026-05-22 23:04:21.822 [error] [venv] Background initialization failed: Error: spawn /home/corpxe/.vscode-oss/extensions/ms-python.python-2026.4.0-universal/python-env-tools/bin/pet ENOENT
    at Process.ChildProcess._handle.onexit (node:internal/child_process:285:19)
    at onErrorNT (node:internal/child_process:483:16)
    at processTicksAndRejections (node:internal/process/task_queues:89:21) {
  errno: -2,
  code: 'ENOENT',
  syscall: 'spawn /home/corpxe/.vscode-oss/extensions/ms-python.python-2026.4.0-universal/python-env-tools/bin/pet',
  path: '/home/corpxe/.vscode-oss/extensions/ms-python.python-2026.4.0-universal/python-env-tools/bin/pet',
  spawnargs: [
    'find',
    '--json',
    '/home/corpxe/Desktop/IIT-ds/Stats',
    '--cache-directory',
    '/home/corpxe/.config/Code - OSS/User/globalStorage/ms-python.vscode-python-envs/pythonLocator',
    '--pipenv-executable',
    'pipenv',
    '--poetry-executable',
    'poetry',
    '--environment-directories',
    '/home/corpxe/Desktop/IIT-ds/Stats/.venv',
    '--environment-directories',
    '/home/corpxe/Desktop/IIT-ds/Stats/*/.venv'
  ]
}
2026-05-22 23:04:21.824 [info] [interpreterSelection] Stats: none (source: autoDiscovery)
2026-05-22 23:04:21.832 [warning] [pet] Server mode exhausted, falling back to JSON CLI for resolve
2026-05-22 23:04:21.832 [info] [pet] JSON CLI fallback resolve: /home/corpxe/.vscode-oss/extensions/ms-python.python-2026.4.0-universal/python-env-tools/bin/pet resolve .venv/bin/python --json --cache-directory /home/corpxe/.config/Code - OSS/User/globalStorage/ms-python.vscode-python-envs/pythonLocator
2026-05-22 23:04:21.832 [error] [pet] JSON CLI fallback resolve failed: A system error occurred (spawn /home/corpxe/.vscode-oss/extensions/ms-python.python-2026.4.0-universal/python-env-tools/bin/pet ENOENT)
2026-05-22 23:04:21.832 [warning] [priorityChain:global] defaultInterpreterPath '.venv/bin/python' unresolvable, falling back to auto-discovery
2026-05-22 23:04:21.834 [warning] [pet] Server mode exhausted, falling back to JSON CLI for refresh
2026-05-22 23:04:21.842 [info] [pet] JSON CLI fallback refresh: /home/corpxe/.vscode-oss/extensions/ms-python.python-2026.4.0-universal/python-env-tools/bin/pet find --json /home/corpxe/Desktop/IIT-ds/Stats --cache-directory /home/corpxe/.config/Code - OSS/User/globalStorage/ms-python.vscode-python-envs/pythonLocator --pipenv-executable pipenv --poetry-executable poetry --environment-directories /home/corpxe/Desktop/IIT-ds/Stats/.venv --environment-directories /home/corpxe/Desktop/IIT-ds/Stats/*/.venv
2026-05-22 23:04:21.843 [error] [pet] JSON CLI fallback refresh failed: A system error occurred (spawn /home/corpxe/.vscode-oss/extensions/ms-python.python-2026.4.0-universal/python-env-tools/bin/pet ENOENT)
2026-05-22 23:04:21.843 [error] [interpreterSelection] Failed to set global environment: Error: spawn /home/corpxe/.vscode-oss/extensions/ms-python.python-2026.4.0-universal/python-env-tools/bin/pet ENOENT
2026-05-22 23:04:42.759 [error] Setup appears hung during stage: envSelection
2026-05-22 23:13:58.173 [warning] [pet] Server mode exhausted, falling back to JSON CLI for refresh
2026-05-22 23:13:58.181 [info] [pet] JSON CLI fallback refresh: /home/corpxe/.vscode-oss/extensions/ms-python.python-2026.4.0-universal/python-env-tools/bin/pet find --json /home/corpxe/Desktop/IIT-ds/Stats --cache-directory /home/corpxe/.config/Code - OSS/User/globalStorage/ms-python.vscode-python-envs/pythonLocator --pipenv-executable pipenv --poetry-executable poetry --environment-directories /home/corpxe/Desktop/IIT-ds/Stats/.venv --environment-directories /home/corpxe/Desktop/IIT-ds/Stats/*/.venv
2026-05-22 23:13:58.182 [error] [pet] JSON CLI fallback refresh failed: A system error occurred (spawn /home/corpxe/.vscode-oss/extensions/ms-python.python-2026.4.0-universal/python-env-tools/bin/pet ENOENT)
2026-05-22 23:13:58.183 [error] [venv] Background initialization failed: Error: spawn /home/corpxe/.vscode-oss/extensions/ms-python.python-2026.4.0-universal/python-env-tools/bin/pet ENOENT
    at Process.ChildProcess._handle.onexit (node:internal/child_process:285:19)
    at onErrorNT (node:internal/child_process:483:16)
    at processTicksAndRejections (node:internal/process/task_queues:89:21) {
  errno: -2,
  code: 'ENOENT',
  syscall: 'spawn /home/corpxe/.vscode-oss/extensions/ms-python.python-2026.4.0-universal/python-env-tools/bin/pet',
  path: '/home/corpxe/.vscode-oss/extensions/ms-python.python-2026.4.0-universal/python-env-tools/bin/pet',
  spawnargs: [
    'find',
    '--json',
    '/home/corpxe/Desktop/IIT-ds/Stats',
    '--cache-directory',
    '/home/corpxe/.config/Code - OSS/User/globalStorage/ms-python.vscode-python-envs/pythonLocator',
    '--pipenv-executable',
    'pipenv',
    '--poetry-executable',
    'poetry',
    '--environment-directories',
    '/home/corpxe/Desktop/IIT-ds/Stats/.venv',
    '--environment-directories',
    '/home/corpxe/Desktop/IIT-ds/Stats/*/.venv'
  ]
}
2026-05-22 23:13:58.893 [warning] [pet] Server mode exhausted, falling back to JSON CLI for refresh
2026-05-22 23:13:58.902 [info] [pet] JSON CLI fallback refresh: /home/corpxe/.vscode-oss/extensions/ms-python.python-2026.4.0-universal/python-env-tools/bin/pet find --json /home/corpxe/Desktop/IIT-ds/Stats --cache-directory /home/corpxe/.config/Code - OSS/User/globalStorage/ms-python.vscode-python-envs/pythonLocator --pipenv-executable pipenv --poetry-executable poetry --environment-directories /home/corpxe/Desktop/IIT-ds/Stats/.venv --environment-directories /home/corpxe/Desktop/IIT-ds/Stats/*/.venv
2026-05-22 23:13:58.903 [error] [pet] JSON CLI fallback refresh failed: A system error occurred (spawn /home/corpxe/.vscode-oss/extensions/ms-python.python-2026.4.0-universal/python-env-tools/bin/pet ENOENT)
2026-05-22 23:14:12.750 [warning] [pet] Server mode exhausted, falling back to JSON CLI for refresh
2026-05-22 23:14:12.758 [info] [pet] JSON CLI fallback refresh: /home/corpxe/.vscode-oss/extensions/ms-python.python-2026.4.0-universal/python-env-tools/bin/pet find --json /home/corpxe/Desktop/IIT-ds/Stats --cache-directory /home/corpxe/.config/Code - OSS/User/globalStorage/ms-python.vscode-python-envs/pythonLocator --pipenv-executable pipenv --poetry-executable poetry --environment-directories /home/corpxe/Desktop/IIT-ds/Stats/.venv --environment-directories /home/corpxe/Desktop/IIT-ds/Stats/*/.venv
2026-05-22 23:14:12.759 [error] [pet] JSON CLI fallback refresh failed: A system error occurred (spawn /home/corpxe/.vscode-oss/extensions/ms-python.python-2026.4.0-universal/python-env-tools/bin/pet ENOENT)
2026-05-22 23:14:12.760 [error] [venv] Background initialization failed: Error: spawn /home/corpxe/.vscode-oss/extensions/ms-python.python-2026.4.0-universal/python-env-tools/bin/pet ENOENT
    at Process.ChildProcess._handle.onexit (node:internal/child_process:285:19)
    at onErrorNT (node:internal/child_process:483:16)
    at processTicksAndRejections (node:internal/process/task_queues:89:21) {
  errno: -2,
  code: 'ENOENT',
  syscall: 'spawn /home/corpxe/.vscode-oss/extensions/ms-python.python-2026.4.0-universal/python-env-tools/bin/pet',
  path: '/home/corpxe/.vscode-oss/extensions/ms-python.python-2026.4.0-universal/python-env-tools/bin/pet',
  spawnargs: [
    'find',
    '--json',
    '/home/corpxe/Desktop/IIT-ds/Stats',
    '--cache-directory',
    '/home/corpxe/.config/Code - OSS/User/globalStorage/ms-python.vscode-python-envs/pythonLocator',
    '--pipenv-executable',
    'pipenv',
    '--poetry-executable',
    'poetry',
    '--environment-directories',
    '/home/corpxe/Desktop/IIT-ds/Stats/.venv',
    '--environment-directories',
    '/home/corpxe/Desktop/IIT-ds/Stats/*/.venv'
  ]
}
2026-05-22 23:14:20.986 [warning] [pet] Server mode exhausted, falling back to JSON CLI for refresh
2026-05-22 23:14:20.996 [info] [pet] JSON CLI fallback refresh: /home/corpxe/.vscode-oss/extensions/ms-python.python-2026.4.0-universal/python-env-tools/bin/pet find --json /home/corpxe/Desktop/IIT-ds/Stats --cache-directory /home/corpxe/.config/Code - OSS/User/globalStorage/ms-python.vscode-python-envs/pythonLocator --pipenv-executable pipenv --poetry-executable poetry --environment-directories /home/corpxe/Desktop/IIT-ds/Stats/.venv --environment-directories /home/corpxe/Desktop/IIT-ds/Stats/*/.venv
2026-05-22 23:14:20.996 [error] [pet] JSON CLI fallback refresh failed: A system error occurred (spawn /home/corpxe/.vscode-oss/extensions/ms-python.python-2026.4.0-universal/python-env-tools/bin/pet ENOENT)
2026-05-22 23:14:20.997 [error] [venv] Background initialization failed: Error: spawn /home/corpxe/.vscode-oss/extensions/ms-python.python-2026.4.0-universal/python-env-tools/bin/pet ENOENT
    at Process.ChildProcess._handle.onexit (node:internal/child_process:285:19)
    at onErrorNT (node:internal/child_process:483:16)
    at processTicksAndRejections (node:internal/process/task_queues:89:21) {
  errno: -2,
  code: 'ENOENT',
  syscall: 'spawn /home/corpxe/.vscode-oss/extensions/ms-python.python-2026.4.0-universal/python-env-tools/bin/pet',
  path: '/home/corpxe/.vscode-oss/extensions/ms-python.python-2026.4.0-universal/python-env-tools/bin/pet',
  spawnargs: [
    'find',
    '--json',
    '/home/corpxe/Desktop/IIT-ds/Stats',
    '--cache-directory',
    '/home/corpxe/.config/Code - OSS/User/globalStorage/ms-python.vscode-python-envs/pythonLocator',
    '--pipenv-executable',
    'pipenv',
    '--poetry-executable',
    'poetry',
    '--environment-directories',
    '/home/corpxe/Desktop/IIT-ds/Stats/.venv',
    '--environment-directories',
    '/home/corpxe/Desktop/IIT-ds/Stats/*/.venv'
  ]
}
2026-05-22 23:14:21.592 [warning] [pet] Server mode exhausted, falling back to JSON CLI for refresh
2026-05-22 23:14:21.601 [info] [pet] JSON CLI fallback refresh: /home/corpxe/.vscode-oss/extensions/ms-python.python-2026.4.0-universal/python-env-tools/bin/pet find --json /home/corpxe/Desktop/IIT-ds/Stats --cache-directory /home/corpxe/.config/Code - OSS/User/globalStorage/ms-python.vscode-python-envs/pythonLocator --pipenv-executable pipenv --poetry-executable poetry --environment-directories /home/corpxe/Desktop/IIT-ds/Stats/.venv --environment-directories /home/corpxe/Desktop/IIT-ds/Stats/*/.venv
2026-05-22 23:14:21.601 [error] [pet] JSON CLI fallback refresh failed: A system error occurred (spawn /home/corpxe/.vscode-oss/extensions/ms-python.python-2026.4.0-universal/python-env-tools/bin/pet ENOENT)
2026-05-22 23:14:21.602 [error] [venv] Background initialization failed: Error: spawn /home/corpxe/.vscode-oss/extensions/ms-python.python-2026.4.0-universal/python-env-tools/bin/pet ENOENT
    at Process.ChildProcess._handle.onexit (node:internal/child_process:285:19)
    at onErrorNT (node:internal/child_process:483:16)
    at processTicksAndRejections (node:internal/process/task_queues:89:21) {
  errno: -2,
  code: 'ENOENT',
  syscall: 'spawn /home/corpxe/.vscode-oss/extensions/ms-python.python-2026.4.0-universal/python-env-tools/bin/pet',
  path: '/home/corpxe/.vscode-oss/extensions/ms-python.python-2026.4.0-universal/python-env-tools/bin/pet',
  spawnargs: [
    'find',
    '--json',
    '/home/corpxe/Desktop/IIT-ds/Stats',
    '--cache-directory',
    '/home/corpxe/.config/Code - OSS/User/globalStorage/ms-python.vscode-python-envs/pythonLocator',
    '--pipenv-executable',
    'pipenv',
    '--poetry-executable',
    'poetry',
    '--environment-directories',
    '/home/corpxe/Desktop/IIT-ds/Stats/.venv',
    '--environment-directories',
    '/home/corpxe/Desktop/IIT-ds/Stats/*/.venv'
  ]
}
2026-05-22 23:14:40.482 [warning] [pet] Server mode exhausted, falling back to JSON CLI for refresh
2026-05-22 23:14:40.491 [info] [pet] JSON CLI fallback refresh: /home/corpxe/.vscode-oss/extensions/ms-python.python-2026.4.0-universal/python-env-tools/bin/pet find --json /home/corpxe/Desktop/IIT-ds/Stats --cache-directory /home/corpxe/.config/Code - OSS/User/globalStorage/ms-python.vscode-python-envs/pythonLocator --pipenv-executable pipenv --poetry-executable poetry --environment-directories /home/corpxe/Desktop/IIT-ds/Stats/.venv --environment-directories /home/corpxe/Desktop/IIT-ds/Stats/*/.venv
2026-05-22 23:14:40.491 [error] [pet] JSON CLI fallback refresh failed: A system error occurred (spawn /home/corpxe/.vscode-oss/extensions/ms-python.python-2026.4.0-universal/python-env-tools/bin/pet ENOENT)
2026-05-22 23:14:40.492 [error] [venv] Background initialization failed: Error: spawn /home/corpxe/.vscode-oss/extensions/ms-python.python-2026.4.0-universal/python-env-tools/bin/pet ENOENT
    at Process.ChildProcess._handle.onexit (node:internal/child_process:285:19)
    at onErrorNT (node:internal/child_process:483:16)
    at processTicksAndRejections (node:internal/process/task_queues:89:21) {
  errno: -2,
  code: 'ENOENT',
  syscall: 'spawn /home/corpxe/.vscode-oss/extensions/ms-python.python-2026.4.0-universal/python-env-tools/bin/pet',
  path: '/home/corpxe/.vscode-oss/extensions/ms-python.python-2026.4.0-universal/python-env-tools/bin/pet',
  spawnargs: [
    'find',
    '--json',
    '/home/corpxe/Desktop/IIT-ds/Stats',
    '--cache-directory',
    '/home/corpxe/.config/Code - OSS/User/globalStorage/ms-python.vscode-python-envs/pythonLocator',
    '--pipenv-executable',
    'pipenv',
    '--poetry-executable',
    'poetry',
    '--environment-directories',
    '/home/corpxe/Desktop/IIT-ds/Stats/.venv',
    '--environment-directories',
    '/home/corpxe/Desktop/IIT-ds/Stats/*/.venv'
  ]
}
2026-05-22 23:14:41.184 [warning] [pet] Server mode exhausted, falling back to JSON CLI for refresh
2026-05-22 23:14:41.193 [info] [pet] JSON CLI fallback refresh: /home/corpxe/.vscode-oss/extensions/ms-python.python-2026.4.0-universal/python-env-tools/bin/pet find --json /home/corpxe/Desktop/IIT-ds/Stats --cache-directory /home/corpxe/.config/Code - OSS/User/globalStorage/ms-python.vscode-python-envs/pythonLocator --pipenv-executable pipenv --poetry-executable poetry --environment-directories /home/corpxe/Desktop/IIT-ds/Stats/.venv --environment-directories /home/corpxe/Desktop/IIT-ds/Stats/*/.venv
2026-05-22 23:14:41.193 [error] [pet] JSON CLI fallback refresh failed: A system error occurred (spawn /home/corpxe/.vscode-oss/extensions/ms-python.python-2026.4.0-universal/python-env-tools/bin/pet ENOENT)
2026-05-22 23:14:41.194 [error] [venv] Background initialization failed: Error: spawn /home/corpxe/.vscode-oss/extensions/ms-python.python-2026.4.0-universal/python-env-tools/bin/pet ENOENT
    at Process.ChildProcess._handle.onexit (node:internal/child_process:285:19)
    at onErrorNT (node:internal/child_process:483:16)
    at processTicksAndRejections (node:internal/process/task_queues:89:21) {
  errno: -2,
  code: 'ENOENT',
  syscall: 'spawn /home/corpxe/.vscode-oss/extensions/ms-python.python-2026.4.0-universal/python-env-tools/bin/pet',
  path: '/home/corpxe/.vscode-oss/extensions/ms-python.python-2026.4.0-universal/python-env-tools/bin/pet',
  spawnargs: [
    'find',
    '--json',
    '/home/corpxe/Desktop/IIT-ds/Stats',
    '--cache-directory',
    '/home/corpxe/.config/Code - OSS/User/globalStorage/ms-python.vscode-python-envs/pythonLocator',
    '--pipenv-executable',
    'pipenv',
    '--poetry-executable',
    'poetry',
    '--environment-directories',
    '/home/corpxe/Desktop/IIT-ds/Stats/.venv',
    '--environment-directories',
    '/home/corpxe/Desktop/IIT-ds/Stats/*/.venv'
  ]
}
2026-05-22 23:14:42.292 [warning] [pet] Server mode exhausted, falling back to JSON CLI for refresh
2026-05-22 23:14:42.301 [info] [pet] JSON CLI fallback refresh: /home/corpxe/.vscode-oss/extensions/ms-python.python-2026.4.0-universal/python-env-tools/bin/pet find --json /home/corpxe/Desktop/IIT-ds/Stats --cache-directory /home/corpxe/.config/Code - OSS/User/globalStorage/ms-python.vscode-python-envs/pythonLocator --pipenv-executable pipenv --poetry-executable poetry --environment-directories /home/corpxe/Desktop/IIT-ds/Stats/.venv --environment-directories /home/corpxe/Desktop/IIT-ds/Stats/*/.venv
2026-05-22 23:14:42.302 [error] [pet] JSON CLI fallback refresh failed: A system error occurred (spawn /home/corpxe/.vscode-oss/extensions/ms-python.python-2026.4.0-universal/python-env-tools/bin/pet ENOENT)
2026-05-22 23:14:42.302 [error] [venv] Background initialization failed: Error: spawn /home/corpxe/.vscode-oss/extensions/ms-python.python-2026.4.0-universal/python-env-tools/bin/pet ENOENT
    at Process.ChildProcess._handle.onexit (node:internal/child_process:285:19)
    at onErrorNT (node:internal/child_process:483:16)
    at processTicksAndRejections (node:internal/process/task_queues:89:21) {
  errno: -2,
  code: 'ENOENT',
  syscall: 'spawn /home/corpxe/.vscode-oss/extensions/ms-python.python-2026.4.0-universal/python-env-tools/bin/pet',
  path: '/home/corpxe/.vscode-oss/extensions/ms-python.python-2026.4.0-universal/python-env-tools/bin/pet',
  spawnargs: [
    'find',
    '--json',
    '/home/corpxe/Desktop/IIT-ds/Stats',
    '--cache-directory',
    '/home/corpxe/.config/Code - OSS/User/globalStorage/ms-python.vscode-python-envs/pythonLocator',
    '--pipenv-executable',
    'pipenv',
    '--poetry-executable',
    'poetry',
    '--environment-directories',
    '/home/corpxe/Desktop/IIT-ds/Stats/.venv',
    '--environment-directories',
    '/home/corpxe/Desktop/IIT-ds/Stats/*/.venv'
  ]
}
2026-05-22 23:14:43.806 [warning] [pet] Server mode exhausted, falling back to JSON CLI for refresh
2026-05-22 23:14:43.815 [info] [pet] JSON CLI fallback refresh: /home/corpxe/.vscode-oss/extensions/ms-python.python-2026.4.0-universal/python-env-tools/bin/pet find --json /home/corpxe/Desktop/IIT-ds/Stats --cache-directory /home/corpxe/.config/Code - OSS/User/globalStorage/ms-python.vscode-python-envs/pythonLocator --pipenv-executable pipenv --poetry-executable poetry --environment-directories /home/corpxe/Desktop/IIT-ds/Stats/.venv --environment-directories /home/corpxe/Desktop/IIT-ds/Stats/*/.venv
2026-05-22 23:14:43.815 [error] [pet] JSON CLI fallback refresh failed: A system error occurred (spawn /home/corpxe/.vscode-oss/extensions/ms-python.python-2026.4.0-universal/python-env-tools/bin/pet ENOENT)
2026-05-22 23:14:43.816 [error] [venv] Background initialization failed: Error: spawn /home/corpxe/.vscode-oss/extensions/ms-python.python-2026.4.0-universal/python-env-tools/bin/pet ENOENT
    at Process.ChildProcess._handle.onexit (node:internal/child_process:285:19)
    at onErrorNT (node:internal/child_process:483:16)
    at processTicksAndRejections (node:internal/process/task_queues:89:21) {
  errno: -2,
  code: 'ENOENT',
  syscall: 'spawn /home/corpxe/.vscode-oss/extensions/ms-python.python-2026.4.0-universal/python-env-tools/bin/pet',
  path: '/home/corpxe/.vscode-oss/extensions/ms-python.python-2026.4.0-universal/python-env-tools/bin/pet',
  spawnargs: [
    'find',
    '--json',
    '/home/corpxe/Desktop/IIT-ds/Stats',
    '--cache-directory',
    '/home/corpxe/.config/Code - OSS/User/globalStorage/ms-python.vscode-python-envs/pythonLocator',
    '--pipenv-executable',
    'pipenv',
    '--poetry-executable',
    'poetry',
    '--environment-directories',
    '/home/corpxe/Desktop/IIT-ds/Stats/.venv',
    '--environment-directories',
    '/home/corpxe/Desktop/IIT-ds/Stats/*/.venv'
  ]
}
2026-05-22 23:23:42.581 [warning] [pet] Server mode exhausted, falling back to JSON CLI for refresh
2026-05-22 23:23:42.591 [info] [pet] JSON CLI fallback refresh: /home/corpxe/.vscode-oss/extensions/ms-python.python-2026.4.0-universal/python-env-tools/bin/pet find --json /home/corpxe/Desktop/IIT-ds/Stats --cache-directory /home/corpxe/.config/Code - OSS/User/globalStorage/ms-python.vscode-python-envs/pythonLocator --pipenv-executable pipenv --poetry-executable poetry --environment-directories /home/corpxe/Desktop/IIT-ds/Stats/.venv --environment-directories /home/corpxe/Desktop/IIT-ds/Stats/*/.venv
2026-05-22 23:23:42.592 [error] [pet] JSON CLI fallback refresh failed: A system error occurred (spawn /home/corpxe/.vscode-oss/extensions/ms-python.python-2026.4.0-universal/python-env-tools/bin/pet ENOENT)
2026-05-22 23:23:42.592 [error] [venv] Background initialization failed: Error: spawn /home/corpxe/.vscode-oss/extensions/ms-python.python-2026.4.0-universal/python-env-tools/bin/pet ENOENT
    at Process.ChildProcess._handle.onexit (node:internal/child_process:285:19)
    at onErrorNT (node:internal/child_process:483:16)
    at processTicksAndRejections (node:internal/process/task_queues:89:21) {
  errno: -2,
  code: 'ENOENT',
  syscall: 'spawn /home/corpxe/.vscode-oss/extensions/ms-python.python-2026.4.0-universal/python-env-tools/bin/pet',
  path: '/home/corpxe/.vscode-oss/extensions/ms-python.python-2026.4.0-universal/python-env-tools/bin/pet',
  spawnargs: [
    'find',
    '--json',
    '/home/corpxe/Desktop/IIT-ds/Stats',
    '--cache-directory',
    '/home/corpxe/.config/Code - OSS/User/globalStorage/ms-python.vscode-python-envs/pythonLocator',
    '--pipenv-executable',
    'pipenv',
    '--poetry-executable',
    'poetry',
    '--environment-directories',
    '/home/corpxe/Desktop/IIT-ds/Stats/.venv',
    '--environment-directories',
    '/home/corpxe/Desktop/IIT-ds/Stats/*/.venv'
  ]
}
2026-05-22 23:24:08.252 [warning] [pet] Server mode exhausted, falling back to JSON CLI for refresh
2026-05-22 23:24:08.260 [info] [pet] JSON CLI fallback refresh: /home/corpxe/.vscode-oss/extensions/ms-python.python-2026.4.0-universal/python-env-tools/bin/pet find --json /home/corpxe/Desktop/IIT-ds/Stats --cache-directory /home/corpxe/.config/Code - OSS/User/globalStorage/ms-python.vscode-python-envs/pythonLocator --pipenv-executable pipenv --poetry-executable poetry --environment-directories /home/corpxe/Desktop/IIT-ds/Stats/.venv --environment-directories /home/corpxe/Desktop/IIT-ds/Stats/*/.venv
2026-05-22 23:24:08.261 [error] [pet] JSON CLI fallback refresh failed: A system error occurred (spawn /home/corpxe/.vscode-oss/extensions/ms-python.python-2026.4.0-universal/python-env-tools/bin/pet ENOENT)
2026-05-22 23:24:08.261 [error] [venv] Background initialization failed: Error: spawn /home/corpxe/.vscode-oss/extensions/ms-python.python-2026.4.0-universal/python-env-tools/bin/pet ENOENT
    at Process.ChildProcess._handle.onexit (node:internal/child_process:285:19)
    at onErrorNT (node:internal/child_process:483:16)
    at processTicksAndRejections (node:internal/process/task_queues:89:21) {
  errno: -2,
  code: 'ENOENT',
  syscall: 'spawn /home/corpxe/.vscode-oss/extensions/ms-python.python-2026.4.0-universal/python-env-tools/bin/pet',
  path: '/home/corpxe/.vscode-oss/extensions/ms-python.python-2026.4.0-universal/python-env-tools/bin/pet',
  spawnargs: [
    'find',
    '--json',
    '/home/corpxe/Desktop/IIT-ds/Stats',
    '--cache-directory',
    '/home/corpxe/.config/Code - OSS/User/globalStorage/ms-python.vscode-python-envs/pythonLocator',
    '--pipenv-executable',
    'pipenv',
    '--poetry-executable',
    'poetry',
    '--environment-directories',
    '/home/corpxe/Desktop/IIT-ds/Stats/.venv',
    '--environment-directories',
    '/home/corpxe/Desktop/IIT-ds/Stats/*/.venv'
  ]
}
2026-05-22 23:24:52.188 [warning] [pet] Server mode exhausted, falling back to JSON CLI for refresh
2026-05-22 23:24:52.198 [info] [pet] JSON CLI fallback refresh: /home/corpxe/.vscode-oss/extensions/ms-python.python-2026.4.0-universal/python-env-tools/bin/pet find --json /home/corpxe/Desktop/IIT-ds/Stats --cache-directory /home/corpxe/.config/Code - OSS/User/globalStorage/ms-python.vscode-python-envs/pythonLocator --pipenv-executable pipenv --poetry-executable poetry --environment-directories /home/corpxe/Desktop/IIT-ds/Stats/.venv --environment-directories /home/corpxe/Desktop/IIT-ds/Stats/*/.venv
2026-05-22 23:24:52.199 [error] [pet] JSON CLI fallback refresh failed: A system error occurred (spawn /home/corpxe/.vscode-oss/extensions/ms-python.python-2026.4.0-universal/python-env-tools/bin/pet ENOENT)
2026-05-22 23:24:52.200 [error] [venv] Background initialization failed: Error: spawn /home/corpxe/.vscode-oss/extensions/ms-python.python-2026.4.0-universal/python-env-tools/bin/pet ENOENT
    at Process.ChildProcess._handle.onexit (node:internal/child_process:285:19)
    at onErrorNT (node:internal/child_process:483:16)
    at processTicksAndRejections (node:internal/process/task_queues:89:21) {
  errno: -2,
  code: 'ENOENT',
  syscall: 'spawn /home/corpxe/.vscode-oss/extensions/ms-python.python-2026.4.0-universal/python-env-tools/bin/pet',
  path: '/home/corpxe/.vscode-oss/extensions/ms-python.python-2026.4.0-universal/python-env-tools/bin/pet',
  spawnargs: [
    'find',
    '--json',
    '/home/corpxe/Desktop/IIT-ds/Stats',
    '--cache-directory',
    '/home/corpxe/.config/Code - OSS/User/globalStorage/ms-python.vscode-python-envs/pythonLocator',
    '--pipenv-executable',
    'pipenv',
    '--poetry-executable',
    'poetry',
    '--environment-directories',
    '/home/corpxe/Desktop/IIT-ds/Stats/.venv',
    '--environment-directories',
    '/home/corpxe/Desktop/IIT-ds/Stats/*/.venv'
  ]
}
2026-05-22 23:24:53.230 [warning] [pet] Server mode exhausted, falling back to JSON CLI for refresh
2026-05-22 23:24:53.239 [info] [pet] JSON CLI fallback refresh: /home/corpxe/.vscode-oss/extensions/ms-python.python-2026.4.0-universal/python-env-tools/bin/pet find --json /home/corpxe/Desktop/IIT-ds/Stats --cache-directory /home/corpxe/.config/Code - OSS/User/globalStorage/ms-python.vscode-python-envs/pythonLocator --pipenv-executable pipenv --poetry-executable poetry --environment-directories /home/corpxe/Desktop/IIT-ds/Stats/.venv --environment-directories /home/corpxe/Desktop/IIT-ds/Stats/*/.venv
2026-05-22 23:24:53.240 [error] [pet] JSON CLI fallback refresh failed: A system error occurred (spawn /home/corpxe/.vscode-oss/extensions/ms-python.python-2026.4.0-universal/python-env-tools/bin/pet ENOENT)
2026-05-22 23:24:53.240 [error] [venv] Background initialization failed: Error: spawn /home/corpxe/.vscode-oss/extensions/ms-python.python-2026.4.0-universal/python-env-tools/bin/pet ENOENT
    at Process.ChildProcess._handle.onexit (node:internal/child_process:285:19)
    at onErrorNT (node:internal/child_process:483:16)
    at processTicksAndRejections (node:internal/process/task_queues:89:21) {
  errno: -2,
  code: 'ENOENT',
  syscall: 'spawn /home/corpxe/.vscode-oss/extensions/ms-python.python-2026.4.0-universal/python-env-tools/bin/pet',
  path: '/home/corpxe/.vscode-oss/extensions/ms-python.python-2026.4.0-universal/python-env-tools/bin/pet',
  spawnargs: [
    'find',
    '--json',
    '/home/corpxe/Desktop/IIT-ds/Stats',
    '--cache-directory',
    '/home/corpxe/.config/Code - OSS/User/globalStorage/ms-python.vscode-python-envs/pythonLocator',
    '--pipenv-executable',
    'pipenv',
    '--poetry-executable',
    'poetry',
    '--environment-directories',
    '/home/corpxe/Desktop/IIT-ds/Stats/.venv',
    '--environment-directories',
    '/home/corpxe/Desktop/IIT-ds/Stats/*/.venv'
  ]
}
2026-05-22 23:24:53.743 [warning] [pet] Server mode exhausted, falling back to JSON CLI for refresh
2026-05-22 23:24:53.753 [info] [pet] JSON CLI fallback refresh: /home/corpxe/.vscode-oss/extensions/ms-python.python-2026.4.0-universal/python-env-tools/bin/pet find --json /home/corpxe/Desktop/IIT-ds/Stats --cache-directory /home/corpxe/.config/Code - OSS/User/globalStorage/ms-python.vscode-python-envs/pythonLocator --pipenv-executable pipenv --poetry-executable poetry --environment-directories /home/corpxe/Desktop/IIT-ds/Stats/.venv --environment-directories /home/corpxe/Desktop/IIT-ds/Stats/*/.venv
2026-05-22 23:24:53.753 [error] [pet] JSON CLI fallback refresh failed: A system error occurred (spawn /home/corpxe/.vscode-oss/extensions/ms-python.python-2026.4.0-universal/python-env-tools/bin/pet ENOENT)
2026-05-22 23:24:53.754 [error] [venv] Background initialization failed: Error: spawn /home/corpxe/.vscode-oss/extensions/ms-python.python-2026.4.0-universal/python-env-tools/bin/pet ENOENT
    at Process.ChildProcess._handle.onexit (node:internal/child_process:285:19)
    at onErrorNT (node:internal/child_process:483:16)
    at processTicksAndRejections (node:internal/process/task_queues:89:21) {
  errno: -2,
  code: 'ENOENT',
  syscall: 'spawn /home/corpxe/.vscode-oss/extensions/ms-python.python-2026.4.0-universal/python-env-tools/bin/pet',
  path: '/home/corpxe/.vscode-oss/extensions/ms-python.python-2026.4.0-universal/python-env-tools/bin/pet',
  spawnargs: [
    'find',
    '--json',
    '/home/corpxe/Desktop/IIT-ds/Stats',
    '--cache-directory',
    '/home/corpxe/.config/Code - OSS/User/globalStorage/ms-python.vscode-python-envs/pythonLocator',
    '--pipenv-executable',
    'pipenv',
    '--poetry-executable',
    'poetry',
    '--environment-directories',
    '/home/corpxe/Desktop/IIT-ds/Stats/.venv',
    '--environment-directories',
    '/home/corpxe/Desktop/IIT-ds/Stats/*/.venv'
  ]
}
2026-05-22 23:24:54.966 [warning] [pet] Server mode exhausted, falling back to JSON CLI for refresh
2026-05-22 23:24:54.973 [info] [pet] JSON CLI fallback refresh: /home/corpxe/.vscode-oss/extensions/ms-python.python-2026.4.0-universal/python-env-tools/bin/pet find --json /home/corpxe/Desktop/IIT-ds/Stats --cache-directory /home/corpxe/.config/Code - OSS/User/globalStorage/ms-python.vscode-python-envs/pythonLocator --pipenv-executable pipenv --poetry-executable poetry --environment-directories /home/corpxe/Desktop/IIT-ds/Stats/.venv --environment-directories /home/corpxe/Desktop/IIT-ds/Stats/*/.venv
2026-05-22 23:24:54.974 [error] [pet] JSON CLI fallback refresh failed: A system error occurred (spawn /home/corpxe/.vscode-oss/extensions/ms-python.python-2026.4.0-universal/python-env-tools/bin/pet ENOENT)
2026-05-22 23:24:54.974 [error] [venv] Background initialization failed: Error: spawn /home/corpxe/.vscode-oss/extensions/ms-python.python-2026.4.0-universal/python-env-tools/bin/pet ENOENT
    at Process.ChildProcess._handle.onexit (node:internal/child_process:285:19)
    at onErrorNT (node:internal/child_process:483:16)
    at processTicksAndRejections (node:internal/process/task_queues:89:21) {
  errno: -2,
  code: 'ENOENT',
  syscall: 'spawn /home/corpxe/.vscode-oss/extensions/ms-python.python-2026.4.0-universal/python-env-tools/bin/pet',
  path: '/home/corpxe/.vscode-oss/extensions/ms-python.python-2026.4.0-universal/python-env-tools/bin/pet',
  spawnargs: [
    'find',
    '--json',
    '/home/corpxe/Desktop/IIT-ds/Stats',
    '--cache-directory',
    '/home/corpxe/.config/Code - OSS/User/globalStorage/ms-python.vscode-python-envs/pythonLocator',
    '--pipenv-executable',
    'pipenv',
    '--poetry-executable',
    'poetry',
    '--environment-directories',
    '/home/corpxe/Desktop/IIT-ds/Stats/.venv',
    '--environment-directories',
    '/home/corpxe/Desktop/IIT-ds/Stats/*/.venv'
  ]
}
2026-05-22 23:56:08.402 [warning] [pet] Server mode exhausted, falling back to JSON CLI for refresh
2026-05-22 23:56:08.412 [info] [pet] JSON CLI fallback refresh: /home/corpxe/.vscode-oss/extensions/ms-python.python-2026.4.0-universal/python-env-tools/bin/pet find --json /home/corpxe/Desktop/IIT-ds/Stats --cache-directory /home/corpxe/.config/Code - OSS/User/globalStorage/ms-python.vscode-python-envs/pythonLocator --pipenv-executable pipenv --poetry-executable poetry --environment-directories /home/corpxe/Desktop/IIT-ds/Stats/.venv --environment-directories /home/corpxe/Desktop/IIT-ds/Stats/*/.venv
2026-05-22 23:56:08.413 [error] [pet] JSON CLI fallback refresh failed: A system error occurred (spawn /home/corpxe/.vscode-oss/extensions/ms-python.python-2026.4.0-universal/python-env-tools/bin/pet ENOENT)
2026-05-22 23:56:08.413 [error] [venv] Background initialization failed: Error: spawn /home/corpxe/.vscode-oss/extensions/ms-python.python-2026.4.0-universal/python-env-tools/bin/pet ENOENT
    at Process.ChildProcess._handle.onexit (node:internal/child_process:285:19)
    at onErrorNT (node:internal/child_process:483:16)
    at processTicksAndRejections (node:internal/process/task_queues:89:21)
    at runNextTicks (node:internal/process/task_queues:68:3)
    at processImmediate (node:internal/timers:452:9)
    at process.callbackTrampoline (node:internal/async_hooks:130:17) {
  errno: -2,
  code: 'ENOENT',
  syscall: 'spawn /home/corpxe/.vscode-oss/extensions/ms-python.python-2026.4.0-universal/python-env-tools/bin/pet',
  path: '/home/corpxe/.vscode-oss/extensions/ms-python.python-2026.4.0-universal/python-env-tools/bin/pet',
  spawnargs: [
    'find',
    '--json',
    '/home/corpxe/Desktop/IIT-ds/Stats',
    '--cache-directory',
    '/home/corpxe/.config/Code - OSS/User/globalStorage/ms-python.vscode-python-envs/pythonLocator',
    '--pipenv-executable',
    'pipenv',
    '--poetry-executable',
    'poetry',
    '--environment-directories',
    '/home/corpxe/Desktop/IIT-ds/Stats/.venv',
    '--environment-directories',
    '/home/corpxe/Desktop/IIT-ds/Stats/*/.venv'
  ]
}
