2026-05-22 23:02:46.557 [info] [aebc6443-996d-45c2-90f0-388ff96faa56] Native Broker enabled: false
2026-05-22 23:02:46.573 [info] [getSessions] [all] starting
2026-05-22 23:02:46.573 [info] [getSessions] [all] returned 0 session(s)
2026-05-22 23:02:46.573 [info] [getSessions] [all] starting
2026-05-22 23:02:46.573 [info] [getSessions] [all] returned 0 session(s)
2026-05-22 23:02:46.573 [info] [getSessions] [all] starting
2026-05-22 23:02:46.573 [info] [getSessions] [all] returned 0 session(s)
2026-05-22 23:02:46.574 [info] [getSessions] [499b84ac-1321-427f-aa17-267ca6975798/.default offline_access] starting
2026-05-22 23:02:46.574 [info] [aebc6443-996d-45c2-90f0-388ff96faa56] Native Broker enabled: false
2026-05-22 23:02:46.577 [info] [getSessions] [499b84ac-1321-427f-aa17-267ca6975798/.default offline_access] returned 0 session(s)
2026-05-22 23:03:05.512 [info] [getSessions] [all] starting
2026-05-22 23:03:05.512 [info] [getSessions] [all] returned 0 session(s)
2026-05-22 23:03:06.700 [info] [getSessions] [all] starting
2026-05-22 23:03:06.701 [info] [getSessions] [all] returned 0 session(s)
2026-05-22 23:03:09.562 [info] [getSessions] [all] starting
2026-05-22 23:03:09.563 [info] [getSessions] [all] returned 0 session(s)
2026-05-22 23:03:13.412 [info] [getSessions] [all] starting
2026-05-22 23:03:13.412 [info] [getSessions] [all] returned 0 session(s)
2026-05-22 23:05:02.722 [info] [getSessions] [all] starting
2026-05-22 23:05:02.722 [info] [getSessions] [all] returned 0 session(s)
2026-05-22 23:05:25.295 [info] [getSessions] [all] starting
2026-05-22 23:05:25.295 [info] [getSessions] [all] returned 0 session(s)
2026-05-22 23:12:22.138 [info] [getSessions] [all] starting
2026-05-22 23:12:22.138 [info] [getSessions] [all] returned 0 session(s)
2026-05-22 23:12:28.729 [info] [getSessions] [all] starting
2026-05-22 23:12:28.729 [info] [getSessions] [all] returned 0 session(s)
2026-05-22 23:12:45.584 [info] [getSessions] [all] starting
2026-05-22 23:12:45.584 [info] [getSessions] [all] returned 0 session(s)
2026-05-22 23:13:06.462 [info] [getSessions] [all] starting
2026-05-22 23:13:06.462 [info] [getSessions] [all] returned 0 session(s)
2026-05-22 23:13:12.804 [info] [getSessions] [all] starting
2026-05-22 23:13:12.804 [info] [getSessions] [all] returned 0 session(s)
2026-05-22 23:13:18.583 [info] [getSessions] [all] starting
2026-05-22 23:13:18.583 [info] [getSessions] [all] returned 0 session(s)
2026-05-22 23:13:32.601 [info] [getSessions] [all] starting
2026-05-22 23:13:32.601 [info] [getSessions] [all] returned 0 session(s)
2026-05-22 23:13:56.026 [info] [getSessions] [all] starting
2026-05-22 23:13:56.026 [info] [getSessions] [all] returned 0 session(s)
2026-05-22 23:14:04.261 [info] [getSessions] [all] starting
2026-05-22 23:14:04.261 [info] [getSessions] [all] returned 0 session(s)
2026-05-22 23:14:05.713 [info] [getSessions] [all] starting
2026-05-22 23:14:05.713 [info] [getSessions] [all] returned 0 session(s)
2026-05-22 23:14:11.242 [info] [getSessions] [all] starting
2026-05-22 23:14:11.242 [info] [getSessions] [all] returned 0 session(s)
2026-05-22 23:14:19.643 [info] [getSessions] [all] starting
2026-05-22 23:14:19.643 [info] [getSessions] [all] returned 0 session(s)
2026-05-22 23:14:37.805 [info] [getSessions] [all] starting
2026-05-22 23:14:37.805 [info] [getSessions] [all] returned 0 session(s)
2026-05-22 23:14:44.886 [info] [getSessions] [all] starting
2026-05-22 23:14:44.886 [info] [getSessions] [all] returned 0 session(s)
2026-05-22 23:16:47.390 [info] [getSessions] [all] starting
2026-05-22 23:16:47.390 [info] [getSessions] [all] returned 0 session(s)
2026-05-22 23:17:37.666 [info] [getSessions] [all] starting
2026-05-22 23:17:37.666 [info] [getSessions] [all] returned 0 session(s)
2026-05-22 23:22:56.528 [info] [getSessions] [all] starting
2026-05-22 23:22:56.528 [info] [getSessions] [all] returned 0 session(s)
2026-05-22 23:23:36.901 [info] [getSessions] [all] starting
2026-05-22 23:23:36.901 [info] [getSessions] [all] returned 0 session(s)
2026-05-22 23:24:05.986 [info] [getSessions] [all] starting
2026-05-22 23:24:05.986 [info] [getSessions] [all] returned 0 session(s)
2026-05-22 23:24:18.896 [info] [getSessions] [all] starting
2026-05-22 23:24:18.896 [info] [getSessions] [all] returned 0 session(s)
2026-05-22 23:24:35.904 [info] [getSessions] [all] starting
2026-05-22 23:24:35.904 [info] [getSessions] [all] returned 0 session(s)
2026-05-22 23:24:50.325 [info] [getSessions] [all] starting
2026-05-22 23:24:50.325 [info] [getSessions] [all] returned 0 session(s)
2026-05-22 23:25:09.581 [info] [getSessions] [all] starting
2026-05-22 23:25:09.581 [info] [getSessions] [all] returned 0 session(s)
2026-05-22 23:59:25.259 [info] [getSessions] [all] starting
2026-05-22 23:59:25.259 [info] [getSessions] [all] returned 0 session(s)
2026-05-23 00:00:44.048 [info] [getSessions] [all] starting
2026-05-23 00:00:44.048 [info] [getSessions] [all] returned 0 session(s)
2026-05-23 00:00:44.592 [info] [getSessions] [all] starting
2026-05-23 00:00:44.592 [info] [getSessions] [all] returned 0 session(s)
2026-05-23 00:00:45.743 [info] [getSessions] [all] starting
2026-05-23 00:00:45.744 [info] [getSessions] [all] returned 0 session(s)
2026-05-23 00:58:22.178 [info] [getSessions] [all] starting
2026-05-23 00:58:22.178 [info] [getSessions] [all] returned 0 session(s)
2026-05-23 00:58:23.415 [info] [getSessions] [all] starting
2026-05-23 00:58:23.415 [info] [getSessions] [all] returned 0 session(s)
2026-05-23 02:52:28.539 [info] Microsoft Authentication is deactivating...
