Code - OSS (1.119.0, undefined, desktop)
Jupyter Extension Version: 2025.9.1.
Python Extension Version: 2026.4.0.
Python Environment Extension Version: 1.30.0.
Pylance Extension not installed.
Platform: linux (x64).
Home = /home/corpxe
Temp Storage folder ~/.config/Code - OSS/User/globalStorage/ms-toolsai.jupyter/version-2025.9.1
Workspace folder ~/Desktop/IIT-ds/Stats
03:20:57.558 [warn] No interpreter with path ~/Desktop/IIT-ds/.venv/bin/python found in Python API, will convert Uri path to string as Id ~/Desktop/IIT-ds/.venv/bin/python
03:20:58.169 [info] Starting Kernel (Python Path: ~/Desktop/IIT-ds/Stats/.venv/bin/python, Venv, 3.14.5) for '~/Desktop/IIT-ds/Stats/Stats.ipynb' (disableUI=true)
03:21:00.898 [info] Process Execution: ~/Desktop/IIT-ds/Stats/.venv/bin/python -m pip list
03:21:01.011 [info] Process Execution: ~/Desktop/IIT-ds/Stats/.venv/bin/python -c "import ipykernel; print(ipykernel.__version__); print("5dc3a68c-e34e-4080-9c3e-2a532b2ccb4d"); print(ipykernel.__file__)"
03:21:01.077 [info] Process Execution: ~/Desktop/IIT-ds/Stats/.venv/bin/python -m ipykernel_launcher --f=/run/user/1000/jupyter/runtime/kernel-v39f56c3fdfb990e8a6cbeb10880ff4fa41cb9da39.json
    > cwd: ~/Desktop/IIT-ds/Stats
03:21:01.754 [info] Kernel successfully started
03:21:01.768 [info] Process Execution: ~/Desktop/IIT-ds/Stats/.venv/bin/python ~/.vscode-oss/extensions/ms-toolsai.jupyter-2025.9.1-universal/pythonFiles/printJupyterDataDir.py
04:44:01.679 [info] Dispose Kernel '~/Desktop/IIT-ds/Stats/Stats.ipynb' associated with '~/Desktop/IIT-ds/Stats/Stats.ipynb'
04:44:01.747 [warn] Failed to delete connection file file:///run/user/1000/jupyter/runtime/kernel-v39f56c3fdfb990e8a6cbeb10880ff4fa41cb9da39.json for pid 34232 Canceled (FileSystemError): Canceled
    at or._handleError (file:///usr/lib/code/out/vs/workbench/api/node/extensionHostProcess.js:503:22145)
    at Object.stat (file:///usr/lib/code/out/vs/workbench/api/node/extensionHostProcess.js:503:19063)
    at ou.delete (~/.vscode-oss/extensions/ms-toolsai.jupyter-2025.9.1-universal/dist/extension.node.js:236:16320)
    at ~/.vscode-oss/extensions/ms-toolsai.jupyter-2025.9.1-universal/dist/extension.node.js:308:469 {
  code: 'Unknown'
}
