2026-05-22 19:54:23.455 [info] Reading sessions from keychain...
2026-05-22 19:54:23.455 [info] Getting sessions for all scopes...
2026-05-22 19:54:23.501 [info] Got stored sessions!
2026-05-22 19:54:23.502 [info] Got 1 verified sessions.
2026-05-22 19:54:23.502 [info] Got 1 sessions for ...
2026-05-22 19:54:23.502 [info] Getting sessions for all scopes...
2026-05-22 19:54:23.502 [info] Got 1 sessions for ...
2026-05-22 19:54:23.508 [info] Getting sessions for all scopes...
2026-05-22 19:54:23.508 [info] Got 1 sessions for ...
2026-05-22 19:54:23.592 [info] Getting sessions for all scopes...
2026-05-22 19:54:23.592 [info] Got 1 sessions for ...
2026-05-22 19:54:23.926 [info] Getting sessions for all scopes...
2026-05-22 19:54:23.926 [info] Got 1 sessions for ...
2026-05-22 19:54:25.059 [info] Getting sessions for all scopes...
2026-05-22 19:54:25.059 [info] Got 1 sessions for ...
2026-05-22 19:54:25.089 [info] Getting sessions for all scopes...
2026-05-22 19:54:25.089 [info] Got 1 sessions for ...
2026-05-22 19:54:25.195 [info] Getting sessions for all scopes...
2026-05-22 19:54:25.195 [info] Got 1 sessions for ...
2026-05-22 19:54:25.196 [info] Getting sessions for all scopes...
2026-05-22 19:54:25.196 [info] Got 1 sessions for ...
2026-05-22 19:54:25.307 [info] Getting sessions for all scopes...
2026-05-22 19:54:25.307 [info] Got 1 sessions for ...
2026-05-22 19:54:25.307 [info] Getting sessions for all scopes...
2026-05-22 19:54:25.307 [info] Got 1 sessions for ...
2026-05-22 19:54:25.420 [info] Getting sessions for all scopes...
2026-05-22 19:54:25.420 [info] Got 1 sessions for ...
2026-05-22 19:54:25.446 [info] Getting sessions for all scopes...
2026-05-22 19:54:25.446 [info] Got 1 sessions for ...
2026-05-22 19:54:25.462 [info] Getting sessions for read:user,repo,user:email,workflow...
2026-05-22 19:54:25.462 [info] Got 1 sessions for read:user,repo,user:email,workflow...
2026-05-22 19:54:25.678 [info] Getting sessions for all scopes...
2026-05-22 19:54:25.678 [info] Got 1 sessions for ...
2026-05-22 19:54:26.567 [info] Getting sessions for all scopes...
2026-05-22 19:54:26.567 [info] Got 1 sessions for ...
2026-05-22 19:54:26.843 [info] Getting sessions for read:user,repo,user:email,workflow...
2026-05-22 19:54:26.843 [info] Got 1 sessions for read:user,repo,user:email,workflow...
2026-05-22 19:54:26.906 [info] Getting sessions for read:user,repo,user:email...
2026-05-22 19:54:26.906 [info] Got 0 sessions for read:user,repo,user:email...
2026-05-22 19:54:27.731 [info] Getting sessions for all scopes...
2026-05-22 19:54:27.731 [info] Got 1 sessions for ...
2026-05-22 19:54:27.732 [info] Getting sessions for read:user,repo,user:email,workflow...
2026-05-22 19:54:27.732 [info] Got 1 sessions for read:user,repo,user:email,workflow...
2026-05-22 19:54:28.132 [info] Getting sessions for all scopes...
2026-05-22 19:54:28.132 [info] Got 1 sessions for ...
2026-05-22 19:54:28.133 [info] Getting sessions for read:user,repo,user:email,workflow...
2026-05-22 19:54:28.133 [info] Got 1 sessions for read:user,repo,user:email,workflow...
2026-05-22 19:56:04.383 [info] Getting sessions for all scopes...
2026-05-22 19:56:04.383 [info] Got 1 sessions for ...
2026-05-22 19:56:04.384 [info] Getting sessions for all scopes...
2026-05-22 19:56:04.384 [info] Got 1 sessions for ...
2026-05-22 19:56:04.841 [info] Getting sessions for all scopes...
2026-05-22 19:56:04.841 [info] Got 1 sessions for ...
2026-05-22 19:56:04.843 [info] Getting sessions for read:user,repo,user:email,workflow...
2026-05-22 19:56:04.843 [info] Got 1 sessions for read:user,repo,user:email,workflow...
