2026-05-22 15:47:27.104 [info] [aebc6443-996d-45c2-90f0-388ff96faa56] Native Broker enabled: false
2026-05-22 15:47:27.258 [info] [getSessions] [all] starting
2026-05-22 15:47:27.258 [info] [getSessions] [all] returned 0 session(s)
2026-05-22 15:47:27.258 [info] [getSessions] [all] starting
2026-05-22 15:47:27.258 [info] [getSessions] [all] returned 0 session(s)
2026-05-22 15:47:27.259 [info] [getSessions] [all] starting
2026-05-22 15:47:27.259 [info] [getSessions] [all] returned 0 session(s)
2026-05-22 15:47:27.294 [info] [getSessions] [499b84ac-1321-427f-aa17-267ca6975798/.default offline_access] starting
2026-05-22 15:47:27.294 [info] [aebc6443-996d-45c2-90f0-388ff96faa56] Native Broker enabled: false
2026-05-22 15:47:27.365 [info] [getSessions] [499b84ac-1321-427f-aa17-267ca6975798/.default offline_access] returned 0 session(s)
2026-05-22 15:49:17.945 [info] [getSessions] [all] starting
2026-05-22 15:49:17.945 [info] [getSessions] [all] returned 0 session(s)
2026-05-22 15:49:19.872 [info] [getSessions] [all] starting
2026-05-22 15:49:19.872 [info] [getSessions] [all] returned 0 session(s)
2026-05-22 15:50:00.655 [info] [getSessions] [all] starting
2026-05-22 15:50:00.655 [info] [getSessions] [all] returned 0 session(s)
2026-05-22 15:50:02.266 [info] [getSessions] [all] starting
2026-05-22 15:50:02.266 [info] [getSessions] [all] returned 0 session(s)
2026-05-22 15:50:07.072 [info] [getSessions] [all] starting
2026-05-22 15:50:07.072 [info] [getSessions] [all] returned 0 session(s)
2026-05-22 15:50:07.863 [info] [getSessions] [all] starting
2026-05-22 15:50:07.863 [info] [getSessions] [all] returned 0 session(s)
2026-05-22 15:52:41.674 [info] Microsoft Authentication is deactivating...
2026-05-22 15:52:47.412 [info] [aebc6443-996d-45c2-90f0-388ff96faa56] Native Broker enabled: false
2026-05-22 15:52:47.502 [info] [getSessions] [all] starting
2026-05-22 15:52:47.502 [info] [getSessions] [all] returned 0 session(s)
2026-05-22 15:52:47.502 [info] [getSessions] [all] starting
2026-05-22 15:52:47.502 [info] [getSessions] [all] returned 0 session(s)
2026-05-22 15:52:47.502 [info] [getSessions] [all] starting
2026-05-22 15:52:47.502 [info] [getSessions] [all] returned 0 session(s)
2026-05-22 15:52:47.506 [info] [getSessions] [499b84ac-1321-427f-aa17-267ca6975798/.default offline_access] starting
2026-05-22 15:52:47.506 [info] [aebc6443-996d-45c2-90f0-388ff96faa56] Native Broker enabled: false
2026-05-22 15:52:47.530 [info] [getSessions] [499b84ac-1321-427f-aa17-267ca6975798/.default offline_access] returned 0 session(s)
2026-05-22 15:54:29.799 [info] [getSessions] [all] starting
2026-05-22 15:54:29.799 [info] [getSessions] [all] returned 0 session(s)
2026-05-22 15:54:30.586 [info] [getSessions] [all] starting
2026-05-22 15:54:30.586 [info] [getSessions] [all] returned 0 session(s)
2026-05-22 15:55:01.314 [info] [getSessions] [all] starting
2026-05-22 15:55:01.314 [info] [getSessions] [all] returned 0 session(s)
2026-05-22 15:55:22.283 [info] [getSessions] [all] starting
2026-05-22 15:55:22.283 [info] [getSessions] [all] returned 0 session(s)
2026-05-22 15:56:03.193 [info] [getSessions] [all] starting
2026-05-22 15:56:03.193 [info] [getSessions] [all] returned 0 session(s)
2026-05-22 15:56:04.419 [info] [getSessions] [all] starting
2026-05-22 15:56:04.419 [info] [getSessions] [all] returned 0 session(s)
2026-05-22 15:56:50.512 [info] Microsoft Authentication is deactivating...
2026-05-22 15:56:55.583 [info] [aebc6443-996d-45c2-90f0-388ff96faa56] Native Broker enabled: false
2026-05-22 15:56:55.898 [info] [getSessions] [all] starting
2026-05-22 15:56:55.898 [info] [getSessions] [all] returned 0 session(s)
2026-05-22 15:56:55.898 [info] [getSessions] [all] starting
2026-05-22 15:56:55.898 [info] [getSessions] [all] returned 0 session(s)
2026-05-22 15:56:55.898 [info] [getSessions] [all] starting
2026-05-22 15:56:55.898 [info] [getSessions] [all] returned 0 session(s)
2026-05-22 15:56:55.921 [info] [getSessions] [499b84ac-1321-427f-aa17-267ca6975798/.default offline_access] starting
2026-05-22 15:56:55.921 [info] [aebc6443-996d-45c2-90f0-388ff96faa56] Native Broker enabled: false
2026-05-22 15:56:55.958 [info] [getSessions] [499b84ac-1321-427f-aa17-267ca6975798/.default offline_access] returned 0 session(s)
2026-05-22 15:59:45.835 [info] Microsoft Authentication is deactivating...
2026-05-22 15:59:51.248 [info] [aebc6443-996d-45c2-90f0-388ff96faa56] Native Broker enabled: false
2026-05-22 15:59:51.340 [info] [getSessions] [all] starting
2026-05-22 15:59:51.340 [info] [getSessions] [all] returned 0 session(s)
2026-05-22 15:59:51.340 [info] [getSessions] [all] starting
2026-05-22 15:59:51.340 [info] [getSessions] [all] returned 0 session(s)
2026-05-22 15:59:51.340 [info] [getSessions] [all] starting
2026-05-22 15:59:51.340 [info] [getSessions] [all] returned 0 session(s)
2026-05-22 15:59:51.363 [info] [getSessions] [499b84ac-1321-427f-aa17-267ca6975798/.default offline_access] starting
2026-05-22 15:59:51.363 [info] [aebc6443-996d-45c2-90f0-388ff96faa56] Native Broker enabled: false
2026-05-22 15:59:51.408 [info] [getSessions] [499b84ac-1321-427f-aa17-267ca6975798/.default offline_access] returned 0 session(s)
2026-05-22 16:02:07.242 [info] [getSessions] [all] starting
2026-05-22 16:02:07.242 [info] [getSessions] [all] returned 0 session(s)
2026-05-22 16:03:23.797 [info] [getSessions] [all] starting
2026-05-22 16:03:23.797 [info] [getSessions] [all] returned 0 session(s)
2026-05-22 16:03:27.475 [info] [getSessions] [all] starting
2026-05-22 16:03:27.475 [info] [getSessions] [all] returned 0 session(s)
2026-05-22 16:03:28.416 [info] [getSessions] [all] starting
2026-05-22 16:03:28.416 [info] [getSessions] [all] returned 0 session(s)
2026-05-22 16:03:41.071 [info] Microsoft Authentication is deactivating...
2026-05-22 16:03:46.673 [info] [aebc6443-996d-45c2-90f0-388ff96faa56] Native Broker enabled: false
2026-05-22 16:03:46.699 [info] [getSessions] [all] starting
2026-05-22 16:03:46.699 [info] [getSessions] [all] returned 0 session(s)
2026-05-22 16:03:46.699 [info] [getSessions] [all] starting
2026-05-22 16:03:46.699 [info] [getSessions] [all] returned 0 session(s)
2026-05-22 16:03:46.699 [info] [getSessions] [all] starting
2026-05-22 16:03:46.699 [info] [getSessions] [all] returned 0 session(s)
2026-05-22 16:03:46.701 [info] [getSessions] [499b84ac-1321-427f-aa17-267ca6975798/.default offline_access] starting
2026-05-22 16:03:46.701 [info] [aebc6443-996d-45c2-90f0-388ff96faa56] Native Broker enabled: false
2026-05-22 16:03:46.704 [info] [getSessions] [499b84ac-1321-427f-aa17-267ca6975798/.default offline_access] returned 0 session(s)
2026-05-22 16:05:37.799 [info] Microsoft Authentication is deactivating...
2026-05-22 16:05:43.254 [info] [aebc6443-996d-45c2-90f0-388ff96faa56] Native Broker enabled: false
2026-05-22 16:05:43.275 [info] [getSessions] [all] starting
2026-05-22 16:05:43.275 [info] [getSessions] [all] returned 0 session(s)
2026-05-22 16:05:43.275 [info] [getSessions] [all] starting
2026-05-22 16:05:43.275 [info] [getSessions] [all] returned 0 session(s)
2026-05-22 16:05:43.275 [info] [getSessions] [all] starting
2026-05-22 16:05:43.275 [info] [getSessions] [all] returned 0 session(s)
2026-05-22 16:05:43.277 [info] [getSessions] [499b84ac-1321-427f-aa17-267ca6975798/.default offline_access] starting
2026-05-22 16:05:43.277 [info] [aebc6443-996d-45c2-90f0-388ff96faa56] Native Broker enabled: false
2026-05-22 16:05:43.280 [info] [getSessions] [499b84ac-1321-427f-aa17-267ca6975798/.default offline_access] returned 0 session(s)
2026-05-22 16:08:20.362 [info] Microsoft Authentication is deactivating...
2026-05-22 16:08:25.629 [info] [aebc6443-996d-45c2-90f0-388ff96faa56] Native Broker enabled: false
2026-05-22 16:08:25.636 [info] [getSessions] [all] starting
2026-05-22 16:08:25.636 [info] [getSessions] [all] returned 0 session(s)
2026-05-22 16:08:25.636 [info] [getSessions] [all] starting
2026-05-22 16:08:25.636 [info] [getSessions] [all] returned 0 session(s)
2026-05-22 16:08:25.636 [info] [getSessions] [all] starting
2026-05-22 16:08:25.636 [info] [getSessions] [all] returned 0 session(s)
2026-05-22 16:08:25.637 [info] [getSessions] [499b84ac-1321-427f-aa17-267ca6975798/.default offline_access] starting
2026-05-22 16:08:25.637 [info] [aebc6443-996d-45c2-90f0-388ff96faa56] Native Broker enabled: false
2026-05-22 16:08:25.639 [info] [getSessions] [499b84ac-1321-427f-aa17-267ca6975798/.default offline_access] returned 0 session(s)
2026-05-22 16:27:02.065 [info] Microsoft Authentication is deactivating...
