2026-05-22 23:01:06.350 [info] [main] Log level: Info
2026-05-22 23:01:06.350 [info] [main] Validating found git in: "git"
2026-05-22 23:01:06.350 [info] [main] Using git "2.54.0" from "git"
2026-05-22 23:01:06.350 [info] [Model][doInitialScan] Initial repository scan started
2026-05-22 23:01:06.350 [info] > git rev-parse --show-toplevel [13ms]
2026-05-22 23:01:06.350 [info] fatal: not a git repository (or any parent up to mount point /)
Stopping at filesystem boundary (GIT_DISCOVERY_ACROSS_FILESYSTEM not set).
2026-05-22 23:01:06.350 [info] > git rev-parse --show-toplevel [4ms]
2026-05-22 23:01:06.350 [info] fatal: not a git repository (or any parent up to mount point /)
Stopping at filesystem boundary (GIT_DISCOVERY_ACROSS_FILESYSTEM not set).
2026-05-22 23:01:06.351 [info] > git rev-parse --show-toplevel [2ms]
2026-05-22 23:01:06.351 [info] fatal: not a git repository (or any parent up to mount point /)
Stopping at filesystem boundary (GIT_DISCOVERY_ACROSS_FILESYSTEM not set).
2026-05-22 23:01:06.351 [info] [Model][doInitialScan] Initial repository scan completed - repositories (0), closed repositories (0), parent repositories (0), unsafe repositories (0)
2026-05-22 23:01:06.368 [info] > git rev-parse --show-toplevel [3ms]
2026-05-22 23:01:06.368 [info] fatal: not a git repository (or any parent up to mount point /)
Stopping at filesystem boundary (GIT_DISCOVERY_ACROSS_FILESYSTEM not set).
2026-05-22 23:01:06.957 [info] > git rev-parse --show-toplevel [83ms]
2026-05-22 23:01:06.958 [info] fatal: not a git repository (or any parent up to mount point /)
Stopping at filesystem boundary (GIT_DISCOVERY_ACROSS_FILESYSTEM not set).
2026-05-22 23:01:08.098 [info] > git rev-parse --show-toplevel [1103ms]
2026-05-22 23:01:08.098 [info] fatal: not a git repository (or any parent up to mount point /)
Stopping at filesystem boundary (GIT_DISCOVERY_ACROSS_FILESYSTEM not set).
