2026-05-22 15:47:26.275 [info] To enable debug logging, run "GitLens: Enable Debug Logging" or "Developer: Set Log Level..." from the Command Palette
2026-05-22 15:47:26.275 [info]    [            1] GitLens v17.12.2  activating in Code - OSS (1.119.0) on the desktop; mode=production,language='en', logLevel='info', defaultDateLocale='null' (code-oss|someValue.machineId|someValue.sessionId)
2026-05-22 15:47:26.275 [info]    [            1] GitLens v17.12.2 activated [84ms]
2026-05-22 15:47:26.275 [info]    [   70 →    71] GlCliGitProvider.findGit Git (2.54.0) found in /usr/bin/git [61ms]
2026-05-22 15:47:26.275 [info]    [   70 →    90] GlCliGitProvider.repositorySearch(/home/corpxe/Desktop/IIT-ds/Stats) searching (depth=1)...
2026-05-22 15:47:26.275 [error]   [GIT          ] [/home/corpxe/Desktop/IIT-ds/Stats] git rev-parse --show-toplevel --git-dir --git-common-dir --show-superproject-working-tree · not a git repository (or any parent up to mount point /) · Stopping at filesystem boundary (GIT_DISCOVERY_ACROSS_FILESYSTEM not set). [140ms]
2026-05-22 15:47:27.104 [info]    [IPC          ] Server started on http://127.0.0.1:39559
2026-05-22 15:47:37.778 [error]   [GIT          ] [/home/corpxe/Desktop/IIT-ds] git rev-parse --show-toplevel --git-dir --git-common-dir --show-superproject-working-tree · not a git repository (or any parent up to mount point /) · Stopping at filesystem boundary (GIT_DISCOVERY_ACROSS_FILESYSTEM not set). [380ms]
2026-05-22 15:52:47.398 [info] To enable debug logging, run "GitLens: Enable Debug Logging" or "Developer: Set Log Level..." from the Command Palette
2026-05-22 15:52:47.398 [info]    [            1] GitLens v17.12.2  activating in Code - OSS (1.119.0) on the desktop; mode=production,language='en', logLevel='info', defaultDateLocale='null' (code-oss|someValue.machineId|someValue.sessionId)
2026-05-22 15:52:47.398 [info]    [            1] GitLens v17.12.2 activated [91ms]
2026-05-22 15:52:47.398 [info]    [   70 →    71] GlCliGitProvider.findGit Git (2.54.0) found in /usr/bin/git [184ms]
2026-05-22 15:52:47.398 [info]    [   70 →    97] GlCliGitProvider.repositorySearch(/home/corpxe/Desktop/IIT-ds/Stats) searching (depth=1)...
2026-05-22 15:52:47.398 [error]   [GIT          ] [/home/corpxe/Desktop/IIT-ds/Stats] git rev-parse --show-toplevel --git-dir --git-common-dir --show-superproject-working-tree · not a git repository (or any parent up to mount point /) · Stopping at filesystem boundary (GIT_DISCOVERY_ACROSS_FILESYSTEM not set). [70ms]
2026-05-22 15:52:47.444 [error]   [GIT          ] [/home/corpxe/Desktop/IIT-ds] git rev-parse --show-toplevel --git-dir --git-common-dir --show-superproject-working-tree · not a git repository (or any parent up to mount point /) · Stopping at filesystem boundary (GIT_DISCOVERY_ACROSS_FILESYSTEM not set). [26ms]
2026-05-22 15:52:47.494 [info]    [IPC          ] Server started on http://127.0.0.1:45645
2026-05-22 15:55:16.775 [error]   [GIT          ] [/home/corpxe/Desktop/IIT-ds] git rev-parse --show-toplevel --git-dir --git-common-dir --show-superproject-working-tree · not a git repository (or any parent up to mount point /) · Stopping at filesystem boundary (GIT_DISCOVERY_ACROSS_FILESYSTEM not set). [10ms]
2026-05-22 15:56:55.919 [info] To enable debug logging, run "GitLens: Enable Debug Logging" or "Developer: Set Log Level..." from the Command Palette
2026-05-22 15:56:55.919 [info]    [            1] GitLens v17.12.2  activating in Code - OSS (1.119.0) on the desktop; mode=production,language='en', logLevel='info', defaultDateLocale='null' (code-oss|someValue.machineId|someValue.sessionId)
2026-05-22 15:56:55.919 [info]    [            1] GitLens v17.12.2 activated [87ms]
2026-05-22 15:56:55.919 [info]    [   70 →    71] GlCliGitProvider.findGit Git (2.54.0) found in /usr/bin/git [132ms]
2026-05-22 15:56:55.919 [info]    [   70 →    97] GlCliGitProvider.repositorySearch(/home/corpxe/Desktop/IIT-ds/Stats) searching (depth=1)...
2026-05-22 15:56:55.919 [error]   [GIT          ] [/home/corpxe/Desktop/IIT-ds/Stats] git rev-parse --show-toplevel --git-dir --git-common-dir --show-superproject-working-tree · not a git repository (or any parent up to mount point /) · Stopping at filesystem boundary (GIT_DISCOVERY_ACROSS_FILESYSTEM not set). [84ms]
2026-05-22 15:56:55.945 [error]   [GIT          ] [/home/corpxe/Desktop/IIT-ds] git rev-parse --show-toplevel --git-dir --git-common-dir --show-superproject-working-tree · not a git repository (or any parent up to mount point /) · Stopping at filesystem boundary (GIT_DISCOVERY_ACROSS_FILESYSTEM not set). [22ms]
2026-05-22 15:56:55.987 [info]    [IPC          ] Server started on http://127.0.0.1:34117
2026-05-22 15:57:34.687 [error]   [GIT          ] [/home/corpxe/Desktop/IIT-ds] git rev-parse --show-toplevel --git-dir --git-common-dir --show-superproject-working-tree · not a git repository (or any parent up to mount point /) · Stopping at filesystem boundary (GIT_DISCOVERY_ACROSS_FILESYSTEM not set). [12ms]
2026-05-22 15:59:51.241 [info] To enable debug logging, run "GitLens: Enable Debug Logging" or "Developer: Set Log Level..." from the Command Palette
2026-05-22 15:59:51.241 [info]    [            1] GitLens v17.12.2  activating in Code - OSS (1.119.0) on the desktop; mode=production,language='en', logLevel='info', defaultDateLocale='null' (code-oss|someValue.machineId|someValue.sessionId)
2026-05-22 15:59:51.241 [info]    [            1] GitLens v17.12.2 activated [82ms]
2026-05-22 15:59:51.241 [info]    [   70 →    71] GlCliGitProvider.findGit Git (2.54.0) found in /usr/bin/git [129ms]
2026-05-22 15:59:51.241 [info]    [   70 →    97] GlCliGitProvider.repositorySearch(/home/corpxe/Desktop/IIT-ds/Stats) searching (depth=1)...
2026-05-22 15:59:51.241 [error]   [GIT          ] [/home/corpxe/Desktop/IIT-ds/Stats] git rev-parse --show-toplevel --git-dir --git-common-dir --show-superproject-working-tree · not a git repository (or any parent up to mount point /) · Stopping at filesystem boundary (GIT_DISCOVERY_ACROSS_FILESYSTEM not set). [85ms]
2026-05-22 15:59:51.278 [error]   [GIT          ] [/home/corpxe/Desktop/IIT-ds] git rev-parse --show-toplevel --git-dir --git-common-dir --show-superproject-working-tree · not a git repository (or any parent up to mount point /) · Stopping at filesystem boundary (GIT_DISCOVERY_ACROSS_FILESYSTEM not set). [25ms]
2026-05-22 15:59:51.333 [info]    [IPC          ] Server started on http://127.0.0.1:45053
2026-05-22 16:03:46.259 [info] To enable debug logging, run "GitLens: Enable Debug Logging" or "Developer: Set Log Level..." from the Command Palette
2026-05-22 16:03:46.259 [info]    [            1] GitLens v17.12.2  activating in Code - OSS (1.119.0) on the desktop; mode=production,language='en', logLevel='info', defaultDateLocale='null' (code-oss|someValue.machineId|someValue.sessionId)
2026-05-22 16:03:46.259 [info]    [            1] GitLens v17.12.2 activated [88ms]
2026-05-22 16:03:46.259 [info]    [   70 →    71] GlCliGitProvider.findGit Git (2.54.0) found in /usr/bin/git [55ms]
2026-05-22 16:03:46.259 [info]    [   70 →    97] GlCliGitProvider.repositorySearch(/home/corpxe/Desktop/IIT-ds/Stats) searching (depth=1)...
2026-05-22 16:03:46.259 [error]   [GIT          ] [/home/corpxe/Desktop/IIT-ds/Stats] git rev-parse --show-toplevel --git-dir --git-common-dir --show-superproject-working-tree · not a git repository (or any parent up to mount point /) · Stopping at filesystem boundary (GIT_DISCOVERY_ACROSS_FILESYSTEM not set). [55ms]
2026-05-22 16:03:46.259 [warning] [   9c →    9f] GlCliGitProvider.repositorySearchCore(root=/home/corpxe/Desktop/IIT-ds/Stats/.venv, depth=0) returned [] [*1796ms] (slow)
2026-05-22 16:03:46.259 [warning] [   97 →    9c] GlCliGitProvider.repositorySearchCore(root=/home/corpxe/Desktop/IIT-ds/Stats, depth=1) returned [] [*1834ms] (slow)
2026-05-22 16:03:46.259 [warning] [   70 →    97] GlCliGitProvider.repositorySearch(/home/corpxe/Desktop/IIT-ds/Stats) returned 0 repositories  [*1893ms] (slow)
2026-05-22 16:03:46.259 [warning] [   6f →    70] GlCliGitProvider.discoverRepositories(e=Uri(file:///home/corpxe/Desktop/IIT-ds/Stats)) returned [] [*1949ms] (slow)
2026-05-22 16:03:46.259 [warning] [   6e →    6f] GitProviderService.discoverRepositoriesCore(e=WorkspaceFolder(Stats, index=0, file:///home/corpxe/Desktop/IIT-ds/Stats)) returned [] [*1950ms] (slow)
2026-05-22 16:03:46.259 [warning] [   6d →    6e] GitProviderService.discoverRepositories(folders=1) completed [*1950ms] (slow)
2026-05-22 16:03:46.259 [warning] [   44 →    6d] GitProviderService.registrationComplete completed • repositories=0, workspaceFolders=1, git.autoRepositoryDetection=true [*1952ms] (slow)
2026-05-22 16:03:46.259 [warning] [   95 →    9d] Storage.getSecret completed [*1875ms] (slow)
2026-05-22 16:03:46.259 [warning] [   93 →    95] GitHubAuthenticationProvider.getSession(e={"domain":"github.com","scopes":["repo","read:user","user:email"]}, t={"createIfNeeded":false,"source":"integrations"}) completed [*1950ms] (slow)
2026-05-22 16:03:46.591 [warning] [    c →     d] ServerConnection.fetch(url=https://configs.gitkraken.dev/gitlens/product.json, options=undefined) completed [*2519ms] (slow)
2026-05-22 16:03:46.591 [warning] [    b →     c] ServerConnection.fetchGkConfig(path=product.json, options=undefined) completed [*2519ms] (slow)
2026-05-22 16:03:46.595 [error]   [GIT          ] [/home/corpxe/Desktop/IIT-ds] git rev-parse --show-toplevel --git-dir --git-common-dir --show-superproject-working-tree · not a git repository (or any parent up to mount point /) · Stopping at filesystem boundary (GIT_DISCOVERY_ACROSS_FILESYSTEM not set). [187ms]
2026-05-22 16:03:46.596 [warning] [   79 →    7a] GitProviderService.getOrOpenRepository(e=Uri(file:///home/corpxe/Desktop/IIT-ds/Graphs.py)) returned undefined [*2467ms] (slow)
2026-05-22 16:03:46.596 [warning] [   78 →    79] GitUri.fromUri(e=Uri(file:///home/corpxe/Desktop/IIT-ds/Graphs.py)) returned GitUri(file:///home/corpxe/Desktop/IIT-ds/Graphs.py) [*2468ms] (slow)
2026-05-22 16:03:46.596 [warning] [   77 →    78] TrackedGitDocument(TextDocument(python, dirty=false, file:///home/corpxe/Desktop/IIT-ds/Graphs.py)).initialize(e=true) completed [*2468ms] (slow)
2026-05-22 16:03:46.596 [warning] [   8c →    8d] GitDocumentTracker.get(e=TextDocument(python, dirty=false, file:///home/corpxe/Desktop/IIT-ds/Graphs.py)) completed [*2439ms] (slow)
2026-05-22 16:03:46.597 [warning] [   76 →    77] GitDocumentTracker.addCore(e=TextDocument(python, dirty=false, file:///home/corpxe/Desktop/IIT-ds/Graphs.py), t=true) completed [*2469ms] (slow)
2026-05-22 16:03:46.598 [warning] [   7d →    8c] LineTracker.updateState(selections=22, editor=TextEditor(1, file:///home/corpxe/Desktop/IIT-ds/Graphs.py [22:0-22:0])) returned false • document is not blameable [*2439ms] (slow)
2026-05-22 16:03:46.636 [warning] [   76 →    93] GitHubIntegration.isConnected returned false [*2476ms] (slow)
2026-05-22 16:03:46.638 [info]    [IPC          ] Server started on http://127.0.0.1:40847
2026-05-22 16:05:42.928 [info] To enable debug logging, run "GitLens: Enable Debug Logging" or "Developer: Set Log Level..." from the Command Palette
2026-05-22 16:05:42.928 [info]    [            1] GitLens v17.12.2  activating in Code - OSS (1.119.0) on the desktop; mode=production,language='en', logLevel='info', defaultDateLocale='null' (code-oss|someValue.machineId|someValue.sessionId)
2026-05-22 16:05:42.928 [info]    [            1] GitLens v17.12.2 activated [91ms]
2026-05-22 16:05:42.928 [info]    [   70 →    71] GlCliGitProvider.findGit Git (2.54.0) found in /usr/bin/git [81ms]
2026-05-22 16:05:42.928 [info]    [   70 →    97] GlCliGitProvider.repositorySearch(/home/corpxe/Desktop/IIT-ds/Stats) searching (depth=1)...
2026-05-22 16:05:42.928 [error]   [GIT          ] [/home/corpxe/Desktop/IIT-ds/Stats] git rev-parse --show-toplevel --git-dir --git-common-dir --show-superproject-working-tree · not a git repository (or any parent up to mount point /) · Stopping at filesystem boundary (GIT_DISCOVERY_ACROSS_FILESYSTEM not set). [45ms]
2026-05-22 16:05:42.928 [warning] [            5] Storage.store(key=onboarding:state) completed [*2004ms] (slow)
2026-05-22 16:05:42.928 [warning] [    b →     e] Storage.store(key=premium:subscription) completed [*1994ms] (slow)
2026-05-22 16:05:42.928 [warning] [   89 →    8a] Storage.store(key=version) completed [*1918ms] (slow)
2026-05-22 16:05:42.928 [warning] [   95 →    9e] Storage.getSecret completed [*1823ms] (slow)
2026-05-22 16:05:42.928 [warning] [   93 →    95] GitHubAuthenticationProvider.getSession(e={"domain":"github.com","scopes":["repo","read:user","user:email"]}, t={"createIfNeeded":false,"source":"integrations"}) completed [*1913ms] (slow)
2026-05-22 16:05:42.928 [warning] [   97 →    9d] GlCliGitProvider.repositorySearchCore(root=/home/corpxe/Desktop/IIT-ds/Stats, depth=1) returned [] [*1995ms] (slow)
2026-05-22 16:05:42.928 [warning] [   70 →    97] GlCliGitProvider.repositorySearch(/home/corpxe/Desktop/IIT-ds/Stats) returned 0 repositories  [*2043ms] (slow)
2026-05-22 16:05:42.928 [warning] [   6f →    70] GlCliGitProvider.discoverRepositories(e=Uri(file:///home/corpxe/Desktop/IIT-ds/Stats)) returned [] [*2126ms] (slow)
2026-05-22 16:05:42.928 [warning] [   6e →    6f] GitProviderService.discoverRepositoriesCore(e=WorkspaceFolder(Stats, index=0, file:///home/corpxe/Desktop/IIT-ds/Stats)) returned [] [*2126ms] (slow)
2026-05-22 16:05:42.928 [warning] [   6d →    6e] GitProviderService.discoverRepositories(folders=1) completed [*2127ms] (slow)
2026-05-22 16:05:42.928 [warning] [   44 →    6d] GitProviderService.registrationComplete completed • repositories=0, workspaceFolders=1, git.autoRepositoryDetection=true [*2129ms] (slow)
2026-05-22 16:05:43.190 [error]   [GIT          ] [/home/corpxe/Desktop/IIT-ds] git rev-parse --show-toplevel --git-dir --git-common-dir --show-superproject-working-tree · not a git repository (or any parent up to mount point /) · Stopping at filesystem boundary (GIT_DISCOVERY_ACROSS_FILESYSTEM not set). [41ms]
2026-05-22 16:05:43.191 [warning] [   79 →    7a] GitProviderService.getOrOpenRepository(e=Uri(file:///home/corpxe/Desktop/IIT-ds/Graphs.py)) returned undefined [*2452ms] (slow)
2026-05-22 16:05:43.191 [warning] [   78 →    79] GitUri.fromUri(e=Uri(file:///home/corpxe/Desktop/IIT-ds/Graphs.py)) returned GitUri(file:///home/corpxe/Desktop/IIT-ds/Graphs.py) [*2453ms] (slow)
2026-05-22 16:05:43.191 [warning] [   77 →    78] TrackedGitDocument(TextDocument(python, dirty=false, file:///home/corpxe/Desktop/IIT-ds/Graphs.py)).initialize(e=true) completed [*2453ms] (slow)
2026-05-22 16:05:43.191 [warning] [   8c →    8d] GitDocumentTracker.get(e=TextDocument(python, dirty=false, file:///home/corpxe/Desktop/IIT-ds/Graphs.py)) completed [*2418ms] (slow)
2026-05-22 16:05:43.191 [warning] [   76 →    77] GitDocumentTracker.addCore(e=TextDocument(python, dirty=false, file:///home/corpxe/Desktop/IIT-ds/Graphs.py), t=true) completed [*2454ms] (slow)
2026-05-22 16:05:43.192 [warning] [   7d →    8c] LineTracker.updateState(selections=22, editor=TextEditor(1, file:///home/corpxe/Desktop/IIT-ds/Graphs.py [22:0-22:0])) returned false • document is not blameable [*2418ms] (slow)
2026-05-22 16:05:43.210 [warning] [    c →     d] ServerConnection.fetch(url=https://configs.gitkraken.dev/gitlens/product.json, options=undefined) completed [*2525ms] (slow)
2026-05-22 16:05:43.211 [warning] [    b →     c] ServerConnection.fetchGkConfig(path=product.json, options=undefined) completed [*2526ms] (slow)
2026-05-22 16:05:43.213 [warning] [   76 →    93] GitHubIntegration.isConnected returned false [*2438ms] (slow)
2026-05-22 16:05:43.223 [info]    [IPC          ] Server started on http://127.0.0.1:46655
2026-05-22 16:08:25.486 [info] To enable debug logging, run "GitLens: Enable Debug Logging" or "Developer: Set Log Level..." from the Command Palette
2026-05-22 16:08:25.486 [info]    [            1] GitLens v17.12.2  activating in Code - OSS (1.119.0) on the desktop; mode=production,language='en', logLevel='info', defaultDateLocale='null' (code-oss|someValue.machineId|someValue.sessionId)
2026-05-22 16:08:25.486 [info]    [            1] GitLens v17.12.2 activated [76ms]
2026-05-22 16:08:25.486 [info]    [   70 →    71] GlCliGitProvider.findGit Git (2.54.0) found in /usr/bin/git [146ms]
2026-05-22 16:08:25.486 [info]    [   70 →    90] GlCliGitProvider.repositorySearch(/home/corpxe/Desktop/IIT-ds/Stats) searching (depth=1)...
2026-05-22 16:08:25.486 [error]   [GIT          ] [/home/corpxe/Desktop/IIT-ds/Stats] git rev-parse --show-toplevel --git-dir --git-common-dir --show-superproject-working-tree · not a git repository (or any parent up to mount point /) · Stopping at filesystem boundary (GIT_DISCOVERY_ACROSS_FILESYSTEM not set). [115ms]
2026-05-22 16:08:25.624 [info]    [IPC          ] Server started on http://127.0.0.1:38345
