2026-05-22 23:01:04.145 [info] Reading sessions from keychain...
2026-05-22 23:01:04.145 [info] Getting sessions for all scopes...
2026-05-22 23:01:04.145 [info] Got stored sessions!
2026-05-22 23:01:04.145 [info] Got 1 verified sessions.
2026-05-22 23:01:04.145 [info] Got 1 sessions for ...
2026-05-22 23:01:04.145 [info] Getting sessions for all scopes...
2026-05-22 23:01:04.145 [info] Got 1 sessions for ...
2026-05-22 23:01:04.145 [info] Getting sessions for all scopes...
2026-05-22 23:01:04.145 [info] Got 1 sessions for ...
2026-05-22 23:01:04.145 [info] Getting sessions for all scopes...
2026-05-22 23:01:04.145 [info] Got 1 sessions for ...
2026-05-22 23:01:04.145 [info] Getting sessions for all scopes...
2026-05-22 23:01:04.145 [info] Got 1 sessions for ...
2026-05-22 23:01:04.145 [info] Getting sessions for all scopes...
2026-05-22 23:01:04.145 [info] Got 1 sessions for ...
2026-05-22 23:01:04.656 [info] Getting sessions for all scopes...
2026-05-22 23:01:04.656 [info] Got 1 sessions for ...
2026-05-22 23:01:06.021 [info] Getting sessions for all scopes...
2026-05-22 23:01:06.021 [info] Got 1 sessions for ...
2026-05-22 23:01:06.021 [info] Getting sessions for all scopes...
2026-05-22 23:01:06.021 [info] Got 1 sessions for ...
2026-05-22 23:01:06.023 [info] Getting sessions for all scopes...
2026-05-22 23:01:06.023 [info] Got 1 sessions for ...
2026-05-22 23:01:06.080 [info] Getting sessions for all scopes...
2026-05-22 23:01:06.080 [info] Got 1 sessions for ...
2026-05-22 23:01:06.153 [info] Getting sessions for all scopes...
2026-05-22 23:01:06.153 [info] Got 1 sessions for ...
2026-05-22 23:01:06.153 [info] Getting sessions for all scopes...
2026-05-22 23:01:06.153 [info] Got 1 sessions for ...
2026-05-22 23:01:06.276 [info] Getting sessions for all scopes...
2026-05-22 23:01:06.276 [info] Got 1 sessions for ...
2026-05-22 23:01:06.305 [info] Getting sessions for all scopes...
2026-05-22 23:01:06.305 [info] Got 1 sessions for ...
2026-05-22 23:01:06.449 [info] Getting sessions for read:user,repo,user:email,workflow...
2026-05-22 23:01:06.449 [info] Got 1 sessions for read:user,repo,user:email,workflow...
2026-05-22 23:01:06.985 [info] Getting sessions for all scopes...
2026-05-22 23:01:06.985 [info] Got 1 sessions for ...
2026-05-22 23:01:06.986 [info] Getting sessions for all scopes...
2026-05-22 23:01:06.986 [info] Got 1 sessions for ...
2026-05-22 23:01:08.369 [info] Getting sessions for all scopes...
2026-05-22 23:01:08.369 [info] Got 1 sessions for ...
2026-05-22 23:01:08.437 [info] Getting sessions for read:user,repo,user:email...
2026-05-22 23:01:08.437 [info] Got 0 sessions for read:user,repo,user:email...
2026-05-22 23:01:08.449 [info] Getting sessions for read:user,repo,user:email,workflow...
2026-05-22 23:01:08.449 [info] Got 1 sessions for read:user,repo,user:email,workflow...
2026-05-22 23:01:09.238 [info] Getting sessions for all scopes...
2026-05-22 23:01:09.238 [info] Got 1 sessions for ...
2026-05-22 23:01:09.239 [info] Getting sessions for read:user,repo,user:email,workflow...
2026-05-22 23:01:09.239 [info] Got 1 sessions for read:user,repo,user:email,workflow...
