2026-05-23 21:12:29.490 [warning] Dir "/home/corpxe/Desktop/IIT-ds/Stats/.pixi/envs" is not watchable (directory does not exist)
2026-05-23 21:12:29.871 [info] Python interpreter path: ./.venv/bin/python
2026-05-23 21:12:29.984 [info] > pyenv which python
2026-05-23 21:12:29.984 [info] cwd: .
2026-05-23 21:12:33.965 [info] Starting Jedi language server for Stats.
2026-05-23 21:12:34.725 [info] > conda info --json
2026-05-23 21:12:35.199 [info] > . ./.venv/bin/activate && echo 'e8b39361-0157-4923-80e1-22d70d46dee6' && python ~/.vscode-oss/extensions/ms-python.python-2026.4.0-universal/python_files/printEnvVariables.py
2026-05-23 21:12:35.199 [info] shell: bash
2026-05-23 21:12:35.212 [info] > . ./.venv/bin/activate && echo 'e8b39361-0157-4923-80e1-22d70d46dee6' && python ~/.vscode-oss/extensions/ms-python.python-2026.4.0-universal/python_files/printEnvVariables.py
2026-05-23 21:12:35.212 [info] shell: bash
2026-05-23 21:14:36.631 [info] Starting Environment refresh
2026-05-23 21:14:36.632 [info] Searching for interpreters in posix paths locator
2026-05-23 21:14:36.633 [info] Searching for pyenv environments
2026-05-23 21:14:36.633 [info] Searching for conda environments
2026-05-23 21:14:36.634 [info] Searching for global virtual environments
2026-05-23 21:14:36.634 [info] Searching for custom virtual environments
2026-05-23 21:14:36.652 [info] > hatch env show --json
2026-05-23 21:14:36.652 [info] cwd: .
2026-05-23 21:14:36.655 [info] pyenv is not installed
2026-05-23 21:14:36.656 [info] Finished searching for pyenv environments: 23 milliseconds
2026-05-23 21:14:36.656 [info] Finished searching for custom virtual envs: 23 milliseconds
2026-05-23 21:14:36.661 [info] Finished searching for global virtual envs: 28 milliseconds
2026-05-23 21:14:36.677 [info] Found: /bin/python --> /bin/python3.14
2026-05-23 21:14:36.679 [info] Found: /bin/python3 --> /bin/python3.14
2026-05-23 21:14:36.680 [info] Found: /bin/python3.14 --> /bin/python3.14
2026-05-23 21:14:36.699 [info] > ./.venv/bin/python -I ~/.vscode-oss/extensions/ms-python.python-2026.4.0-universal/python_files/get_output_via_markers.py ~/.vscode-oss/extensions/ms-python.python-2026.4.0-universal/python_files/interpreterInfo.py
2026-05-23 21:14:36.755 [info] Found: /sbin/python --> /sbin/python3.14
2026-05-23 21:14:36.755 [info] Found: /sbin/python3 --> /sbin/python3.14
2026-05-23 21:14:36.755 [info] Found: /sbin/python3.14 --> /sbin/python3.14
2026-05-23 21:14:36.765 [info] Found: /usr/bin/python --> /usr/bin/python3.14
2026-05-23 21:14:36.766 [info] Found: /usr/bin/python3 --> /usr/bin/python3.14
2026-05-23 21:14:36.766 [info] Found: /usr/bin/python3.14 --> /usr/bin/python3.14
2026-05-23 21:14:36.811 [info] Found: /usr/sbin/python --> /usr/sbin/python3.14
2026-05-23 21:14:36.811 [info] Found: /usr/sbin/python3 --> /usr/sbin/python3.14
2026-05-23 21:14:36.811 [info] Found: /usr/sbin/python3.14 --> /usr/sbin/python3.14
2026-05-23 21:14:36.834 [info] > /bin/python -I ~/.vscode-oss/extensions/ms-python.python-2026.4.0-universal/python_files/get_output_via_markers.py ~/.vscode-oss/extensions/ms-python.python-2026.4.0-universal/python_files/interpreterInfo.py
2026-05-23 21:14:36.852 [info] > /sbin/python -I ~/.vscode-oss/extensions/ms-python.python-2026.4.0-universal/python_files/get_output_via_markers.py ~/.vscode-oss/extensions/ms-python.python-2026.4.0-universal/python_files/interpreterInfo.py
2026-05-23 21:14:36.860 [info] Finished searching for interpreters in posix paths locator: 230 milliseconds
2026-05-23 21:14:36.868 [info] Environments refresh paths discovered (event): 238 milliseconds
2026-05-23 21:14:36.868 [info] Environments refresh paths discovered: 239 milliseconds
2026-05-23 21:14:36.900 [info] > /usr/bin/python -I ~/.vscode-oss/extensions/ms-python.python-2026.4.0-universal/python_files/get_output_via_markers.py ~/.vscode-oss/extensions/ms-python.python-2026.4.0-universal/python_files/interpreterInfo.py
2026-05-23 21:14:36.927 [info] > /usr/sbin/python -I ~/.vscode-oss/extensions/ms-python.python-2026.4.0-universal/python_files/get_output_via_markers.py ~/.vscode-oss/extensions/ms-python.python-2026.4.0-universal/python_files/interpreterInfo.py
2026-05-23 21:14:36.982 [info] Environments refresh finished (event): 353 milliseconds
2026-05-23 21:14:37.005 [info] Environment refresh took 376 milliseconds
